{"C:\\Users\\ruthe\\.gemini\\antigravity\\scratch\\jnconta\\api\\src\\accounts.controller.ts": {"path":"C:\\Users\\ruthe\\.gemini\\antigravity\\scratch\\jnconta\\api\\src\\accounts.controller.ts","statementMap":{"0":{"start":{"line":1,"column":0},"end":{"line":1,"column":88}},"1":{"start":{"line":2,"column":0},"end":{"line":2,"column":49}},"2":{"start":{"line":6,"column":7},"end":{"line":47,"column":null}},"3":{"start":{"line":7,"column":22},"end":{"line":7,"column":30}},"4":{"start":{"line":11,"column":4},"end":{"line":15,"column":7}},"5":{"start":{"line":20,"column":4},"end":{"line":20,"column":48}},"6":{"start":{"line":25,"column":4},"end":{"line":34,"column":5}},"7":{"start":{"line":26,"column":6},"end":{"line":33,"column":9}},"8":{"start":{"line":32,"column":8},"end":{"line":32,"column":52}},"9":{"start":{"line":35,"column":4},"end":{"line":35,"column":29}},"10":{"start":{"line":40,"column":4},"end":{"line":40,"column":63}},"11":{"start":{"line":45,"column":4},"end":{"line":45,"column":57}},"12":{"start":{"line":6,"column":13},"end":{"line":6,"column":31}},"13":{"start":{"line":10,"column":2},"end":{"line":16,"column":null}},"14":{"start":{"line":19,"column":2},"end":{"line":21,"column":null}},"15":{"start":{"line":24,"column":8},"end":{"line":36,"column":null}},"16":{"start":{"line":39,"column":2},"end":{"line":41,"column":null}},"17":{"start":{"line":44,"column":2},"end":{"line":46,"column":null}},"18":{"start":{"line":6,"column":13},"end":{"line":47,"column":null}}},"fnMap":{"0":{"name":"(anonymous_4)","decl":{"start":{"line":7,"column":2},"end":{"line":7,"column":22}},"loc":{"start":{"line":7,"column":43},"end":{"line":7,"column":47}}},"1":{"name":"(anonymous_5)","decl":{"start":{"line":10,"column":2},"end":{"line":10,"column":9}},"loc":{"start":{"line":10,"column":47},"end":{"line":16,"column":3}}},"2":{"name":"(anonymous_6)","decl":{"start":{"line":19,"column":2},"end":{"line":19,"column":8}},"loc":{"start":{"line":19,"column":154},"end":{"line":21,"column":3}}},"3":{"name":"(anonymous_7)","decl":{"start":{"line":24,"column":2},"end":{"line":24,"column":7}},"loc":{"start":{"line":24,"column":67},"end":{"line":36,"column":3}}},"4":{"name":"(anonymous_8)","decl":{"start":{"line":30,"column":15},"end":{"line":30,"column":18}},"loc":{"start":{"line":30,"column":20},"end":{"line":33,"column":7}}},"5":{"name":"(anonymous_9)","decl":{"start":{"line":39,"column":2},"end":{"line":39,"column":8}},"loc":{"start":{"line":39,"column":103},"end":{"line":41,"column":3}}},"6":{"name":"(anonymous_10)","decl":{"start":{"line":44,"column":2},"end":{"line":44,"column":8}},"loc":{"start":{"line":44,"column":32},"end":{"line":46,"column":3}}}},"branchMap":{"0":{"loc":{"start":{"line":27,"column":21},"end":{"line":27,"column":36}},"type":"binary-expr","locations":[{"start":{"line":27,"column":21},"end":{"line":27,"column":27}},{"start":{"line":27,"column":31},"end":{"line":27,"column":36}}]}},"s":{"0":0,"1":0,"2":0,"3":0,"4":0,"5":0,"6":0,"7":0,"8":0,"9":0,"10":0,"11":0,"12":0,"13":0,"14":0,"15":0,"16":0,"17":0,"18":0},"f":{"0":0,"1":0,"2":0,"3":0,"4":0,"5":0,"6":0},"b":{"0":[0,0]}}
,"C:\\Users\\ruthe\\.gemini\\antigravity\\scratch\\jnconta\\api\\src\\app.module.ts": {"path":"C:\\Users\\ruthe\\.gemini\\antigravity\\scratch\\jnconta\\api\\src\\app.module.ts","statementMap":{"0":{"start":{"line":1,"column":0},"end":{"line":1,"column":40}},"1":{"start":{"line":2,"column":0},"end":{"line":2,"column":41}},"2":{"start":{"line":3,"column":0},"end":{"line":3,"column":41}},"3":{"start":{"line":4,"column":0},"end":{"line":4,"column":44}},"4":{"start":{"line":5,"column":0},"end":{"line":5,"column":49}},"5":{"start":{"line":6,"column":0},"end":{"line":6,"column":43}},"6":{"start":{"line":7,"column":0},"end":{"line":7,"column":56}},"7":{"start":{"line":8,"column":0},"end":{"line":8,"column":68}},"8":{"start":{"line":9,"column":0},"end":{"line":9,"column":50}},"9":{"start":{"line":10,"column":0},"end":{"line":10,"column":53}},"10":{"start":{"line":11,"column":0},"end":{"line":11,"column":47}},"11":{"start":{"line":12,"column":0},"end":{"line":12,"column":55}},"12":{"start":{"line":13,"column":0},"end":{"line":13,"column":51}},"13":{"start":{"line":14,"column":0},"end":{"line":14,"column":58}},"14":{"start":{"line":15,"column":0},"end":{"line":15,"column":62}},"15":{"start":{"line":16,"column":0},"end":{"line":16,"column":59}},"16":{"start":{"line":17,"column":0},"end":{"line":17,"column":59}},"17":{"start":{"line":18,"column":0},"end":{"line":18,"column":59}},"18":{"start":{"line":19,"column":0},"end":{"line":19,"column":57}},"19":{"start":{"line":20,"column":0},"end":{"line":20,"column":61}},"20":{"start":{"line":21,"column":0},"end":{"line":21,"column":59}},"21":{"start":{"line":22,"column":0},"end":{"line":22,"column":53}},"22":{"start":{"line":23,"column":0},"end":{"line":23,"column":53}},"23":{"start":{"line":24,"column":0},"end":{"line":24,"column":57}},"24":{"start":{"line":25,"column":0},"end":{"line":25,"column":55}},"25":{"start":{"line":26,"column":0},"end":{"line":26,"column":57}},"26":{"start":{"line":27,"column":0},"end":{"line":27,"column":61}},"27":{"start":{"line":28,"column":0},"end":{"line":28,"column":51}},"28":{"start":{"line":29,"column":0},"end":{"line":29,"column":56}},"29":{"start":{"line":30,"column":0},"end":{"line":30,"column":64}},"30":{"start":{"line":31,"column":0},"end":{"line":31,"column":59}},"31":{"start":{"line":32,"column":0},"end":{"line":32,"column":71}},"32":{"start":{"line":33,"column":0},"end":{"line":33,"column":51}},"33":{"start":{"line":34,"column":0},"end":{"line":34,"column":63}},"34":{"start":{"line":35,"column":0},"end":{"line":35,"column":53}},"35":{"start":{"line":36,"column":0},"end":{"line":36,"column":55}},"36":{"start":{"line":37,"column":0},"end":{"line":37,"column":49}},"37":{"start":{"line":38,"column":0},"end":{"line":38,"column":84}},"38":{"start":{"line":39,"column":0},"end":{"line":39,"column":61}},"39":{"start":{"line":40,"column":0},"end":{"line":40,"column":49}},"40":{"start":{"line":41,"column":0},"end":{"line":41,"column":58}},"41":{"start":{"line":42,"column":0},"end":{"line":42,"column":59}},"42":{"start":{"line":43,"column":0},"end":{"line":43,"column":57}},"43":{"start":{"line":44,"column":0},"end":{"line":44,"column":51}},"44":{"start":{"line":45,"column":0},"end":{"line":45,"column":61}},"45":{"start":{"line":46,"column":0},"end":{"line":46,"column":59}},"46":{"start":{"line":47,"column":0},"end":{"line":47,"column":61}},"47":{"start":{"line":48,"column":0},"end":{"line":48,"column":49}},"48":{"start":{"line":49,"column":0},"end":{"line":49,"column":42}},"49":{"start":{"line":107,"column":7},"end":{"line":107,"column":null}},"50":{"start":{"line":107,"column":13},"end":{"line":107,"column":22}},"51":{"start":{"line":107,"column":13},"end":{"line":107,"column":null}}},"fnMap":{},"branchMap":{},"s":{"0":0,"1":0,"2":0,"3":0,"4":0,"5":0,"6":0,"7":0,"8":0,"9":0,"10":0,"11":0,"12":0,"13":0,"14":0,"15":0,"16":0,"17":0,"18":0,"19":0,"20":0,"21":0,"22":0,"23":0,"24":0,"25":0,"26":0,"27":0,"28":0,"29":0,"30":0,"31":0,"32":0,"33":0,"34":0,"35":0,"36":0,"37":0,"38":0,"39":0,"40":0,"41":0,"42":0,"43":0,"44":0,"45":0,"46":0,"47":0,"48":0,"49":0,"50":0,"51":0},"f":{},"b":{}}
,"C:\\Users\\ruthe\\.gemini\\antigravity\\scratch\\jnconta\\api\\src\\assets.controller.ts": {"path":"C:\\Users\\ruthe\\.gemini\\antigravity\\scratch\\jnconta\\api\\src\\assets.controller.ts","statementMap":{"0":{"start":{"line":1,"column":0},"end":{"line":1,"column":96}},"1":{"start":{"line":2,"column":0},"end":{"line":2,"column":49}},"2":{"start":{"line":5,"column":7},"end":{"line":139,"column":null}},"3":{"start":{"line":6,"column":22},"end":{"line":6,"column":30}},"4":{"start":{"line":10,"column":4},"end":{"line":13,"column":7}},"5":{"start":{"line":18,"column":28},"end":{"line":18,"column":67}},"6":{"start":{"line":19,"column":26},"end":{"line":19,"column":63}},"7":{"start":{"line":20,"column":23},"end":{"line":20,"column":55}},"8":{"start":{"line":21,"column":29},"end":{"line":21,"column":70}},"9":{"start":{"line":22,"column":28},"end":{"line":22,"column":72}},"10":{"start":{"line":25,"column":35},"end":{"line":25,"column":130}},"11":{"start":{"line":26,"column":23},"end":{"line":26,"column":88}},"12":{"start":{"line":27,"column":27},"end":{"line":27,"column":105}},"13":{"start":{"line":28,"column":21},"end":{"line":28,"column":53}},"14":{"start":{"line":30,"column":4},"end":{"line":41,"column":7}},"15":{"start":{"line":46,"column":4},"end":{"line":46,"column":96}},"16":{"start":{"line":46,"column":39},"end":{"line":46,"column":96}},"17":{"start":{"line":48,"column":19},"end":{"line":50,"column":6}},"18":{"start":{"line":52,"column":4},"end":{"line":52,"column":75}},"19":{"start":{"line":52,"column":29},"end":{"line":52,"column":75}},"20":{"start":{"line":55,"column":24},"end":{"line":55,"column":48}},"21":{"start":{"line":57,"column":20},"end":{"line":69,"column":6}},"22":{"start":{"line":71,"column":28},"end":{"line":71,"column":29}},"23":{"start":{"line":73,"column":4},"end":{"line":116,"column":5}},"24":{"start":{"line":75,"column":25},"end":{"line":75,"column":108}},"25":{"start":{"line":76,"column":24},"end":{"line":76,"column":60}},"26":{"start":{"line":78,"column":6},"end":{"line":78,"column":35}},"27":{"start":{"line":78,"column":26},"end":{"line":78,"column":35}},"28":{"start":{"line":80,"column":6},"end":{"line":80,"column":37}},"29":{"start":{"line":83,"column":6},"end":{"line":93,"column":7}},"30":{"start":{"line":84,"column":8},"end":{"line":92,"column":11}},"31":{"start":{"line":96,"column":6},"end":{"line":106,"column":7}},"32":{"start":{"line":97,"column":8},"end":{"line":105,"column":11}},"33":{"start":{"line":109,"column":6},"end":{"line":115,"column":9}},"34":{"start":{"line":118,"column":4},"end":{"line":122,"column":6}},"35":{"start":{"line":127,"column":19},"end":{"line":129,"column":6}},"36":{"start":{"line":131,"column":4},"end":{"line":137,"column":7}},"37":{"start":{"line":132,"column":25},"end":{"line":132,"column":108}},"38":{"start":{"line":133,"column":6},"end":{"line":136,"column":8}},"39":{"start":{"line":5,"column":13},"end":{"line":5,"column":29}},"40":{"start":{"line":9,"column":2},"end":{"line":14,"column":null}},"41":{"start":{"line":17,"column":8},"end":{"line":42,"column":null}},"42":{"start":{"line":45,"column":8},"end":{"line":123,"column":null}},"43":{"start":{"line":126,"column":8},"end":{"line":138,"column":null}},"44":{"start":{"line":5,"column":13},"end":{"line":139,"column":null}}},"fnMap":{"0":{"name":"(anonymous_4)","decl":{"start":{"line":6,"column":2},"end":{"line":6,"column":22}},"loc":{"start":{"line":6,"column":43},"end":{"line":6,"column":47}}},"1":{"name":"(anonymous_5)","decl":{"start":{"line":9,"column":2},"end":{"line":9,"column":9}},"loc":{"start":{"line":9,"column":47},"end":{"line":14,"column":3}}},"2":{"name":"(anonymous_6)","decl":{"start":{"line":17,"column":2},"end":{"line":17,"column":7}},"loc":{"start":{"line":17,"column":32},"end":{"line":42,"column":3}}},"3":{"name":"(anonymous_7)","decl":{"start":{"line":45,"column":2},"end":{"line":45,"column":7}},"loc":{"start":{"line":45,"column":111},"end":{"line":123,"column":3}}},"4":{"name":"(anonymous_8)","decl":{"start":{"line":126,"column":2},"end":{"line":126,"column":7}},"loc":{"start":{"line":126,"column":56},"end":{"line":138,"column":3}}},"5":{"name":"(anonymous_9)","decl":{"start":{"line":131,"column":22},"end":{"line":131,"column":27}},"loc":{"start":{"line":131,"column":30},"end":{"line":137,"column":5}}}},"branchMap":{"0":{"loc":{"start":{"line":18,"column":39},"end":{"line":18,"column":66}},"type":"binary-expr","locations":[{"start":{"line":18,"column":39},"end":{"line":18,"column":59}},{"start":{"line":18,"column":63},"end":{"line":18,"column":66}}]},"1":{"loc":{"start":{"line":19,"column":37},"end":{"line":19,"column":62}},"type":"binary-expr","locations":[{"start":{"line":19,"column":37},"end":{"line":19,"column":55}},{"start":{"line":19,"column":59},"end":{"line":19,"column":62}}]},"2":{"loc":{"start":{"line":20,"column":32},"end":{"line":20,"column":54}},"type":"binary-expr","locations":[{"start":{"line":20,"column":32},"end":{"line":20,"column":47}},{"start":{"line":20,"column":51},"end":{"line":20,"column":54}}]},"3":{"loc":{"start":{"line":21,"column":40},"end":{"line":21,"column":69}},"type":"binary-expr","locations":[{"start":{"line":21,"column":40},"end":{"line":21,"column":61}},{"start":{"line":21,"column":65},"end":{"line":21,"column":69}}]},"4":{"loc":{"start":{"line":22,"column":37},"end":{"line":22,"column":71}},"type":"binary-expr","locations":[{"start":{"line":22,"column":37},"end":{"line":22,"column":57}},{"start":{"line":22,"column":61},"end":{"line":22,"column":71}}]},"5":{"loc":{"start":{"line":46,"column":4},"end":{"line":46,"column":96}},"type":"if","locations":[{"start":{"line":46,"column":4},"end":{"line":46,"column":96}}]},"6":{"loc":{"start":{"line":46,"column":8},"end":{"line":46,"column":37}},"type":"binary-expr","locations":[{"start":{"line":46,"column":8},"end":{"line":46,"column":18}},{"start":{"line":46,"column":22},"end":{"line":46,"column":27}},{"start":{"line":46,"column":31},"end":{"line":46,"column":37}}]},"7":{"loc":{"start":{"line":52,"column":4},"end":{"line":52,"column":75}},"type":"if","locations":[{"start":{"line":52,"column":4},"end":{"line":52,"column":75}}]},"8":{"loc":{"start":{"line":78,"column":6},"end":{"line":78,"column":35}},"type":"if","locations":[{"start":{"line":78,"column":6},"end":{"line":78,"column":35}}]},"9":{"loc":{"start":{"line":83,"column":6},"end":{"line":93,"column":7}},"type":"if","locations":[{"start":{"line":83,"column":6},"end":{"line":93,"column":7}}]},"10":{"loc":{"start":{"line":96,"column":6},"end":{"line":106,"column":7}},"type":"if","locations":[{"start":{"line":96,"column":6},"end":{"line":106,"column":7}}]}},"s":{"0":0,"1":0,"2":0,"3":0,"4":0,"5":0,"6":0,"7":0,"8":0,"9":0,"10":0,"11":0,"12":0,"13":0,"14":0,"15":0,"16":0,"17":0,"18":0,"19":0,"20":0,"21":0,"22":0,"23":0,"24":0,"25":0,"26":0,"27":0,"28":0,"29":0,"30":0,"31":0,"32":0,"33":0,"34":0,"35":0,"36":0,"37":0,"38":0,"39":0,"40":0,"41":0,"42":0,"43":0,"44":0},"f":{"0":0,"1":0,"2":0,"3":0,"4":0,"5":0},"b":{"0":[0,0],"1":[0,0],"2":[0,0],"3":[0,0],"4":[0,0],"5":[0],"6":[0,0,0],"7":[0],"8":[0],"9":[0],"10":[0]}}
,"C:\\Users\\ruthe\\.gemini\\antigravity\\scratch\\jnconta\\api\\src\\audit.controller.ts": {"path":"C:\\Users\\ruthe\\.gemini\\antigravity\\scratch\\jnconta\\api\\src\\audit.controller.ts","statementMap":{"0":{"start":{"line":1,"column":0},"end":{"line":1,"column":89}},"1":{"start":{"line":2,"column":0},"end":{"line":2,"column":49}},"2":{"start":{"line":3,"column":0},"end":{"line":3,"column":43}},"3":{"start":{"line":6,"column":7},"end":{"line":154,"column":null}},"4":{"start":{"line":8,"column":12},"end":{"line":8,"column":20}},"5":{"start":{"line":9,"column":12},"end":{"line":9,"column":24}},"6":{"start":{"line":18,"column":4},"end":{"line":18,"column":75}},"7":{"start":{"line":18,"column":20},"end":{"line":18,"column":75}},"8":{"start":{"line":20,"column":22},"end":{"line":20,"column":70}},"9":{"start":{"line":21,"column":20},"end":{"line":21,"column":76}},"10":{"start":{"line":24,"column":27},"end":{"line":31,"column":6}},"11":{"start":{"line":34,"column":23},"end":{"line":41,"column":6}},"12":{"start":{"line":44,"column":22},"end":{"line":52,"column":6}},"13":{"start":{"line":55,"column":22},"end":{"line":57,"column":6}},"14":{"start":{"line":58,"column":26},"end":{"line":60,"column":6}},"15":{"start":{"line":62,"column":4},"end":{"line":73,"column":6}},"16":{"start":{"line":78,"column":4},"end":{"line":78,"column":43}},"17":{"start":{"line":85,"column":4},"end":{"line":85,"column":43}},"18":{"start":{"line":90,"column":4},"end":{"line":90,"column":43}},"19":{"start":{"line":95,"column":21},"end":{"line":95,"column":23}},"20":{"start":{"line":97,"column":29},"end":{"line":97,"column":99}},"21":{"start":{"line":98,"column":4},"end":{"line":109,"column":5}},"22":{"start":{"line":99,"column":6},"end":{"line":99,"column":27}},"23":{"start":{"line":99,"column":18},"end":{"line":99,"column":27}},"24":{"start":{"line":100,"column":19},"end":{"line":100,"column":56}},"25":{"start":{"line":101,"column":6},"end":{"line":108,"column":7}},"26":{"start":{"line":102,"column":8},"end":{"line":107,"column":11}},"27":{"start":{"line":111,"column":4},"end":{"line":111,"column":20}},"28":{"start":{"line":116,"column":22},"end":{"line":116,"column":63}},"29":{"start":{"line":118,"column":23},"end":{"line":118,"column":77}},"30":{"start":{"line":119,"column":25},"end":{"line":121,"column":6}},"31":{"start":{"line":123,"column":26},"end":{"line":123,"column":83}},"32":{"start":{"line":124,"column":28},"end":{"line":126,"column":6}},"33":{"start":{"line":128,"column":22},"end":{"line":128,"column":114}},"34":{"start":{"line":130,"column":4},"end":{"line":141,"column":6}},"35":{"start":{"line":146,"column":4},"end":{"line":146,"column":75}},"36":{"start":{"line":146,"column":20},"end":{"line":146,"column":75}},"37":{"start":{"line":147,"column":4},"end":{"line":152,"column":7}},"38":{"start":{"line":6,"column":13},"end":{"line":6,"column":28}},"39":{"start":{"line":13,"column":8},"end":{"line":74,"column":null}},"40":{"start":{"line":77,"column":8},"end":{"line":79,"column":null}},"41":{"start":{"line":82,"column":8},"end":{"line":86,"column":null}},"42":{"start":{"line":89,"column":8},"end":{"line":91,"column":null}},"43":{"start":{"line":94,"column":8},"end":{"line":112,"column":null}},"44":{"start":{"line":115,"column":8},"end":{"line":142,"column":null}},"45":{"start":{"line":145,"column":8},"end":{"line":153,"column":null}},"46":{"start":{"line":6,"column":13},"end":{"line":154,"column":null}}},"fnMap":{"0":{"name":"(anonymous_4)","decl":{"start":{"line":7,"column":2},"end":{"line":7,"column":null}},"loc":{"start":{"line":9,"column":34},"end":{"line":10,"column":6}}},"1":{"name":"(anonymous_5)","decl":{"start":{"line":13,"column":2},"end":{"line":13,"column":7}},"loc":{"start":{"line":16,"column":33},"end":{"line":74,"column":3}}},"2":{"name":"(anonymous_6)","decl":{"start":{"line":77,"column":2},"end":{"line":77,"column":7}},"loc":{"start":{"line":77,"column":54},"end":{"line":79,"column":3}}},"3":{"name":"(anonymous_7)","decl":{"start":{"line":82,"column":2},"end":{"line":82,"column":7}},"loc":{"start":{"line":82,"column":82},"end":{"line":86,"column":3}}},"4":{"name":"(anonymous_8)","decl":{"start":{"line":89,"column":2},"end":{"line":89,"column":7}},"loc":{"start":{"line":89,"column":21},"end":{"line":91,"column":3}}},"5":{"name":"(anonymous_9)","decl":{"start":{"line":94,"column":2},"end":{"line":94,"column":7}},"loc":{"start":{"line":94,"column":65},"end":{"line":112,"column":3}}},"6":{"name":"(anonymous_10)","decl":{"start":{"line":115,"column":2},"end":{"line":115,"column":7}},"loc":{"start":{"line":115,"column":60},"end":{"line":142,"column":3}}},"7":{"name":"(anonymous_11)","decl":{"start":{"line":145,"column":2},"end":{"line":145,"column":7}},"loc":{"start":{"line":145,"column":53},"end":{"line":153,"column":3}}}},"branchMap":{"0":{"loc":{"start":{"line":18,"column":4},"end":{"line":18,"column":75}},"type":"if","locations":[{"start":{"line":18,"column":4},"end":{"line":18,"column":75}}]},"1":{"loc":{"start":{"line":99,"column":6},"end":{"line":99,"column":27}},"type":"if","locations":[{"start":{"line":99,"column":6},"end":{"line":99,"column":27}}]},"2":{"loc":{"start":{"line":101,"column":6},"end":{"line":108,"column":7}},"type":"if","locations":[{"start":{"line":101,"column":6},"end":{"line":108,"column":7}}]},"3":{"loc":{"start":{"line":106,"column":21},"end":{"line":106,"column":74}},"type":"cond-expr","locations":[{"start":{"line":106,"column":52},"end":{"line":106,"column":62}},{"start":{"line":106,"column":65},"end":{"line":106,"column":74}}]},"4":{"loc":{"start":{"line":128,"column":89},"end":{"line":128,"column":104}},"type":"binary-expr","locations":[{"start":{"line":128,"column":89},"end":{"line":128,"column":99}},{"start":{"line":128,"column":103},"end":{"line":128,"column":104}}]},"5":{"loc":{"start":{"line":140,"column":14},"end":{"line":140,"column":82}},"type":"cond-expr","locations":[{"start":{"line":140,"column":31},"end":{"line":140,"column":41}},{"start":{"line":140,"column":44},"end":{"line":140,"column":82}}]},"6":{"loc":{"start":{"line":140,"column":44},"end":{"line":140,"column":82}},"type":"cond-expr","locations":[{"start":{"line":140,"column":61},"end":{"line":140,"column":70}},{"start":{"line":140,"column":73},"end":{"line":140,"column":82}}]},"7":{"loc":{"start":{"line":146,"column":4},"end":{"line":146,"column":75}},"type":"if","locations":[{"start":{"line":146,"column":4},"end":{"line":146,"column":75}}]}},"s":{"0":1,"1":1,"2":1,"3":1,"4":11,"5":11,"6":3,"7":1,"8":2,"9":2,"10":2,"11":2,"12":2,"13":2,"14":2,"15":2,"16":0,"17":0,"18":2,"19":6,"20":6,"21":6,"22":11,"23":1,"24":10,"25":10,"26":3,"27":6,"28":3,"29":3,"30":3,"31":3,"32":3,"33":3,"34":3,"35":0,"36":0,"37":0,"38":1,"39":1,"40":1,"41":1,"42":1,"43":1,"44":1,"45":1,"46":1},"f":{"0":11,"1":3,"2":0,"3":0,"4":2,"5":6,"6":3,"7":0},"b":{"0":[1],"1":[1],"2":[3],"3":[3,0],"4":[3,0],"5":[1,2],"6":[0,2],"7":[0]}}
,"C:\\Users\\ruthe\\.gemini\\antigravity\\scratch\\jnconta\\api\\src\\audit.service.ts": {"path":"C:\\Users\\ruthe\\.gemini\\antigravity\\scratch\\jnconta\\api\\src\\audit.service.ts","statementMap":{"0":{"start":{"line":1,"column":0},"end":{"line":1,"column":44}},"1":{"start":{"line":2,"column":0},"end":{"line":2,"column":49}},"2":{"start":{"line":5,"column":7},"end":{"line":47,"column":null}},"3":{"start":{"line":6,"column":22},"end":{"line":6,"column":30}},"4":{"start":{"line":24,"column":4},"end":{"line":38,"column":5}},"5":{"start":{"line":25,"column":6},"end":{"line":34,"column":9}},"6":{"start":{"line":35,"column":6},"end":{"line":35,"column":81}},"7":{"start":{"line":37,"column":6},"end":{"line":37,"column":44}},"8":{"start":{"line":45,"column":6},"end":{"line":45,"column":86}},"9":{"start":{"line":5,"column":13},"end":{"line":5,"column":25}},"10":{"start":{"line":5,"column":13},"end":{"line":47,"column":null}}},"fnMap":{"0":{"name":"(anonymous_2)","decl":{"start":{"line":6,"column":2},"end":{"line":6,"column":22}},"loc":{"start":{"line":6,"column":43},"end":{"line":6,"column":47}}},"1":{"name":"(anonymous_3)","decl":{"start":{"line":16,"column":2},"end":{"line":16,"column":7}},"loc":{"start":{"line":22,"column":21},"end":{"line":39,"column":3}}},"2":{"name":"(anonymous_4)","decl":{"start":{"line":44,"column":2},"end":{"line":44,"column":7}},"loc":{"start":{"line":44,"column":110},"end":{"line":46,"column":3}}}},"branchMap":{},"s":{"0":0,"1":0,"2":0,"3":0,"4":0,"5":0,"6":0,"7":0,"8":0,"9":0,"10":0},"f":{"0":0,"1":0,"2":0},"b":{}}
,"C:\\Users\\ruthe\\.gemini\\antigravity\\scratch\\jnconta\\api\\src\\auth.controller.ts": {"path":"C:\\Users\\ruthe\\.gemini\\antigravity\\scratch\\jnconta\\api\\src\\auth.controller.ts","statementMap":{"0":{"start":{"line":1,"column":0},"end":{"line":1,"column":93}},"1":{"start":{"line":2,"column":0},"end":{"line":2,"column":49}},"2":{"start":{"line":3,"column":0},"end":{"line":3,"column":38}},"3":{"start":{"line":4,"column":0},"end":{"line":4,"column":35}},"4":{"start":{"line":5,"column":0},"end":{"line":5,"column":36}},"5":{"start":{"line":7,"column":20},"end":{"line":7,"column":24}},"6":{"start":{"line":10,"column":17},"end":{"line":10,"column":39}},"7":{"start":{"line":11,"column":2},"end":{"line":13,"column":3}},"8":{"start":{"line":12,"column":4},"end":{"line":12,"column":128}},"9":{"start":{"line":14,"column":2},"end":{"line":14,"column":16}},"10":{"start":{"line":18,"column":7},"end":{"line":121,"column":null}},"11":{"start":{"line":19,"column":22},"end":{"line":19,"column":30}},"12":{"start":{"line":24,"column":18},"end":{"line":24,"column":50}},"13":{"start":{"line":25,"column":21},"end":{"line":25,"column":42}},"14":{"start":{"line":27,"column":4},"end":{"line":29,"column":5}},"15":{"start":{"line":28,"column":6},"end":{"line":28,"column":71}},"16":{"start":{"line":31,"column":17},"end":{"line":34,"column":6}},"17":{"start":{"line":36,"column":4},"end":{"line":38,"column":5}},"18":{"start":{"line":37,"column":6},"end":{"line":37,"column":64}},"19":{"start":{"line":40,"column":20},"end":{"line":40,"column":69}},"20":{"start":{"line":41,"column":4},"end":{"line":43,"column":5}},"21":{"start":{"line":42,"column":6},"end":{"line":42,"column":64}},"22":{"start":{"line":45,"column":20},"end":{"line":52,"column":6}},"23":{"start":{"line":54,"column":25},"end":{"line":54,"column":86}},"24":{"start":{"line":56,"column":4},"end":{"line":66,"column":6}},"25":{"start":{"line":72,"column":4},"end":{"line":74,"column":5}},"26":{"start":{"line":73,"column":6},"end":{"line":73,"column":57}},"27":{"start":{"line":75,"column":4},"end":{"line":93,"column":5}},"28":{"start":{"line":76,"column":20},"end":{"line":76,"column":47}},"29":{"start":{"line":77,"column":22},"end":{"line":77,"column":62}},"30":{"start":{"line":78,"column":19},"end":{"line":81,"column":8}},"31":{"start":{"line":82,"column":6},"end":{"line":82,"column":51}},"32":{"start":{"line":82,"column":17},"end":{"line":82,"column":51}},"33":{"start":{"line":83,"column":6},"end":{"line":90,"column":8}},"34":{"start":{"line":92,"column":6},"end":{"line":92,"column":67}},"35":{"start":{"line":101,"column":4},"end":{"line":101,"column":72}},"36":{"start":{"line":101,"column":38},"end":{"line":101,"column":72}},"37":{"start":{"line":102,"column":18},"end":{"line":102,"column":45}},"38":{"start":{"line":103,"column":20},"end":{"line":103,"column":60}},"39":{"start":{"line":105,"column":17},"end":{"line":105,"column":82}},"40":{"start":{"line":106,"column":4},"end":{"line":106,"column":49}},"41":{"start":{"line":106,"column":15},"end":{"line":106,"column":49}},"42":{"start":{"line":108,"column":4},"end":{"line":111,"column":5}},"43":{"start":{"line":109,"column":20},"end":{"line":109,"column":81}},"44":{"start":{"line":110,"column":6},"end":{"line":110,"column":82}},"45":{"start":{"line":110,"column":18},"end":{"line":110,"column":82}},"46":{"start":{"line":113,"column":4},"end":{"line":115,"column":5}},"47":{"start":{"line":114,"column":6},"end":{"line":114,"column":94}},"48":{"start":{"line":116,"column":20},"end":{"line":116,"column":59}},"49":{"start":{"line":117,"column":4},"end":{"line":117,"column":95}},"50":{"start":{"line":119,"column":4},"end":{"line":119,"column":63}},"51":{"start":{"line":18,"column":13},"end":{"line":18,"column":27}},"52":{"start":{"line":23,"column":8},"end":{"line":67,"column":null}},"53":{"start":{"line":71,"column":8},"end":{"line":94,"column":null}},"54":{"start":{"line":97,"column":8},"end":{"line":120,"column":null}},"55":{"start":{"line":18,"column":13},"end":{"line":121,"column":null}}},"fnMap":{"0":{"name":"getJwtSecret","decl":{"start":{"line":9,"column":9},"end":{"line":9,"column":21}},"loc":{"start":{"line":9,"column":21},"end":{"line":15,"column":1}}},"1":{"name":"(anonymous_5)","decl":{"start":{"line":19,"column":2},"end":{"line":19,"column":22}},"loc":{"start":{"line":19,"column":43},"end":{"line":19,"column":47}}},"2":{"name":"(anonymous_6)","decl":{"start":{"line":23,"column":2},"end":{"line":23,"column":7}},"loc":{"start":{"line":23,"column":63},"end":{"line":67,"column":3}}},"3":{"name":"(anonymous_7)","decl":{"start":{"line":71,"column":2},"end":{"line":71,"column":7}},"loc":{"start":{"line":71,"column":49},"end":{"line":94,"column":3}}},"4":{"name":"(anonymous_8)","decl":{"start":{"line":97,"column":2},"end":{"line":97,"column":7}},"loc":{"start":{"line":99,"column":66},"end":{"line":120,"column":3}}}},"branchMap":{"0":{"loc":{"start":{"line":11,"column":2},"end":{"line":13,"column":3}},"type":"if","locations":[{"start":{"line":11,"column":2},"end":{"line":13,"column":3}}]},"1":{"loc":{"start":{"line":27,"column":4},"end":{"line":29,"column":5}},"type":"if","locations":[{"start":{"line":27,"column":4},"end":{"line":29,"column":5}}]},"2":{"loc":{"start":{"line":27,"column":8},"end":{"line":27,"column":27}},"type":"binary-expr","locations":[{"start":{"line":27,"column":8},"end":{"line":27,"column":14}},{"start":{"line":27,"column":18},"end":{"line":27,"column":27}}]},"3":{"loc":{"start":{"line":36,"column":4},"end":{"line":38,"column":5}},"type":"if","locations":[{"start":{"line":36,"column":4},"end":{"line":38,"column":5}}]},"4":{"loc":{"start":{"line":36,"column":8},"end":{"line":36,"column":35}},"type":"binary-expr","locations":[{"start":{"line":36,"column":8},"end":{"line":36,"column":13}},{"start":{"line":36,"column":17},"end":{"line":36,"column":35}}]},"5":{"loc":{"start":{"line":41,"column":4},"end":{"line":43,"column":5}},"type":"if","locations":[{"start":{"line":41,"column":4},"end":{"line":43,"column":5}}]},"6":{"loc":{"start":{"line":72,"column":4},"end":{"line":74,"column":5}},"type":"if","locations":[{"start":{"line":72,"column":4},"end":{"line":74,"column":5}}]},"7":{"loc":{"start":{"line":82,"column":6},"end":{"line":82,"column":51}},"type":"if","locations":[{"start":{"line":82,"column":6},"end":{"line":82,"column":51}}]},"8":{"loc":{"start":{"line":101,"column":4},"end":{"line":101,"column":72}},"type":"if","locations":[{"start":{"line":101,"column":4},"end":{"line":101,"column":72}}]},"9":{"loc":{"start":{"line":106,"column":4},"end":{"line":106,"column":49}},"type":"if","locations":[{"start":{"line":106,"column":4},"end":{"line":106,"column":49}}]},"10":{"loc":{"start":{"line":108,"column":4},"end":{"line":111,"column":5}},"type":"if","locations":[{"start":{"line":108,"column":4},"end":{"line":111,"column":5}}]},"11":{"loc":{"start":{"line":110,"column":6},"end":{"line":110,"column":82}},"type":"if","locations":[{"start":{"line":110,"column":6},"end":{"line":110,"column":82}}]},"12":{"loc":{"start":{"line":113,"column":4},"end":{"line":115,"column":5}},"type":"if","locations":[{"start":{"line":113,"column":4},"end":{"line":115,"column":5}}]}},"s":{"0":1,"1":1,"2":1,"3":1,"4":1,"5":1,"6":1,"7":1,"8":0,"9":1,"10":1,"11":4,"12":5,"13":5,"14":5,"15":2,"16":3,"17":3,"18":1,"19":2,"20":2,"21":1,"22":1,"23":1,"24":1,"25":0,"26":0,"27":0,"28":0,"29":0,"30":0,"31":0,"32":0,"33":0,"34":0,"35":0,"36":0,"37":0,"38":0,"39":0,"40":0,"41":0,"42":0,"43":0,"44":0,"45":0,"46":0,"47":0,"48":0,"49":0,"50":0,"51":1,"52":1,"53":1,"54":1,"55":1},"f":{"0":1,"1":4,"2":5,"3":0,"4":0},"b":{"0":[0],"1":[2],"2":[5,4],"3":[1],"4":[3,2],"5":[1],"6":[0],"7":[0],"8":[0],"9":[0],"10":[0],"11":[0],"12":[0]}}
,"C:\\Users\\ruthe\\.gemini\\antigravity\\scratch\\jnconta\\api\\src\\auth.guard.ts": {"path":"C:\\Users\\ruthe\\.gemini\\antigravity\\scratch\\jnconta\\api\\src\\auth.guard.ts","statementMap":{"0":{"start":{"line":1,"column":0},"end":{"line":1,"column":null}},"1":{"start":{"line":8,"column":0},"end":{"line":8,"column":41}},"2":{"start":{"line":9,"column":0},"end":{"line":9,"column":36}},"3":{"start":{"line":13,"column":13},"end":{"line":13,"column":40}},"4":{"start":{"line":14,"column":22},"end":{"line":14,"column":60}},"5":{"start":{"line":14,"column":28},"end":{"line":14,"column":60}},"6":{"start":{"line":14,"column":13},"end":{"line":14,"column":22}},"7":{"start":{"line":18,"column":7},"end":{"line":54,"column":null}},"8":{"start":{"line":19,"column":22},"end":{"line":19,"column":33}},"9":{"start":{"line":23,"column":21},"end":{"line":26,"column":6}},"10":{"start":{"line":27,"column":4},"end":{"line":29,"column":5}},"11":{"start":{"line":28,"column":6},"end":{"line":28,"column":18}},"12":{"start":{"line":31,"column":20},"end":{"line":31,"column":55}},"13":{"start":{"line":32,"column":23},"end":{"line":32,"column":55}},"14":{"start":{"line":34,"column":4},"end":{"line":36,"column":5}},"15":{"start":{"line":35,"column":6},"end":{"line":35,"column":83}},"16":{"start":{"line":38,"column":18},"end":{"line":38,"column":51}},"17":{"start":{"line":39,"column":19},"end":{"line":39,"column":41}},"18":{"start":{"line":41,"column":4},"end":{"line":43,"column":5}},"19":{"start":{"line":42,"column":6},"end":{"line":42,"column":127}},"20":{"start":{"line":45,"column":4},"end":{"line":52,"column":5}},"21":{"start":{"line":46,"column":22},"end":{"line":46,"column":54}},"22":{"start":{"line":48,"column":6},"end":{"line":48,"column":29}},"23":{"start":{"line":49,"column":6},"end":{"line":49,"column":18}},"24":{"start":{"line":51,"column":6},"end":{"line":51,"column":102}},"25":{"start":{"line":18,"column":13},"end":{"line":18,"column":25}},"26":{"start":{"line":18,"column":13},"end":{"line":54,"column":null}}},"fnMap":{"0":{"name":"(anonymous_2)","decl":{"start":{"line":14,"column":22},"end":{"line":14,"column":25}},"loc":{"start":{"line":14,"column":28},"end":{"line":14,"column":60}}},"1":{"name":"(anonymous_3)","decl":{"start":{"line":19,"column":2},"end":{"line":19,"column":22}},"loc":{"start":{"line":19,"column":42},"end":{"line":19,"column":46}}},"2":{"name":"(anonymous_4)","decl":{"start":{"line":21,"column":2},"end":{"line":21,"column":13}},"loc":{"start":{"line":21,"column":39},"end":{"line":53,"column":3}}}},"branchMap":{"0":{"loc":{"start":{"line":27,"column":4},"end":{"line":29,"column":5}},"type":"if","locations":[{"start":{"line":27,"column":4},"end":{"line":29,"column":5}}]},"1":{"loc":{"start":{"line":34,"column":4},"end":{"line":36,"column":5}},"type":"if","locations":[{"start":{"line":34,"column":4},"end":{"line":36,"column":5}}]},"2":{"loc":{"start":{"line":34,"column":8},"end":{"line":34,"column":56}},"type":"binary-expr","locations":[{"start":{"line":34,"column":8},"end":{"line":34,"column":19}},{"start":{"line":34,"column":23},"end":{"line":34,"column":56}}]},"3":{"loc":{"start":{"line":41,"column":4},"end":{"line":43,"column":5}},"type":"if","locations":[{"start":{"line":41,"column":4},"end":{"line":43,"column":5}}]}},"s":{"0":1,"1":1,"2":1,"3":1,"4":1,"5":2,"6":1,"7":1,"8":0,"9":0,"10":0,"11":0,"12":0,"13":0,"14":0,"15":0,"16":0,"17":0,"18":0,"19":0,"20":0,"21":0,"22":0,"23":0,"24":0,"25":1,"26":1},"f":{"0":2,"1":0,"2":0},"b":{"0":[0],"1":[0],"2":[0,0],"3":[0]}}
,"C:\\Users\\ruthe\\.gemini\\antigravity\\scratch\\jnconta\\api\\src\\automation.controller.ts": {"path":"C:\\Users\\ruthe\\.gemini\\antigravity\\scratch\\jnconta\\api\\src\\automation.controller.ts","statementMap":{"0":{"start":{"line":1,"column":0},"end":{"line":1,"column":null}},"1":{"start":{"line":4,"column":0},"end":{"line":4,"column":49}},"2":{"start":{"line":6,"column":0},"end":{"line":6,"column":25}},"3":{"start":{"line":7,"column":0},"end":{"line":7,"column":29}},"4":{"start":{"line":10,"column":16},"end":{"line":10,"column":48}},"5":{"start":{"line":11,"column":0},"end":{"line":13,"column":1}},"6":{"start":{"line":12,"column":2},"end":{"line":12,"column":45}},"7":{"start":{"line":14,"column":18},"end":{"line":14,"column":54}},"8":{"start":{"line":15,"column":0},"end":{"line":17,"column":1}},"9":{"start":{"line":16,"column":2},"end":{"line":16,"column":58}},"10":{"start":{"line":19,"column":0},"end":{"line":19,"column":56}},"11":{"start":{"line":22,"column":7},"end":{"line":260,"column":null}},"12":{"start":{"line":24,"column":12},"end":{"line":24,"column":20}},"13":{"start":{"line":25,"column":12},"end":{"line":25,"column":23}},"14":{"start":{"line":30,"column":4},"end":{"line":30,"column":75}},"15":{"start":{"line":30,"column":20},"end":{"line":30,"column":75}},"16":{"start":{"line":31,"column":4},"end":{"line":34,"column":7}},"17":{"start":{"line":38,"column":4},"end":{"line":42,"column":5}},"18":{"start":{"line":39,"column":6},"end":{"line":39,"column":60}},"19":{"start":{"line":41,"column":6},"end":{"line":41,"column":16}},"20":{"start":{"line":46,"column":4},"end":{"line":46,"column":71}},"21":{"start":{"line":55,"column":16},"end":{"line":58,"column":6}},"22":{"start":{"line":60,"column":4},"end":{"line":60,"column":65}},"23":{"start":{"line":60,"column":14},"end":{"line":60,"column":65}},"24":{"start":{"line":61,"column":4},"end":{"line":61,"column":79}},"25":{"start":{"line":61,"column":23},"end":{"line":61,"column":79}},"26":{"start":{"line":63,"column":23},"end":{"line":63,"column":85}},"27":{"start":{"line":64,"column":23},"end":{"line":64,"column":67}},"28":{"start":{"line":65,"column":24},"end":{"line":65,"column":70}},"29":{"start":{"line":67,"column":20},"end":{"line":67,"column":22}},"30":{"start":{"line":70,"column":4},"end":{"line":117,"column":5}},"31":{"start":{"line":71,"column":23},"end":{"line":74,"column":8}},"32":{"start":{"line":76,"column":6},"end":{"line":116,"column":7}},"33":{"start":{"line":77,"column":8},"end":{"line":109,"column":9}},"34":{"start":{"line":78,"column":26},"end":{"line":78,"column":40}},"35":{"start":{"line":81,"column":10},"end":{"line":87,"column":11}},"36":{"start":{"line":82,"column":12},"end":{"line":86,"column":13}},"37":{"start":{"line":83,"column":31},"end":{"line":83,"column":110}},"38":{"start":{"line":90,"column":23},"end":{"line":90,"column":24}},"39":{"start":{"line":91,"column":10},"end":{"line":96,"column":11}},"40":{"start":{"line":92,"column":29},"end":{"line":92,"column":51}},"41":{"start":{"line":92,"column":52},"end":{"line":92,"column":58}},"42":{"start":{"line":93,"column":24},"end":{"line":93,"column":41}},"43":{"start":{"line":93,"column":42},"end":{"line":93,"column":48}},"44":{"start":{"line":94,"column":26},"end":{"line":94,"column":45}},"45":{"start":{"line":94,"column":46},"end":{"line":94,"column":52}},"46":{"start":{"line":95,"column":29},"end":{"line":95,"column":51}},"47":{"start":{"line":95,"column":52},"end":{"line":95,"column":58}},"48":{"start":{"line":98,"column":10},"end":{"line":108,"column":11}},"49":{"start":{"line":99,"column":24},"end":{"line":99,"column":90}},"50":{"start":{"line":100,"column":12},"end":{"line":107,"column":15}},"51":{"start":{"line":111,"column":8},"end":{"line":115,"column":10}},"52":{"start":{"line":121,"column":27},"end":{"line":121,"column":31}},"53":{"start":{"line":122,"column":18},"end":{"line":122,"column":37}},"54":{"start":{"line":123,"column":19},"end":{"line":123,"column":47}},"55":{"start":{"line":124,"column":4},"end":{"line":126,"column":5}},"56":{"start":{"line":125,"column":6},"end":{"line":125,"column":106}},"57":{"start":{"line":129,"column":50},"end":{"line":133,"column":6}},"58":{"start":{"line":135,"column":4},"end":{"line":150,"column":5}},"59":{"start":{"line":136,"column":6},"end":{"line":143,"column":9}},"60":{"start":{"line":144,"column":6},"end":{"line":144,"column":170}},"61":{"start":{"line":145,"column":6},"end":{"line":145,"column":223}},"62":{"start":{"line":147,"column":6},"end":{"line":147,"column":212}},"63":{"start":{"line":148,"column":6},"end":{"line":148,"column":230}},"64":{"start":{"line":149,"column":6},"end":{"line":149,"column":181}},"65":{"start":{"line":152,"column":4},"end":{"line":156,"column":6}},"66":{"start":{"line":161,"column":33},"end":{"line":161,"column":37}},"67":{"start":{"line":162,"column":20},"end":{"line":162,"column":22}},"68":{"start":{"line":164,"column":4},"end":{"line":210,"column":5}},"69":{"start":{"line":165,"column":37},"end":{"line":165,"column":41}},"70":{"start":{"line":167,"column":19},"end":{"line":167,"column":47}},"71":{"start":{"line":168,"column":26},"end":{"line":171,"column":8}},"72":{"start":{"line":172,"column":22},"end":{"line":172,"column":75}},"73":{"start":{"line":174,"column":22},"end":{"line":192,"column":8}},"74":{"start":{"line":184,"column":50},"end":{"line":189,"column":14}},"75":{"start":{"line":194,"column":6},"end":{"line":197,"column":9}},"76":{"start":{"line":200,"column":6},"end":{"line":207,"column":8}},"77":{"start":{"line":209,"column":6},"end":{"line":209,"column":28}},"78":{"start":{"line":212,"column":4},"end":{"line":212,"column":19}},"79":{"start":{"line":217,"column":4},"end":{"line":217,"column":75}},"80":{"start":{"line":217,"column":20},"end":{"line":217,"column":75}},"81":{"start":{"line":219,"column":18},"end":{"line":219,"column":37}},"82":{"start":{"line":220,"column":19},"end":{"line":220,"column":21}},"83":{"start":{"line":222,"column":4},"end":{"line":236,"column":5}},"84":{"start":{"line":223,"column":6},"end":{"line":235,"column":7}},"85":{"start":{"line":224,"column":18},"end":{"line":224,"column":28}},"86":{"start":{"line":225,"column":24},"end":{"line":225,"column":92}},"87":{"start":{"line":226,"column":8},"end":{"line":234,"column":11}},"88":{"start":{"line":238,"column":4},"end":{"line":238,"column":18}},"89":{"start":{"line":243,"column":54},"end":{"line":243,"column":58}},"90":{"start":{"line":244,"column":4},"end":{"line":244,"column":106}},"91":{"start":{"line":244,"column":42},"end":{"line":244,"column":106}},"92":{"start":{"line":246,"column":18},"end":{"line":246,"column":37}},"93":{"start":{"line":247,"column":19},"end":{"line":247,"column":40}},"94":{"start":{"line":249,"column":4},"end":{"line":255,"column":6}},"95":{"start":{"line":257,"column":4},"end":{"line":257,"column":30}},"96":{"start":{"line":258,"column":4},"end":{"line":258,"column":79}},"97":{"start":{"line":22,"column":13},"end":{"line":22,"column":33}},"98":{"start":{"line":29,"column":8},"end":{"line":35,"column":null}},"99":{"start":{"line":50,"column":8},"end":{"line":157,"column":null}},"100":{"start":{"line":160,"column":8},"end":{"line":213,"column":null}},"101":{"start":{"line":216,"column":8},"end":{"line":239,"column":null}},"102":{"start":{"line":242,"column":8},"end":{"line":259,"column":null}},"103":{"start":{"line":22,"column":13},"end":{"line":260,"column":null}}},"fnMap":{"0":{"name":"(anonymous_4)","decl":{"start":{"line":23,"column":2},"end":{"line":23,"column":null}},"loc":{"start":{"line":25,"column":39},"end":{"line":26,"column":6}}},"1":{"name":"(anonymous_5)","decl":{"start":{"line":29,"column":2},"end":{"line":29,"column":7}},"loc":{"start":{"line":29,"column":58},"end":{"line":35,"column":3}}},"2":{"name":"(anonymous_6)","decl":{"start":{"line":37,"column":10},"end":{"line":37,"column":22}},"loc":{"start":{"line":37,"column":22},"end":{"line":43,"column":3}}},"3":{"name":"(anonymous_7)","decl":{"start":{"line":45,"column":10},"end":{"line":45,"column":23}},"loc":{"start":{"line":45,"column":33},"end":{"line":47,"column":3}}},"4":{"name":"(anonymous_8)","decl":{"start":{"line":50,"column":2},"end":{"line":50,"column":7}},"loc":{"start":{"line":53,"column":44},"end":{"line":157,"column":3}}},"5":{"name":"(anonymous_9)","decl":{"start":{"line":160,"column":2},"end":{"line":160,"column":7}},"loc":{"start":{"line":160,"column":68},"end":{"line":213,"column":3}}},"6":{"name":"(anonymous_10)","decl":{"start":{"line":184,"column":44},"end":{"line":184,"column":45}},"loc":{"start":{"line":184,"column":50},"end":{"line":189,"column":14}}},"7":{"name":"(anonymous_11)","decl":{"start":{"line":216,"column":2},"end":{"line":216,"column":7}},"loc":{"start":{"line":216,"column":54},"end":{"line":239,"column":3}}},"8":{"name":"(anonymous_12)","decl":{"start":{"line":242,"column":2},"end":{"line":242,"column":7}},"loc":{"start":{"line":242,"column":126},"end":{"line":259,"column":3}}}},"branchMap":{"0":{"loc":{"start":{"line":11,"column":0},"end":{"line":13,"column":1}},"type":"if","locations":[{"start":{"line":11,"column":0},"end":{"line":13,"column":1}}]},"1":{"loc":{"start":{"line":15,"column":0},"end":{"line":17,"column":1}},"type":"if","locations":[{"start":{"line":15,"column":0},"end":{"line":17,"column":1}}]},"2":{"loc":{"start":{"line":30,"column":4},"end":{"line":30,"column":75}},"type":"if","locations":[{"start":{"line":30,"column":4},"end":{"line":30,"column":75}}]},"3":{"loc":{"start":{"line":60,"column":4},"end":{"line":60,"column":65}},"type":"if","locations":[{"start":{"line":60,"column":4},"end":{"line":60,"column":65}}]},"4":{"loc":{"start":{"line":61,"column":4},"end":{"line":61,"column":79}},"type":"if","locations":[{"start":{"line":61,"column":4},"end":{"line":61,"column":79}}]},"5":{"loc":{"start":{"line":63,"column":23},"end":{"line":63,"column":85}},"type":"binary-expr","locations":[{"start":{"line":63,"column":23},"end":{"line":63,"column":46}},{"start":{"line":63,"column":50},"end":{"line":63,"column":85}}]},"6":{"loc":{"start":{"line":64,"column":23},"end":{"line":64,"column":67}},"type":"cond-expr","locations":[{"start":{"line":64,"column":36},"end":{"line":64,"column":49}},{"start":{"line":64,"column":52},"end":{"line":64,"column":67}}]},"7":{"loc":{"start":{"line":65,"column":24},"end":{"line":65,"column":70}},"type":"cond-expr","locations":[{"start":{"line":65,"column":37},"end":{"line":65,"column":51}},{"start":{"line":65,"column":54},"end":{"line":65,"column":70}}]},"8":{"loc":{"start":{"line":70,"column":4},"end":{"line":117,"column":5}},"type":"if","locations":[{"start":{"line":70,"column":4},"end":{"line":117,"column":5}}]},"9":{"loc":{"start":{"line":76,"column":6},"end":{"line":116,"column":7}},"type":"if","locations":[{"start":{"line":76,"column":6},"end":{"line":116,"column":7}}]},"10":{"loc":{"start":{"line":81,"column":10},"end":{"line":87,"column":11}},"type":"if","locations":[{"start":{"line":81,"column":10},"end":{"line":87,"column":11}}]},"11":{"loc":{"start":{"line":82,"column":12},"end":{"line":86,"column":13}},"type":"if","locations":[{"start":{"line":82,"column":12},"end":{"line":86,"column":13}}]},"12":{"loc":{"start":{"line":91,"column":10},"end":{"line":96,"column":11}},"type":"switch","locations":[{"start":{"line":92,"column":12},"end":{"line":92,"column":58}},{"start":{"line":93,"column":12},"end":{"line":93,"column":48}},{"start":{"line":94,"column":12},"end":{"line":94,"column":52}},{"start":{"line":95,"column":12},"end":{"line":95,"column":58}}]},"13":{"loc":{"start":{"line":98,"column":10},"end":{"line":108,"column":11}},"type":"if","locations":[{"start":{"line":98,"column":10},"end":{"line":108,"column":11}}]},"14":{"loc":{"start":{"line":102,"column":27},"end":{"line":102,"column":63}},"type":"binary-expr","locations":[{"start":{"line":102,"column":27},"end":{"line":102,"column":36}},{"start":{"line":102,"column":40},"end":{"line":102,"column":63}}]},"15":{"loc":{"start":{"line":103,"column":27},"end":{"line":103,"column":42}},"type":"binary-expr","locations":[{"start":{"line":103,"column":27},"end":{"line":103,"column":36}},{"start":{"line":103,"column":40},"end":{"line":103,"column":42}}]},"16":{"loc":{"start":{"line":104,"column":27},"end":{"line":104,"column":81}},"type":"binary-expr","locations":[{"start":{"line":104,"column":27},"end":{"line":104,"column":43}},{"start":{"line":104,"column":47},"end":{"line":104,"column":81}}]},"17":{"loc":{"start":{"line":105,"column":21},"end":{"line":105,"column":57}},"type":"cond-expr","locations":[{"start":{"line":105,"column":47},"end":{"line":105,"column":53}},{"start":{"line":105,"column":56},"end":{"line":105,"column":57}}]},"18":{"loc":{"start":{"line":106,"column":22},"end":{"line":106,"column":59}},"type":"cond-expr","locations":[{"start":{"line":106,"column":49},"end":{"line":106,"column":55}},{"start":{"line":106,"column":58},"end":{"line":106,"column":59}}]},"19":{"loc":{"start":{"line":124,"column":4},"end":{"line":126,"column":5}},"type":"if","locations":[{"start":{"line":124,"column":4},"end":{"line":126,"column":5}}]},"20":{"loc":{"start":{"line":124,"column":8},"end":{"line":124,"column":48}},"type":"binary-expr","locations":[{"start":{"line":124,"column":8},"end":{"line":124,"column":21}},{"start":{"line":124,"column":25},"end":{"line":124,"column":48}}]},"21":{"loc":{"start":{"line":132,"column":64},"end":{"line":132,"column":96}},"type":"cond-expr","locations":[{"start":{"line":132,"column":77},"end":{"line":132,"column":85}},{"start":{"line":132,"column":88},"end":{"line":132,"column":96}}]},"22":{"loc":{"start":{"line":135,"column":4},"end":{"line":150,"column":5}},"type":"if","locations":[{"start":{"line":135,"column":4},"end":{"line":150,"column":5}},{"start":{"line":146,"column":11},"end":{"line":150,"column":5}}]},"23":{"loc":{"start":{"line":137,"column":19},"end":{"line":137,"column":45}},"type":"binary-expr","locations":[{"start":{"line":137,"column":19},"end":{"line":137,"column":39}},{"start":{"line":137,"column":43},"end":{"line":137,"column":45}}]},"24":{"loc":{"start":{"line":138,"column":21},"end":{"line":138,"column":66}},"type":"binary-expr","locations":[{"start":{"line":138,"column":21},"end":{"line":138,"column":43}},{"start":{"line":138,"column":47},"end":{"line":138,"column":66}}]},"25":{"loc":{"start":{"line":139,"column":21},"end":{"line":139,"column":49}},"type":"binary-expr","locations":[{"start":{"line":139,"column":21},"end":{"line":139,"column":43}},{"start":{"line":139,"column":47},"end":{"line":139,"column":49}}]},"26":{"loc":{"start":{"line":144,"column":34},"end":{"line":144,"column":50}},"type":"binary-expr","locations":[{"start":{"line":144,"column":34},"end":{"line":144,"column":44}},{"start":{"line":144,"column":48},"end":{"line":144,"column":50}}]},"27":{"loc":{"start":{"line":144,"column":65},"end":{"line":144,"column":86}},"type":"binary-expr","locations":[{"start":{"line":144,"column":65},"end":{"line":144,"column":77}},{"start":{"line":144,"column":81},"end":{"line":144,"column":86}}]},"28":{"loc":{"start":{"line":144,"column":101},"end":{"line":144,"column":119}},"type":"binary-expr","locations":[{"start":{"line":144,"column":101},"end":{"line":144,"column":113}},{"start":{"line":144,"column":117},"end":{"line":144,"column":119}}]},"29":{"loc":{"start":{"line":145,"column":34},"end":{"line":145,"column":58}},"type":"binary-expr","locations":[{"start":{"line":145,"column":34},"end":{"line":145,"column":52}},{"start":{"line":145,"column":56},"end":{"line":145,"column":58}}]},"30":{"loc":{"start":{"line":145,"column":73},"end":{"line":145,"column":110}},"type":"binary-expr","locations":[{"start":{"line":145,"column":73},"end":{"line":145,"column":93}},{"start":{"line":145,"column":97},"end":{"line":145,"column":110}}]},"31":{"loc":{"start":{"line":145,"column":125},"end":{"line":145,"column":151}},"type":"binary-expr","locations":[{"start":{"line":145,"column":125},"end":{"line":145,"column":145}},{"start":{"line":145,"column":149},"end":{"line":145,"column":151}}]},"32":{"loc":{"start":{"line":147,"column":34},"end":{"line":147,"column":55}},"type":"binary-expr","locations":[{"start":{"line":147,"column":34},"end":{"line":147,"column":49}},{"start":{"line":147,"column":53},"end":{"line":147,"column":55}}]},"33":{"loc":{"start":{"line":147,"column":70},"end":{"line":147,"column":101}},"type":"binary-expr","locations":[{"start":{"line":147,"column":70},"end":{"line":147,"column":87}},{"start":{"line":147,"column":91},"end":{"line":147,"column":101}}]},"34":{"loc":{"start":{"line":147,"column":116},"end":{"line":147,"column":139}},"type":"binary-expr","locations":[{"start":{"line":147,"column":116},"end":{"line":147,"column":133}},{"start":{"line":147,"column":137},"end":{"line":147,"column":139}}]},"35":{"loc":{"start":{"line":148,"column":34},"end":{"line":148,"column":60}},"type":"binary-expr","locations":[{"start":{"line":148,"column":34},"end":{"line":148,"column":54}},{"start":{"line":148,"column":58},"end":{"line":148,"column":60}}]},"36":{"loc":{"start":{"line":148,"column":75},"end":{"line":148,"column":111}},"type":"binary-expr","locations":[{"start":{"line":148,"column":75},"end":{"line":148,"column":97}},{"start":{"line":148,"column":101},"end":{"line":148,"column":111}}]},"37":{"loc":{"start":{"line":148,"column":126},"end":{"line":148,"column":154}},"type":"binary-expr","locations":[{"start":{"line":148,"column":126},"end":{"line":148,"column":148}},{"start":{"line":148,"column":152},"end":{"line":148,"column":154}}]},"38":{"loc":{"start":{"line":149,"column":34},"end":{"line":149,"column":50}},"type":"binary-expr","locations":[{"start":{"line":149,"column":34},"end":{"line":149,"column":44}},{"start":{"line":149,"column":48},"end":{"line":149,"column":50}}]},"39":{"loc":{"start":{"line":149,"column":65},"end":{"line":149,"column":86}},"type":"binary-expr","locations":[{"start":{"line":149,"column":65},"end":{"line":149,"column":77}},{"start":{"line":149,"column":81},"end":{"line":149,"column":86}}]},"40":{"loc":{"start":{"line":149,"column":101},"end":{"line":149,"column":119}},"type":"binary-expr","locations":[{"start":{"line":149,"column":101},"end":{"line":149,"column":113}},{"start":{"line":149,"column":117},"end":{"line":149,"column":119}}]},"41":{"loc":{"start":{"line":167,"column":19},"end":{"line":167,"column":47}},"type":"binary-expr","locations":[{"start":{"line":167,"column":19},"end":{"line":167,"column":35}},{"start":{"line":167,"column":39},"end":{"line":167,"column":47}}]},"42":{"loc":{"start":{"line":172,"column":32},"end":{"line":172,"column":58}},"type":"binary-expr","locations":[{"start":{"line":172,"column":32},"end":{"line":172,"column":51}},{"start":{"line":172,"column":55},"end":{"line":172,"column":58}}]},"43":{"loc":{"start":{"line":204,"column":8},"end":{"line":204,"column":69}},"type":"cond-expr","locations":[{"start":{"line":204,"column":41},"end":{"line":204,"column":53}},{"start":{"line":204,"column":56},"end":{"line":204,"column":69}}]},"44":{"loc":{"start":{"line":217,"column":4},"end":{"line":217,"column":75}},"type":"if","locations":[{"start":{"line":217,"column":4},"end":{"line":217,"column":75}}]},"45":{"loc":{"start":{"line":223,"column":6},"end":{"line":235,"column":7}},"type":"if","locations":[{"start":{"line":223,"column":6},"end":{"line":235,"column":7}}]},"46":{"loc":{"start":{"line":244,"column":4},"end":{"line":244,"column":106}},"type":"if","locations":[{"start":{"line":244,"column":4},"end":{"line":244,"column":106}}]},"47":{"loc":{"start":{"line":244,"column":8},"end":{"line":244,"column":40}},"type":"binary-expr","locations":[{"start":{"line":244,"column":8},"end":{"line":244,"column":18}},{"start":{"line":244,"column":22},"end":{"line":244,"column":26}},{"start":{"line":244,"column":30},"end":{"line":244,"column":40}}]},"48":{"loc":{"start":{"line":252,"column":12},"end":{"line":252,"column":57}},"type":"cond-expr","locations":[{"start":{"line":252,"column":34},"end":{"line":252,"column":45}},{"start":{"line":252,"column":48},"end":{"line":252,"column":57}}]}},"s":{"0":0,"1":0,"2":0,"3":0,"4":0,"5":0,"6":0,"7":0,"8":0,"9":0,"10":0,"11":0,"12":0,"13":0,"14":0,"15":0,"16":0,"17":0,"18":0,"19":0,"20":0,"21":0,"22":0,"23":0,"24":0,"25":0,"26":0,"27":0,"28":0,"29":0,"30":0,"31":0,"32":0,"33":0,"34":0,"35":0,"36":0,"37":0,"38":0,"39":0,"40":0,"41":0,"42":0,"43":0,"44":0,"45":0,"46":0,"47":0,"48":0,"49":0,"50":0,"51":0,"52":0,"53":0,"54":0,"55":0,"56":0,"57":0,"58":0,"59":0,"60":0,"61":0,"62":0,"63":0,"64":0,"65":0,"66":0,"67":0,"68":0,"69":0,"70":0,"71":0,"72":0,"73":0,"74":0,"75":0,"76":0,"77":0,"78":0,"79":0,"80":0,"81":0,"82":0,"83":0,"84":0,"85":0,"86":0,"87":0,"88":0,"89":0,"90":0,"91":0,"92":0,"93":0,"94":0,"95":0,"96":0,"97":0,"98":0,"99":0,"100":0,"101":0,"102":0,"103":0},"f":{"0":0,"1":0,"2":0,"3":0,"4":0,"5":0,"6":0,"7":0,"8":0},"b":{"0":[0],"1":[0],"2":[0],"3":[0],"4":[0],"5":[0,0],"6":[0,0],"7":[0,0],"8":[0],"9":[0],"10":[0],"11":[0],"12":[0,0,0,0],"13":[0],"14":[0,0],"15":[0,0],"16":[0,0],"17":[0,0],"18":[0,0],"19":[0],"20":[0,0],"21":[0,0],"22":[0,0],"23":[0,0],"24":[0,0],"25":[0,0],"26":[0,0],"27":[0,0],"28":[0,0],"29":[0,0],"30":[0,0],"31":[0,0],"32":[0,0],"33":[0,0],"34":[0,0],"35":[0,0],"36":[0,0],"37":[0,0],"38":[0,0],"39":[0,0],"40":[0,0],"41":[0,0],"42":[0,0],"43":[0,0],"44":[0],"45":[0],"46":[0],"47":[0,0,0],"48":[0,0]}}
,"C:\\Users\\ruthe\\.gemini\\antigravity\\scratch\\jnconta\\api\\src\\banks.controller.ts": {"path":"C:\\Users\\ruthe\\.gemini\\antigravity\\scratch\\jnconta\\api\\src\\banks.controller.ts","statementMap":{"0":{"start":{"line":1,"column":0},"end":{"line":1,"column":75}},"1":{"start":{"line":2,"column":0},"end":{"line":2,"column":49}},"2":{"start":{"line":5,"column":7},"end":{"line":33,"column":null}},"3":{"start":{"line":6,"column":22},"end":{"line":6,"column":30}},"4":{"start":{"line":10,"column":4},"end":{"line":13,"column":7}},"5":{"start":{"line":18,"column":4},"end":{"line":21,"column":7}},"6":{"start":{"line":26,"column":4},"end":{"line":26,"column":52}},"7":{"start":{"line":31,"column":4},"end":{"line":31,"column":84}},"8":{"start":{"line":5,"column":13},"end":{"line":5,"column":28}},"9":{"start":{"line":9,"column":2},"end":{"line":14,"column":null}},"10":{"start":{"line":17,"column":2},"end":{"line":22,"column":null}},"11":{"start":{"line":25,"column":2},"end":{"line":27,"column":null}},"12":{"start":{"line":30,"column":2},"end":{"line":32,"column":null}},"13":{"start":{"line":5,"column":13},"end":{"line":33,"column":null}}},"fnMap":{"0":{"name":"(anonymous_4)","decl":{"start":{"line":6,"column":2},"end":{"line":6,"column":22}},"loc":{"start":{"line":6,"column":43},"end":{"line":6,"column":47}}},"1":{"name":"(anonymous_5)","decl":{"start":{"line":9,"column":2},"end":{"line":9,"column":9}},"loc":{"start":{"line":9,"column":47},"end":{"line":14,"column":3}}},"2":{"name":"(anonymous_6)","decl":{"start":{"line":17,"column":2},"end":{"line":17,"column":17}},"loc":{"start":{"line":17,"column":41},"end":{"line":22,"column":3}}},"3":{"name":"(anonymous_7)","decl":{"start":{"line":25,"column":2},"end":{"line":25,"column":15}},"loc":{"start":{"line":25,"column":33},"end":{"line":27,"column":3}}},"4":{"name":"(anonymous_8)","decl":{"start":{"line":30,"column":2},"end":{"line":30,"column":19}},"loc":{"start":{"line":30,"column":73},"end":{"line":32,"column":3}}}},"branchMap":{},"s":{"0":0,"1":0,"2":0,"3":0,"4":0,"5":0,"6":0,"7":0,"8":0,"9":0,"10":0,"11":0,"12":0,"13":0},"f":{"0":0,"1":0,"2":0,"3":0,"4":0},"b":{}}
,"C:\\Users\\ruthe\\.gemini\\antigravity\\scratch\\jnconta\\api\\src\\bills.controller.ts": {"path":"C:\\Users\\ruthe\\.gemini\\antigravity\\scratch\\jnconta\\api\\src\\bills.controller.ts","statementMap":{"0":{"start":{"line":1,"column":0},"end":{"line":1,"column":80}},"1":{"start":{"line":2,"column":0},"end":{"line":2,"column":49}},"2":{"start":{"line":5,"column":7},"end":{"line":67,"column":null}},"3":{"start":{"line":6,"column":22},"end":{"line":6,"column":30}},"4":{"start":{"line":10,"column":4},"end":{"line":14,"column":7}},"5":{"start":{"line":19,"column":35},"end":{"line":19,"column":39}},"6":{"start":{"line":20,"column":17},"end":{"line":23,"column":6}},"7":{"start":{"line":26,"column":26},"end":{"line":27,"column":null}},"8":{"start":{"line":27,"column":16},"end":{"line":27,"column":51}},"9":{"start":{"line":29,"column":4},"end":{"line":53,"column":5}},"10":{"start":{"line":30,"column":6},"end":{"line":52,"column":9}},"11":{"start":{"line":32,"column":27},"end":{"line":32,"column":63}},"12":{"start":{"line":33,"column":10},"end":{"line":44,"column":13}},"13":{"start":{"line":47,"column":10},"end":{"line":50,"column":12}},"14":{"start":{"line":55,"column":4},"end":{"line":55,"column":16}},"15":{"start":{"line":60,"column":4},"end":{"line":60,"column":82}},"16":{"start":{"line":65,"column":4},"end":{"line":65,"column":60}},"17":{"start":{"line":5,"column":13},"end":{"line":5,"column":28}},"18":{"start":{"line":9,"column":2},"end":{"line":15,"column":null}},"19":{"start":{"line":18,"column":8},"end":{"line":56,"column":null}},"20":{"start":{"line":59,"column":2},"end":{"line":61,"column":null}},"21":{"start":{"line":64,"column":2},"end":{"line":66,"column":null}},"22":{"start":{"line":5,"column":13},"end":{"line":67,"column":null}}},"fnMap":{"0":{"name":"(anonymous_4)","decl":{"start":{"line":6,"column":2},"end":{"line":6,"column":22}},"loc":{"start":{"line":6,"column":43},"end":{"line":6,"column":47}}},"1":{"name":"(anonymous_5)","decl":{"start":{"line":9,"column":2},"end":{"line":9,"column":9}},"loc":{"start":{"line":9,"column":47},"end":{"line":15,"column":3}}},"2":{"name":"(anonymous_6)","decl":{"start":{"line":18,"column":2},"end":{"line":18,"column":7}},"loc":{"start":{"line":18,"column":32},"end":{"line":56,"column":3}}},"3":{"name":"(anonymous_7)","decl":{"start":{"line":27,"column":6},"end":{"line":27,"column":7}},"loc":{"start":{"line":27,"column":16},"end":{"line":27,"column":51}}},"4":{"name":"(anonymous_8)","decl":{"start":{"line":31,"column":30},"end":{"line":31,"column":31}},"loc":{"start":{"line":31,"column":39},"end":{"line":45,"column":9}}},"5":{"name":"(anonymous_9)","decl":{"start":{"line":46,"column":30},"end":{"line":46,"column":31}},"loc":{"start":{"line":47,"column":10},"end":{"line":50,"column":12}}},"6":{"name":"(anonymous_10)","decl":{"start":{"line":59,"column":2},"end":{"line":59,"column":5}},"loc":{"start":{"line":59,"column":29},"end":{"line":61,"column":3}}},"7":{"name":"(anonymous_11)","decl":{"start":{"line":64,"column":2},"end":{"line":64,"column":8}},"loc":{"start":{"line":64,"column":51},"end":{"line":66,"column":3}}}},"branchMap":{"0":{"loc":{"start":{"line":26,"column":27},"end":{"line":26,"column":60}},"type":"cond-expr","locations":[{"start":{"line":26,"column":50},"end":{"line":26,"column":55}},{"start":{"line":26,"column":58},"end":{"line":26,"column":60}}]},"1":{"loc":{"start":{"line":27,"column":16},"end":{"line":27,"column":51}},"type":"binary-expr","locations":[{"start":{"line":27,"column":16},"end":{"line":27,"column":30}},{"start":{"line":27,"column":34},"end":{"line":27,"column":51}}]},"2":{"loc":{"start":{"line":29,"column":4},"end":{"line":53,"column":5}},"type":"if","locations":[{"start":{"line":29,"column":4},"end":{"line":53,"column":5}}]},"3":{"loc":{"start":{"line":32,"column":27},"end":{"line":32,"column":63}},"type":"binary-expr","locations":[{"start":{"line":32,"column":27},"end":{"line":32,"column":40}},{"start":{"line":32,"column":44},"end":{"line":32,"column":58}},{"start":{"line":32,"column":62},"end":{"line":32,"column":63}}]},"4":{"loc":{"start":{"line":41,"column":25},"end":{"line":41,"column":58}},"type":"binary-expr","locations":[{"start":{"line":41,"column":25},"end":{"line":41,"column":34}},{"start":{"line":41,"column":38},"end":{"line":41,"column":58}}]}},"s":{"0":0,"1":0,"2":0,"3":0,"4":0,"5":0,"6":0,"7":0,"8":0,"9":0,"10":0,"11":0,"12":0,"13":0,"14":0,"15":0,"16":0,"17":0,"18":0,"19":0,"20":0,"21":0,"22":0},"f":{"0":0,"1":0,"2":0,"3":0,"4":0,"5":0,"6":0,"7":0},"b":{"0":[0,0],"1":[0,0],"2":[0],"3":[0,0,0],"4":[0,0]}}
,"C:\\Users\\ruthe\\.gemini\\antigravity\\scratch\\jnconta\\api\\src\\budgets.controller.ts": {"path":"C:\\Users\\ruthe\\.gemini\\antigravity\\scratch\\jnconta\\api\\src\\budgets.controller.ts","statementMap":{"0":{"start":{"line":1,"column":0},"end":{"line":1,"column":89}},"1":{"start":{"line":2,"column":0},"end":{"line":2,"column":49}},"2":{"start":{"line":5,"column":7},"end":{"line":100,"column":null}},"3":{"start":{"line":6,"column":22},"end":{"line":6,"column":30}},"4":{"start":{"line":10,"column":4},"end":{"line":10,"column":39}},"5":{"start":{"line":10,"column":29},"end":{"line":10,"column":39}},"6":{"start":{"line":14,"column":20},"end":{"line":18,"column":6}},"7":{"start":{"line":20,"column":4},"end":{"line":20,"column":19}},"8":{"start":{"line":25,"column":58},"end":{"line":25,"column":62}},"9":{"start":{"line":26,"column":4},"end":{"line":26,"column":96}},"10":{"start":{"line":26,"column":34},"end":{"line":26,"column":96}},"11":{"start":{"line":29,"column":21},"end":{"line":31,"column":6}},"12":{"start":{"line":33,"column":4},"end":{"line":42,"column":5}},"13":{"start":{"line":34,"column":6},"end":{"line":37,"column":9}},"14":{"start":{"line":39,"column":6},"end":{"line":41,"column":9}},"15":{"start":{"line":47,"column":4},"end":{"line":47,"column":49}},"16":{"start":{"line":47,"column":39},"end":{"line":47,"column":49}},"17":{"start":{"line":49,"column":15},"end":{"line":49,"column":29}},"18":{"start":{"line":50,"column":15},"end":{"line":50,"column":30}},"19":{"start":{"line":53,"column":20},"end":{"line":56,"column":6}},"20":{"start":{"line":58,"column":4},"end":{"line":58,"column":40}},"21":{"start":{"line":58,"column":30},"end":{"line":58,"column":40}},"22":{"start":{"line":61,"column":22},"end":{"line":61,"column":45}},"23":{"start":{"line":62,"column":20},"end":{"line":62,"column":51}},"24":{"start":{"line":64,"column":32},"end":{"line":73,"column":6}},"25":{"start":{"line":66,"column":42},"end":{"line":66,"column":53}},"26":{"start":{"line":76,"column":23},"end":{"line":96,"column":6}},"27":{"start":{"line":77,"column":19},"end":{"line":77,"column":77}},"28":{"start":{"line":77,"column":56},"end":{"line":77,"column":76}},"29":{"start":{"line":78,"column":20},"end":{"line":78,"column":21}},"30":{"start":{"line":80,"column":7},"end":{"line":85,"column":8}},"31":{"start":{"line":81,"column":24},"end":{"line":81,"column":75}},"32":{"start":{"line":81,"column":60},"end":{"line":81,"column":71}},"33":{"start":{"line":82,"column":25},"end":{"line":82,"column":77}},"34":{"start":{"line":82,"column":61},"end":{"line":82,"column":73}},"35":{"start":{"line":84,"column":9},"end":{"line":84,"column":81}},"36":{"start":{"line":87,"column":7},"end":{"line":95,"column":9}},"37":{"start":{"line":98,"column":4},"end":{"line":98,"column":22}},"38":{"start":{"line":5,"column":13},"end":{"line":5,"column":30}},"39":{"start":{"line":9,"column":8},"end":{"line":21,"column":null}},"40":{"start":{"line":24,"column":8},"end":{"line":43,"column":null}},"41":{"start":{"line":46,"column":8},"end":{"line":99,"column":null}},"42":{"start":{"line":5,"column":13},"end":{"line":100,"column":null}}},"fnMap":{"0":{"name":"(anonymous_4)","decl":{"start":{"line":6,"column":2},"end":{"line":6,"column":22}},"loc":{"start":{"line":6,"column":43},"end":{"line":6,"column":47}}},"1":{"name":"(anonymous_5)","decl":{"start":{"line":9,"column":2},"end":{"line":9,"column":7}},"loc":{"start":{"line":9,"column":85},"end":{"line":21,"column":3}}},"2":{"name":"(anonymous_6)","decl":{"start":{"line":24,"column":2},"end":{"line":24,"column":7}},"loc":{"start":{"line":24,"column":36},"end":{"line":43,"column":3}}},"3":{"name":"(anonymous_7)","decl":{"start":{"line":46,"column":2},"end":{"line":46,"column":7}},"loc":{"start":{"line":46,"column":119},"end":{"line":99,"column":3}}},"4":{"name":"(anonymous_8)","decl":{"start":{"line":66,"column":30},"end":{"line":66,"column":31}},"loc":{"start":{"line":66,"column":42},"end":{"line":66,"column":53}}},"5":{"name":"(anonymous_9)","decl":{"start":{"line":76,"column":35},"end":{"line":76,"column":36}},"loc":{"start":{"line":76,"column":46},"end":{"line":96,"column":5}}},"6":{"name":"(anonymous_10)","decl":{"start":{"line":77,"column":44},"end":{"line":77,"column":45}},"loc":{"start":{"line":77,"column":56},"end":{"line":77,"column":76}}},"7":{"name":"(anonymous_11)","decl":{"start":{"line":81,"column":50},"end":{"line":81,"column":51}},"loc":{"start":{"line":81,"column":60},"end":{"line":81,"column":71}}},"8":{"name":"(anonymous_12)","decl":{"start":{"line":82,"column":51},"end":{"line":82,"column":52}},"loc":{"start":{"line":82,"column":61},"end":{"line":82,"column":73}}}},"branchMap":{"0":{"loc":{"start":{"line":10,"column":4},"end":{"line":10,"column":39}},"type":"if","locations":[{"start":{"line":10,"column":4},"end":{"line":10,"column":39}}]},"1":{"loc":{"start":{"line":10,"column":8},"end":{"line":10,"column":27}},"type":"binary-expr","locations":[{"start":{"line":10,"column":8},"end":{"line":10,"column":18}},{"start":{"line":10,"column":22},"end":{"line":10,"column":27}}]},"2":{"loc":{"start":{"line":26,"column":4},"end":{"line":26,"column":96}},"type":"if","locations":[{"start":{"line":26,"column":4},"end":{"line":26,"column":96}}]},"3":{"loc":{"start":{"line":26,"column":8},"end":{"line":26,"column":32}},"type":"binary-expr","locations":[{"start":{"line":26,"column":8},"end":{"line":26,"column":18}},{"start":{"line":26,"column":22},"end":{"line":26,"column":32}}]},"4":{"loc":{"start":{"line":33,"column":4},"end":{"line":42,"column":5}},"type":"if","locations":[{"start":{"line":33,"column":4},"end":{"line":42,"column":5}},{"start":{"line":38,"column":11},"end":{"line":42,"column":5}}]},"5":{"loc":{"start":{"line":47,"column":4},"end":{"line":47,"column":49}},"type":"if","locations":[{"start":{"line":47,"column":4},"end":{"line":47,"column":49}}]},"6":{"loc":{"start":{"line":47,"column":8},"end":{"line":47,"column":37}},"type":"binary-expr","locations":[{"start":{"line":47,"column":8},"end":{"line":47,"column":18}},{"start":{"line":47,"column":22},"end":{"line":47,"column":27}},{"start":{"line":47,"column":31},"end":{"line":47,"column":37}}]},"7":{"loc":{"start":{"line":58,"column":4},"end":{"line":58,"column":40}},"type":"if","locations":[{"start":{"line":58,"column":4},"end":{"line":58,"column":40}}]},"8":{"loc":{"start":{"line":80,"column":7},"end":{"line":85,"column":8}},"type":"if","locations":[{"start":{"line":80,"column":7},"end":{"line":85,"column":8}}]},"9":{"loc":{"start":{"line":84,"column":18},"end":{"line":84,"column":80}},"type":"cond-expr","locations":[{"start":{"line":84,"column":45},"end":{"line":84,"column":61}},{"start":{"line":84,"column":64},"end":{"line":84,"column":80}}]},"10":{"loc":{"start":{"line":92,"column":17},"end":{"line":92,"column":28}},"type":"binary-expr","locations":[{"start":{"line":92,"column":17},"end":{"line":92,"column":23}},{"start":{"line":92,"column":27},"end":{"line":92,"column":28}}]},"11":{"loc":{"start":{"line":93,"column":31},"end":{"line":93,"column":42}},"type":"binary-expr","locations":[{"start":{"line":93,"column":31},"end":{"line":93,"column":37}},{"start":{"line":93,"column":41},"end":{"line":93,"column":42}}]},"12":{"loc":{"start":{"line":94,"column":22},"end":{"line":94,"column":66}},"type":"cond-expr","locations":[{"start":{"line":94,"column":37},"end":{"line":94,"column":62}},{"start":{"line":94,"column":65},"end":{"line":94,"column":66}}]}},"s":{"0":0,"1":0,"2":0,"3":0,"4":0,"5":0,"6":0,"7":0,"8":0,"9":0,"10":0,"11":0,"12":0,"13":0,"14":0,"15":0,"16":0,"17":0,"18":0,"19":0,"20":0,"21":0,"22":0,"23":0,"24":0,"25":0,"26":0,"27":0,"28":0,"29":0,"30":0,"31":0,"32":0,"33":0,"34":0,"35":0,"36":0,"37":0,"38":0,"39":0,"40":0,"41":0,"42":0},"f":{"0":0,"1":0,"2":0,"3":0,"4":0,"5":0,"6":0,"7":0,"8":0},"b":{"0":[0],"1":[0,0],"2":[0],"3":[0,0],"4":[0,0],"5":[0],"6":[0,0,0],"7":[0],"8":[0],"9":[0,0],"10":[0,0],"11":[0,0],"12":[0,0]}}
,"C:\\Users\\ruthe\\.gemini\\antigravity\\scratch\\jnconta\\api\\src\\clients.controller.ts": {"path":"C:\\Users\\ruthe\\.gemini\\antigravity\\scratch\\jnconta\\api\\src\\clients.controller.ts","statementMap":{"0":{"start":{"line":1,"column":0},"end":{"line":1,"column":88}},"1":{"start":{"line":2,"column":0},"end":{"line":2,"column":49}},"2":{"start":{"line":5,"column":7},"end":{"line":36,"column":null}},"3":{"start":{"line":6,"column":22},"end":{"line":6,"column":30}},"4":{"start":{"line":10,"column":4},"end":{"line":19,"column":7}},"5":{"start":{"line":24,"column":4},"end":{"line":24,"column":47}},"6":{"start":{"line":29,"column":4},"end":{"line":29,"column":62}},"7":{"start":{"line":34,"column":4},"end":{"line":34,"column":83}},"8":{"start":{"line":5,"column":13},"end":{"line":5,"column":30}},"9":{"start":{"line":9,"column":2},"end":{"line":20,"column":null}},"10":{"start":{"line":23,"column":2},"end":{"line":25,"column":null}},"11":{"start":{"line":28,"column":2},"end":{"line":30,"column":null}},"12":{"start":{"line":33,"column":2},"end":{"line":35,"column":null}},"13":{"start":{"line":5,"column":13},"end":{"line":36,"column":null}}},"fnMap":{"0":{"name":"(anonymous_4)","decl":{"start":{"line":6,"column":2},"end":{"line":6,"column":22}},"loc":{"start":{"line":6,"column":43},"end":{"line":6,"column":47}}},"1":{"name":"(anonymous_5)","decl":{"start":{"line":9,"column":2},"end":{"line":9,"column":9}},"loc":{"start":{"line":9,"column":47},"end":{"line":20,"column":3}}},"2":{"name":"(anonymous_6)","decl":{"start":{"line":23,"column":2},"end":{"line":23,"column":8}},"loc":{"start":{"line":23,"column":26},"end":{"line":25,"column":3}}},"3":{"name":"(anonymous_7)","decl":{"start":{"line":28,"column":2},"end":{"line":28,"column":8}},"loc":{"start":{"line":28,"column":51},"end":{"line":30,"column":3}}},"4":{"name":"(anonymous_8)","decl":{"start":{"line":33,"column":2},"end":{"line":33,"column":8}},"loc":{"start":{"line":33,"column":32},"end":{"line":35,"column":3}}}},"branchMap":{},"s":{"0":0,"1":0,"2":0,"3":0,"4":0,"5":0,"6":0,"7":0,"8":0,"9":0,"10":0,"11":0,"12":0,"13":0},"f":{"0":0,"1":0,"2":0,"3":0,"4":0},"b":{}}
,"C:\\Users\\ruthe\\.gemini\\antigravity\\scratch\\jnconta\\api\\src\\companies.controller.ts": {"path":"C:\\Users\\ruthe\\.gemini\\antigravity\\scratch\\jnconta\\api\\src\\companies.controller.ts","statementMap":{"0":{"start":{"line":1,"column":0},"end":{"line":1,"column":null}},"1":{"start":{"line":5,"column":0},"end":{"line":5,"column":59}},"2":{"start":{"line":6,"column":0},"end":{"line":6,"column":49}},"3":{"start":{"line":9,"column":7},"end":{"line":75,"column":null}},"4":{"start":{"line":10,"column":22},"end":{"line":10,"column":30}},"5":{"start":{"line":14,"column":4},"end":{"line":16,"column":7}},"6":{"start":{"line":21,"column":4},"end":{"line":23,"column":7}},"7":{"start":{"line":28,"column":4},"end":{"line":30,"column":5}},"8":{"start":{"line":29,"column":6},"end":{"line":29,"column":65}},"9":{"start":{"line":31,"column":4},"end":{"line":41,"column":7}},"10":{"start":{"line":51,"column":14},"end":{"line":51,"column":21}},"11":{"start":{"line":53,"column":4},"end":{"line":58,"column":5}},"12":{"start":{"line":56,"column":21},"end":{"line":56,"column":51}},"13":{"start":{"line":57,"column":6},"end":{"line":57,"column":53}},"14":{"start":{"line":60,"column":4},"end":{"line":60,"column":66}},"15":{"start":{"line":60,"column":14},"end":{"line":60,"column":66}},"16":{"start":{"line":62,"column":4},"end":{"line":65,"column":7}},"17":{"start":{"line":70,"column":4},"end":{"line":73,"column":7}},"18":{"start":{"line":9,"column":13},"end":{"line":9,"column":32}},"19":{"start":{"line":13,"column":8},"end":{"line":17,"column":null}},"20":{"start":{"line":20,"column":8},"end":{"line":24,"column":null}},"21":{"start":{"line":27,"column":8},"end":{"line":42,"column":null}},"22":{"start":{"line":46,"column":8},"end":{"line":66,"column":null}},"23":{"start":{"line":69,"column":8},"end":{"line":74,"column":null}},"24":{"start":{"line":9,"column":13},"end":{"line":75,"column":null}}},"fnMap":{"0":{"name":"(anonymous_4)","decl":{"start":{"line":10,"column":2},"end":{"line":10,"column":22}},"loc":{"start":{"line":10,"column":43},"end":{"line":10,"column":47}}},"1":{"name":"(anonymous_5)","decl":{"start":{"line":13,"column":2},"end":{"line":13,"column":7}},"loc":{"start":{"line":13,"column":15},"end":{"line":17,"column":3}}},"2":{"name":"(anonymous_6)","decl":{"start":{"line":20,"column":2},"end":{"line":20,"column":7}},"loc":{"start":{"line":20,"column":39},"end":{"line":24,"column":3}}},"3":{"name":"(anonymous_7)","decl":{"start":{"line":27,"column":2},"end":{"line":27,"column":7}},"loc":{"start":{"line":27,"column":32},"end":{"line":42,"column":3}}},"4":{"name":"(anonymous_8)","decl":{"start":{"line":46,"column":2},"end":{"line":46,"column":7}},"loc":{"start":{"line":49,"column":37},"end":{"line":66,"column":3}}},"5":{"name":"(anonymous_9)","decl":{"start":{"line":69,"column":2},"end":{"line":69,"column":7}},"loc":{"start":{"line":69,"column":57},"end":{"line":74,"column":3}}}},"branchMap":{"0":{"loc":{"start":{"line":28,"column":4},"end":{"line":30,"column":5}},"type":"if","locations":[{"start":{"line":28,"column":4},"end":{"line":30,"column":5}}]},"1":{"loc":{"start":{"line":28,"column":8},"end":{"line":28,"column":31}},"type":"binary-expr","locations":[{"start":{"line":28,"column":8},"end":{"line":28,"column":17}},{"start":{"line":28,"column":21},"end":{"line":28,"column":31}}]},"2":{"loc":{"start":{"line":35,"column":23},"end":{"line":35,"column":50}},"type":"binary-expr","locations":[{"start":{"line":35,"column":23},"end":{"line":35,"column":41}},{"start":{"line":35,"column":45},"end":{"line":35,"column":50}}]},"3":{"loc":{"start":{"line":39,"column":18},"end":{"line":39,"column":40}},"type":"binary-expr","locations":[{"start":{"line":39,"column":18},"end":{"line":39,"column":31}},{"start":{"line":39,"column":35},"end":{"line":39,"column":40}}]},"4":{"loc":{"start":{"line":53,"column":4},"end":{"line":58,"column":5}},"type":"if","locations":[{"start":{"line":53,"column":4},"end":{"line":58,"column":5}}]},"5":{"loc":{"start":{"line":60,"column":4},"end":{"line":60,"column":66}},"type":"if","locations":[{"start":{"line":60,"column":4},"end":{"line":60,"column":66}}]}},"s":{"0":0,"1":0,"2":0,"3":0,"4":0,"5":0,"6":0,"7":0,"8":0,"9":0,"10":0,"11":0,"12":0,"13":0,"14":0,"15":0,"16":0,"17":0,"18":0,"19":0,"20":0,"21":0,"22":0,"23":0,"24":0},"f":{"0":0,"1":0,"2":0,"3":0,"4":0,"5":0},"b":{"0":[0],"1":[0,0],"2":[0,0],"3":[0,0],"4":[0],"5":[0]}}
,"C:\\Users\\ruthe\\.gemini\\antigravity\\scratch\\jnconta\\api\\src\\currency.controller.ts": {"path":"C:\\Users\\ruthe\\.gemini\\antigravity\\scratch\\jnconta\\api\\src\\currency.controller.ts","statementMap":{"0":{"start":{"line":1,"column":0},"end":{"line":1,"column":89}},"1":{"start":{"line":2,"column":0},"end":{"line":2,"column":31}},"2":{"start":{"line":3,"column":0},"end":{"line":3,"column":49}},"3":{"start":{"line":4,"column":0},"end":{"line":4,"column":53}},"4":{"start":{"line":6,"column":22},"end":{"line":6,"column":53}},"5":{"start":{"line":7,"column":22},"end":{"line":7,"column":27}},"6":{"start":{"line":10,"column":2},"end":{"line":12,"column":3}},"7":{"start":{"line":11,"column":4},"end":{"line":11,"column":101}},"8":{"start":{"line":13,"column":2},"end":{"line":29,"column":5}},"9":{"start":{"line":14,"column":16},"end":{"line":14,"column":96}},"10":{"start":{"line":15,"column":20},"end":{"line":15,"column":93}},"11":{"start":{"line":16,"column":16},"end":{"line":27,"column":6}},"12":{"start":{"line":17,"column":17},"end":{"line":17,"column":19}},"13":{"start":{"line":18,"column":6},"end":{"line":18,"column":49}},"14":{"start":{"line":18,"column":33},"end":{"line":18,"column":46}},"15":{"start":{"line":19,"column":6},"end":{"line":26,"column":9}},"16":{"start":{"line":20,"column":8},"end":{"line":25,"column":119}},"17":{"start":{"line":21,"column":25},"end":{"line":21,"column":41}},"18":{"start":{"line":22,"column":25},"end":{"line":22,"column":61}},"19":{"start":{"line":23,"column":10},"end":{"line":24,"column":114}},"20":{"start":{"line":23,"column":22},"end":{"line":23,"column":104}},"21":{"start":{"line":24,"column":15},"end":{"line":24,"column":114}},"22":{"start":{"line":25,"column":18},"end":{"line":25,"column":117}},"23":{"start":{"line":28,"column":4},"end":{"line":28,"column":126}},"24":{"start":{"line":28,"column":26},"end":{"line":28,"column":124}},"25":{"start":{"line":33,"column":18},"end":{"line":33,"column":20}},"26":{"start":{"line":34,"column":13},"end":{"line":34,"column":30}},"27":{"start":{"line":35,"column":2},"end":{"line":41,"column":3}},"28":{"start":{"line":35,"column":15},"end":{"line":35,"column":17}},"29":{"start":{"line":36,"column":17},"end":{"line":36,"column":27}},"30":{"start":{"line":37,"column":4},"end":{"line":37,"column":37}},"31":{"start":{"line":38,"column":4},"end":{"line":38,"column":61}},"32":{"start":{"line":38,"column":52},"end":{"line":38,"column":61}},"33":{"start":{"line":39,"column":4},"end":{"line":39,"column":41}},"34":{"start":{"line":40,"column":4},"end":{"line":40,"column":96}},"35":{"start":{"line":42,"column":2},"end":{"line":42,"column":17}},"36":{"start":{"line":46,"column":7},"end":{"line":222,"column":null}},"37":{"start":{"line":48,"column":12},"end":{"line":48,"column":20}},"38":{"start":{"line":49,"column":12},"end":{"line":49,"column":29}},"39":{"start":{"line":54,"column":19},"end":{"line":54,"column":43}},"40":{"start":{"line":55,"column":4},"end":{"line":55,"column":42}},"41":{"start":{"line":60,"column":21},"end":{"line":60,"column":45}},"42":{"start":{"line":61,"column":4},"end":{"line":61,"column":65}},"43":{"start":{"line":66,"column":4},"end":{"line":66,"column":95}},"44":{"start":{"line":66,"column":29},"end":{"line":66,"
[...]
mn":31},"end":{"line":299,"column":40}}]},"61":{"loc":{"start":{"line":317,"column":4},"end":{"line":317,"column":71}},"type":"if","locations":[{"start":{"line":317,"column":4},"end":{"line":317,"column":71}}]},"62":{"loc":{"start":{"line":324,"column":4},"end":{"line":334,"column":5}},"type":"if","locations":[{"start":{"line":324,"column":4},"end":{"line":334,"column":5}}]},"63":{"loc":{"start":{"line":328,"column":16},"end":{"line":328,"column":47}},"type":"binary-expr","locations":[{"start":{"line":328,"column":16},"end":{"line":328,"column":30}},{"start":{"line":328,"column":34},"end":{"line":328,"column":47}}]},"64":{"loc":{"start":{"line":338,"column":15},"end":{"line":338,"column":62}},"type":"binary-expr","locations":[{"start":{"line":338,"column":15},"end":{"line":338,"column":24}},{"start":{"line":338,"column":28},"end":{"line":338,"column":53}},{"start":{"line":338,"column":57},"end":{"line":338,"column":62}}]}},"s":{"0":0,"1":0,"2":0,"3":0,"4":0,"5":0,"6":0,"7":0,"8":0,"9":0,"10":0,"11":0,"12":0,"13":0,"14":0,"15":0,"16":0,"17":0,"18":0,"19":0,"20":0,"21":0,"22":0,"23":0,"24":0,"25":0,"26":0,"27":0,"28":0,"29":0,"30":0,"31":0,"32":0,"33":0,"34":0,"35":0,"36":0,"37":0,"38":0,"39":0,"40":0,"41":0,"42":0,"43":0,"44":0,"45":0,"46":0,"47":0,"48":0,"49":0,"50":0,"51":0,"52":0,"53":0,"54":0,"55":0,"56":0,"57":0,"58":0,"59":0,"60":0,"61":0,"62":0,"63":0,"64":0,"65":0,"66":0,"67":0,"68":0,"69":0,"70":0,"71":0,"72":0,"73":0,"74":0,"75":0,"76":0,"77":0,"78":0,"79":0,"80":0,"81":0,"82":0,"83":0,"84":0,"85":0,"86":0,"87":0,"88":0,"89":0,"90":0,"91":0,"92":0,"93":0,"94":0,"95":0,"96":0,"97":0,"98":0,"99":0,"100":0,"101":0,"102":0,"103":0,"104":0,"105":0,"106":0,"107":0,"108":0,"109":0,"110":0,"111":0,"112":0,"113":0,"114":0,"115":0,"116":0,"117":0,"118":0,"119":0,"120":0,"121":0,"122":0,"123":0,"124":0,"125":0,"126":0,"127":0,"128":0,"129":0,"130":0,"131":0,"132":0,"133":0,"134":0,"135":0,"136":0,"137":0,"138":0,"139":0,"140":0,"141":0,"142":0,"143":0,"144":0,"145":0,"146":0,"147":0},"f":{"0":0,"1":0,"2":0,"3":0,"4":0,"5":0,"6":0,"7":0,"8":0,"9":0,"10":0,"11":0,"12":0,"13":0,"14":0,"15":0,"16":0,"17":0,"18":0,"19":0,"20":0},"b":{"0":[0,0,0],"1":[0,0],"2":[0,0],"3":[0],"4":[0,0],"5":[0,0,0],"6":[0,0,0],"7":[0,0,0],"8":[0,0,0],"9":[0,0,0],"10":[0,0,0],"11":[0,0,0],"12":[0,0],"13":[0,0],"14":[0,0],"15":[0,0,0],"16":[0,0,0],"17":[0,0,0],"18":[0,0,0],"19":[0,0,0],"20":[0,0,0],"21":[0,0,0],"22":[0,0,0],"23":[0,0,0],"24":[0,0,0],"25":[0,0,0],"26":[0,0,0],"27":[0,0,0],"28":[0,0],"29":[0,0],"30":[0,0],"31":[0],"32":[0,0],"33":[0],"34":[0,0],"35":[0,0],"36":[0,0],"37":[0],"38":[0,0],"39":[0],"40":[0,0],"41":[0,0],"42":[0],"43":[0],"44":[0],"45":[0],"46":[0],"47":[0,0],"48":[0,0],"49":[0,0],"50":[0],"51":[0],"52":[0],"53":[0],"54":[0],"55":[0],"56":[0],"57":[0,0],"58":[0,0],"59":[0,0],"60":[0,0],"61":[0],"62":[0],"63":[0,0],"64":[0,0,0]}}
,"C:\\Users\\ruthe\\.gemini\\antigravity\\scratch\\jnconta\\api\\src\\ia\\ia.controller.ts": {"path":"C:\\Users\\ruthe\\.gemini\\antigravity\\scratch\\jnconta\\api\\src\\ia\\ia.controller.ts","statementMap":{"0":{"start":{"line":1,"column":0},"end":{"line":1,"column":83}},"1":{"start":{"line":2,"column":0},"end":{"line":2,"column":41}},"2":{"start":{"line":5,"column":7},"end":{"line":38,"column":null}},"3":{"start":{"line":6,"column":31},"end":{"line":6,"column":42}},"4":{"start":{"line":12,"column":44},"end":{"line":12,"column":48}},"5":{"start":{"line":13,"column":4},"end":{"line":15,"column":5}},"6":{"start":{"line":14,"column":6},"end":{"line":14,"column":100}},"7":{"start":{"line":17,"column":4},"end":{"line":24,"column":5}},"8":{"start":{"line":18,"column":6},"end":{"line":18,"column":83}},"9":{"start":{"line":20,"column":6},"end":{"line":23,"column":8}},"10":{"start":{"line":29,"column":4},"end":{"line":29,"column":99}},"11":{"start":{"line":29,"column":25},"end":{"line":29,"column":99}},"12":{"start":{"line":30,"column":4},"end":{"line":30,"column":70}},"13":{"start":{"line":35,"column":4},"end":{"line":35,"column":99}},"14":{"start":{"line":35,"column":25},"end":{"line":35,"column":99}},"15":{"start":{"line":36,"column":4},"end":{"line":36,"column":63}},"16":{"start":{"line":5,"column":13},"end":{"line":5,"column":25}},"17":{"start":{"line":9,"column":8},"end":{"line":25,"column":null}},"18":{"start":{"line":28,"column":8},"end":{"line":31,"column":null}},"19":{"start":{"line":34,"column":8},"end":{"line":37,"column":null}},"20":{"start":{"line":5,"column":13},"end":{"line":38,"column":null}}},"fnMap":{"0":{"name":"(anonymous_4)","decl":{"start":{"line":6,"column":2},"end":{"line":6,"column":31}},"loc":{"start":{"line":6,"column":51},"end":{"line":6,"column":55}}},"1":{"name":"(anonymous_5)","decl":{"start":{"line":9,"column":2},"end":{"line":9,"column":7}},"loc":{"start":{"line":10,"column":72},"end":{"line":25,"column":3}}},"2":{"name":"(anonymous_6)","decl":{"start":{"line":28,"column":2},"end":{"line":28,"column":7}},"loc":{"start":{"line":28,"column":51},"end":{"line":31,"column":3}}},"3":{"name":"(anonymous_7)","decl":{"start":{"line":34,"column":2},"end":{"line":34,"column":7}},"loc":{"start":{"line":34,"column":53},"end":{"line":37,"column":3}}}},"branchMap":{"0":{"loc":{"start":{"line":13,"column":4},"end":{"line":15,"column":5}},"type":"if","locations":[{"start":{"line":13,"column":4},"end":{"line":15,"column":5}}]},"1":{"loc":{"start":{"line":13,"column":8},"end":{"line":13,"column":30}},"type":"binary-expr","locations":[{"start":{"line":13,"column":8},"end":{"line":13,"column":18}},{"start":{"line":13,"column":22},"end":{"line":13,"column":30}}]},"2":{"loc":{"start":{"line":18,"column":59},"end":{"line":18,"column":72}},"type":"binary-expr","locations":[{"start":{"line":18,"column":59},"end":{"line":18,"column":66}},{"start":{"line":18,"column":70},"end":{"line":18,"column":72}}]},"3":{"loc":{"start":{"line":21,"column":8},"end":{"line":21,"column":58}},"type":"binary-expr","locations":[{"start":{"line":21,"column":8},"end":{"line":21,"column":21}},{"start":{"line":21,"column":25},"end":{"line":21,"column":58}}]},"4":{"loc":{"start":{"line":29,"column":4},"end":{"line":29,"column":99}},"type":"if","locations":[{"start":{"line":29,"column":4},"end":{"line":29,"column":99}}]},"5":{"loc":{"start":{"line":35,"column":4},"end":{"line":35,"column":99}},"type":"if","locations":[{"start":{"line":35,"column":4},"end":{"line":35,"column":99}}]}},"s":{"0":0,"1":0,"2":0,"3":0,"4":0,"5":0,"6":0,"7":0,"8":0,"9":0,"10":0,"11":0,"12":0,"13":0,"14":0,"15":0,"16":0,"17":0,"18":0,"19":0,"20":0},"f":{"0":0,"1":0,"2":0,"3":0},"b":{"0":[0],"1":[0,0],"2":[0,0],"3":[0,0],"4":[0],"5":[0]}}
,"C:\\Users\\ruthe\\.gemini\\antigravity\\scratch\\jnconta\\api\\src\\ia\\ia.module.ts": {"path":"C:\\Users\\ruthe\\.gemini\\antigravity\\scratch\\jnconta\\api\\src\\ia\\ia.module.ts","statementMap":{"0":{"start":{"line":1,"column":0},"end":{"line":1,"column":54}},"1":{"start":{"line":2,"column":0},"end":{"line":2,"column":47}},"2":{"start":{"line":3,"column":0},"end":{"line":3,"column":41}},"3":{"start":{"line":4,"column":0},"end":{"line":4,"column":50}},"4":{"start":{"line":5,"column":0},"end":{"line":5,"column":44}},"5":{"start":{"line":11,"column":7},"end":{"line":11,"column":null}},"6":{"start":{"line":11,"column":13},"end":{"line":11,"column":21}},"7":{"start":{"line":11,"column":13},"end":{"line":11,"column":null}}},"fnMap":{},"branchMap":{},"s":{"0":0,"1":0,"2":0,"3":0,"4":0,"5":0,"6":0,"7":0},"f":{},"b":{}}
,"C:\\Users\\ruthe\\.gemini\\antigravity\\scratch\\jnconta\\api\\src\\ia\\ia.service.ts": {"path":"C:\\Users\\ruthe\\.gemini\\antigravity\\scratch\\jnconta\\api\\src\\ia\\ia.service.ts","statementMap":{"0":{"start":{"line":1,"column":0},"end":{"line":1,"column":44}},"1":{"start":{"line":2,"column":0},"end":{"line":2,"column":50}},"2":{"start":{"line":3,"column":0},"end":{"line":3,"column":44}},"3":{"start":{"line":5,"column":19},"end":{"line":5,"column":109}},"4":{"start":{"line":8,"column":64},"end":{"line":37,"column":2}},"5":{"start":{"line":40,"column":16},"end":{"line":40,"column":37}},"6":{"start":{"line":41,"column":16},"end":{"line":42,"column":null}},"7":{"start":{"line":42,"column":4},"end":{"line":42,"column":51}},"8":{"start":{"line":42,"column":32},"end":{"line":42,"column":50}},"9":{"start":{"line":44,"column":2},"end":{"line":44,"column":36}},"10":{"start":{"line":44,"column":13},"end":{"line":44,"column":36}},"11":{"start":{"line":45,"column":2},"end":{"line":45,"column":461}},"12":{"start":{"line":50,"column":7},"end":{"line":180,"column":null}},"13":{"start":{"line":52,"column":12},"end":{"line":52,"column":20}},"14":{"start":{"line":53,"column":12},"end":{"line":53,"column":24}},"15":{"start":{"line":57,"column":19},"end":{"line":57,"column":45}},"16":{"start":{"line":61,"column":6},"end":{"line":69,"column":8}},"17":{"start":{"line":63,"column":73},"end":{"line":63,"column":74}},"18":{"start":{"line":64,"column":106},"end":{"line":64,"column":130}},"19":{"start":{"line":65,"column":119},"end":{"line":65,"column":141}},"20":{"start":{"line":66,"column":118},"end":{"line":66,"column":140}},"21":{"start":{"line":67,"column":91},"end":{"line":67,"column":92}},"22":{"start":{"line":68,"column":63},"end":{"line":68,"column":65}},"23":{"start":{"line":71,"column":4},"end":{"line":71,"column":60}},"24":{"start":{"line":71,"column":18},"end":{"line":71,"column":60}},"25":{"start":{"line":73,"column":29},"end":{"line":73,"column":60}},"26":{"start":{"line":74,"column":30},"end":{"line":74,"column":62}},"27":{"start":{"line":75,"column":28},"end":{"line":75,"column":58}},"28":{"start":{"line":77,"column":4},"end":{"line":79,"column":5}},"29":{"start":{"line":78,"column":6},"end":{"line":78,"column":79}},"30":{"start":{"line":81,"column":25},"end":{"line":94,"column":178}},"31":{"start":{"line":96,"column":24},"end":{"line":106,"column":6}},"32":{"start":{"line":99,"column":38},"end":{"line":102,"column":10}},"33":{"start":{"line":108,"column":21},"end":{"line":112,"column":6}},"34":{"start":{"line":114,"column":17},"end":{"line":114,"column":38}},"35":{"start":{"line":117,"column":4},"end":{"line":123,"column":5}},"36":{"start":{"line":118,"column":6},"end":{"line":121,"column":7}},"37":{"start":{"line":119,"column":24},"end":{"line":119,"column":51}},"38":{"start":{"line":120,"column":8},"end":{"line":120,"column":61}},"39":{"start":{"line":122,"column":6},"end":{"line":122,"column":65}},"40":{"start":{"line":125,"column":4},"end":{"line":125,"column":67}},"41":{"start":{"line":129,"column":19},"end":{"line":129,"column":45}},"42":{"start":{"line":130,"column":4},"end":{"line":130,"column":60}},"43":{"start":{"line":130,"column":17},"end":{"line":130,"column":60}},"44":{"start":{"line":132,"column":4},"end":{"line":151,"column":5}},"45":{"start":{"line":133,"column":44},"end":{"line":136,"column":8}},"46":{"start":{"line":138,"column":24},"end":{"line":138,"column":54}},"47":{"start":{"line":139,"column":26},"end":{"line":139,"column":53}},"48":{"start":{"line":141,"column":21},"end":{"line":141,"column":225}},"49":{"start":{"line":142,"column":23},"end":{"line":146,"column":8}},"50":{"start":{"line":147,"column":19},"end":{"line":147,"column":40}},"51":{"start":{"line":148,"column":6},"end":{"line":148,"column":99}},"52":{"start":{"line":150,"column":6},"end":{"line":150,"column":60}},"53":{"start":{"line":155,"column":19},"end":{"line":155,"column":45}},"54":{"start":{"line":156,"column":4},"end":{"line":156,"column":116}},"55":{"start":{"line":156,"column":17},"end":{"line":156,"column":116}},"56":{"start":{"line":158,"column":4},"end":{"line":178,"column":5}},"57":{"start":{"line":159,"column":19},"end":{"line":163,"column":8}},"58":{"start":{"line":164,"column":23},"end":{"line":164,"column":107}},"59":{"start":{"line":164,"column":60},"end":{"line":164,"column":104}},"60":{"start":{"line":165,"column":21},"end":{"line":165,"column":201}},"61":{"start":{"line":166,"column":23},"end":{"line":170,"column":8}},"62":{"start":{"line":171,"column":19},"end":{"line":171,"column":40}},"63":{"start":{"line":172,"column":6},"end":{"line":172,"column":58}},"64":{"start":{"line":172,"column":22},"end":{"line":172,"column":58}},"65":{"start":{"line":173,"column":20},"end":{"line":173,"column":75}},"66":{"start":{"line":174,"column":6},"end":{"line":174,"column":75}},"67":{"start":{"line":175,"column":6},"end":{"line":175,"column":48}},"68":{"start":{"line":177,"column":6},"end":{"line":177,"column":113}},"69":{"start":{"line":50,"column":13},"end":{"line":50,"column":22}},"70":{"start":{"line":50,"column":13},"end":{"line":180,"column":null}}},"fnMap":{"0":{"name":"offlineResponse","decl":{"start":{"line":39,"column":9},"end":{"line":39,"column":24}},"loc":{"start":{"line":39,"column":40},"end":{"line":46,"column":1}}},"1":{"name":"(anonymous_3)","decl":{"start":{"line":41,"column":32},"end":{"line":41,"column":33}},"loc":{"start":{"line":42,"column":4},"end":{"line":42,"column":51}}},"2":{"name":"(anonymous_4)","decl":{"start":{"line":42,"column":24},"end":{"line":42,"column":25}},"loc":{"start":{"line":42,"column":32},"end":{"line":42,"column":50}}},"3":{"name":"(anonymous_5)","decl":{"start":{"line":51,"column":2},"end":{"line":51,"column":null}},"loc":{"start":{"line":53,"column":34},"end":{"line":54,"column":6}}},"4":{"name":"(anonymous_6)","decl":{"start":{"line":56,"column":2},"end":{"line":56,"column":7}},"loc":{"start":{"line":56,"column":75},"end":{"line":126,"column":3}}},"5":{"name":"(anonymous_7)","decl":{"start":{"line":63,"column":67},"end":{"line":63,"column":70}},"loc":{"start":{"line":63,"column":73},"end":{"line":63,"column":74}}},"6":{"name":"(anonymous_8)","decl":{"start":{"line":64,"column":99},"end":{"line":64,"column":102}},"loc":{"start":{"line":64,"column":106},"end":{"line":64,"column":130}}},"7":{"name":"(anonymous_9)","decl":{"start":{"line":65,"column":112},"end":{"line":65,"column":115}},"loc":{"start":{"line":65,"column":119},"end":{"line":65,"column":141}}},"8":{"name":"(anonymous_10)","decl":{"start":{"line":66,"column":111},"end":{"line":66,"column":114}},"loc":{"start":{"line":66,"column":118},"end":{"line":66,"column":140}}},"9":{"name":"(anonymous_11)","decl":{"start":{"line":67,"column":85},"end":{"line":67,"column":88}},"loc":{"start":{"line":67,"column":91},"end":{"line":67,"column":92}}},"10":{"name":"(anonymous_12)","decl":{"start":{"line":68,"column":57},"end":{"line":68,"column":60}},"loc":{"start":{"line":68,"column":63},"end":{"line":68,"column":65}}},"11":{"name":"(anonymous_13)","decl":{"start":{"line":99,"column":23},"end":{"line":99,"column":24}},"loc":{"start":{"line":99,"column":38},"end":{"line":102,"column":10}}},"12":{"name":"(anonymous_14)","decl":{"start":{"line":128,"column":2},"end":{"line":128,"column":7}},"loc":{"start":{"line":128,"column":47},"end":{"line":152,"column":3}}},"13":{"name":"(anonymous_15)","decl":{"start":{"line":154,"column":2},"end":{"line":154,"column":7}},"loc":{"start":{"line":154,"column":40},"end":{"line":179,"column":3}}},"14":{"name":"(anonymous_16)","decl":{"start":{"line":164,"column":47},"end":{"line":164,"column":48}},"loc":{"start":{"line":164,"column":60},"end":{"line":164,"column":104}}}},"branchMap":{"0":{"loc":{"start":{"line":44,"column":2},"end":{"line":44,"column":36}},"type":"if","locations":[{"start":{"line":44,"column":2},"end":{"line":44,"column":36}}]},"1":{"loc":{"start":{"line":71,"column":4},"end":{"line":71,"column":60}},"type":"if","locations":[{"start":{"line":71,"column":4},"end":{"line":71,"column":60}}]},"2":{"loc":{"start":{"line":73,"column":29},"end":{"line":73,"column":60}},"type":"binary-expr","locations":[{"start":{"line":73,"column":29},"end":{"line":73,"column":55}},{"start":{"line":73,"column":59},"end":{"line":73,"column":60}}]},"3":{"loc":{"start":{"line":74,"column":30},"end":{"line":74,"column":62}},"type":"binary-expr","locations":[{"start":{"line":74,"column":30},"end":{"line":74,"column":57}},{"start":{"line":74,"column":61},"end":{"line":74,"column":62}}]},"4":{"loc":{"start":{"line":75,"column":28},"end":{"line":75,"column":58}},"type":"binary-expr","locations":[{"start":{"line":75,"column":28},"end":{"line":75,"column":53}},{"start":{"line":75,"column":57},"end":{"line":75,"column":58}}]},"5":{"loc":{"start":{"line":77,"column":4},"end":{"line":79,"column":5}},"type":"if","locations":[{"start":{"line":77,"column":4},"end":{"line":79,"column":5}}]},"6":{"loc":{"start":{"line":78,"column":26},"end":{"line":78,"column":76}},"type":"binary-expr","locations":[{"start":{"line":78,"column":26},"end":{"line":78,"column":53}},{"start":{"line":78,"column":57},"end":{"line":78,"column":76}}]},"7":{"loc":{"start":{"line":91,"column":31},"end":{"line":91,"column":139}},"type":"cond-expr","locations":[{"start":{"line":91,"column":56},"end":{"line":91,"column":125}},{"start":{"line":91,"column":128},"end":{"line":91,"column":139}}]},"8":{"loc":{"start":{"line":100,"column":16},"end":{"line":100,"column":52}},"type":"cond-expr","locations":[{"start":{"line":100,"column":36},"end":{"line":100,"column":43}},{"start":{"line":100,"column":46},"end":{"line":100,"column":52}}]},"9":{"loc":{"start":{"line":117,"column":4},"end":{"line":123,"column":5}},"type":"if","locations":[{"start":{"line":117,"column":4},"end":{"line":123,"column":5}}]},"10":{"loc":{"start":{"line":118,"column":6},"end":{"line":121,"column":7}},"type":"if","locations":[{"start":{"line":118,"column":6},"end":{"line":121,"column":7}}]},"11":{"loc":{"start":{"line":120,"column":28},"end":{"line":120,"column":58}},"type":"binary-expr","locations":[{"start":{"line":120,"column":28},"end":{"line":120,"column":35}},{"start":{"line":120,"column":39},"end":{"line":120,"column":58}}]},"12":{"loc":{"start":{"line":130,"column":4},"end":{"line":130,"column":60}},"type":"if","locations":[{"start":{"line":130,"column":4},"end":{"line":130,"column":60}}]},"13":{"loc":{"start":{"line":138,"column":24},"end":{"line":138,"column":54}},"type":"binary-expr","locations":[{"start":{"line":138,"column":24},"end":{"line":138,"column":49}},{"start":{"line":138,"column":53},"end":{"line":138,"column":54}}]},"14":{"loc":{"start":{"line":139,"column":26},"end":{"line":139,"column":53}},"type":"binary-expr","locations":[{"start":{"line":139,"column":26},"end":{"line":139,"column":48}},{"start":{"line":139,"column":52},"end":{"line":139,"column":53}}]},"15":{"loc":{"start":{"line":148,"column":21},"end":{"line":148,"column":96}},"type":"binary-expr","locations":[{"start":{"line":148,"column":21},"end":{"line":148,"column":68}},{"start":{"line":148,"column":72},"end":{"line":148,"column":96}}]},"16":{"loc":{"start":{"line":156,"column":4},"end":{"line":156,"column":116}},"type":"if","locations":[{"start":{"line":156,"column":4},"end":{"line":156,"column":116}}]},"17":{"loc":{"start":{"line":172,"column":6},"end":{"line":172,"column":58}},"type":"if","locations":[{"start":{"line":172,"column":6},"end":{"line":172,"column":58}}]},"18":{"loc":{"start":{"line":173,"column":20},"end":{"line":173,"column":75}},"type":"binary-expr","locations":[{"start":{"line":173,"column":20},"end":{"line":173,"column":67}},{"start":{"line":173,"column":71},"end":{"line":173,"column":75}}]}},"s":{"0":1,"1":1,"2":1,"3":1,"4":1,"5":7,"6":7,"7":25,"8":86,"9":7,"10":6,"11":1,"12":1,"13":10,"14":10,"15":8,"16":8,"17":0,"18":0,"19":0,"20":0,"21":0,"22":1,"23":8,"24":1,"25":7,"26":7,"27":7,"28":7,"29":7,"30":0,"31":0,"32":0,"33":0,"34":0,"35":0,"36":0,"37":0,"38":0,"39":0,"40":0,"41":1,"42":1,"43":1,"44":0,"45":0,"46":0,"47":0,"48":0,"49":0,"50":0,"51":0,"52":0,"53":1,"54":1,"55":1,"56":0,"57":0,"58":0,"59":0,"60":0,"61":0,"62":0,"63":0,"64":0,"65":0,"66":0,"67":0,"68":0,"69":1,"70":1},"f":{"0":7,"1":25,"2":86,"3":10,"4":8,"5":0,"6":0,"7":0,"8":0,"9":0,"10":1,"11":0,"12":1,"13":1,"14":0},"b":{"0":[6],"1":[1],"2":[7,0],"3":[7,0],"4":[7,0],"5":[7],"6":[7,0],"7":[0,0],"8":[0,0],"9":[0],"10":[0],"11":[0,0],"12":[1],"13":[0,0],"14":[0,0],"15":[0,0],"16":[1],"17":[0],"18":[0,0]}}
}
