TN:
SF:src\accounts.controller.ts
FN:7,(anonymous_4)
FN:10,(anonymous_5)
FN:19,(anonymous_6)
FN:24,(anonymous_7)
FN:30,(anonymous_8)
FN:39,(anonymous_9)
FN:44,(anonymous_10)
FNF:7
FNH:0
FNDA:0,(anonymous_4)
FNDA:0,(anonymous_5)
FNDA:0,(anonymous_6)
FNDA:0,(anonymous_7)
FNDA:0,(anonymous_8)
FNDA:0,(anonymous_9)
FNDA:0,(anonymous_10)
DA:1,0
DA:2,0
DA:6,0
DA:7,0
DA:10,0
DA:11,0
DA:19,0
DA:20,0
DA:24,0
DA:25,0
DA:26,0
DA:32,0
DA:35,0
DA:39,0
DA:40,0
DA:44,0
DA:45,0
LF:17
LH:0
BRDA:27,0,0,0
BRDA:27,0,1,0
BRF:2
BRH:0
end_of_record
TN:
SF:src\app.module.ts
FNF:0
FNH:0
DA:1,0
DA:2,0
DA:3,0
DA:4,0
DA:5,0
DA:6,0
DA:7,0
DA:8,0
DA:9,0
DA:10,0
DA:11,0
DA:12,0
DA:13,0
DA:14,0
DA:15,0
DA:16,0
DA:17,0
DA:18,0
DA:19,0
DA:20,0
DA:21,0
DA:22,0
DA:23,0
DA:24,0
DA:25,0
DA:26,0
DA:27,0
DA:28,0
DA:29,0
DA:30,0
DA:31,0
DA:32,0
DA:33,0
DA:34,0
DA:35,0
DA:36,0
DA:37,0
DA:38,0
DA:39,0
DA:40,0
DA:41,0
DA:42,0
DA:43,0
DA:44,0
DA:45,0
DA:46,0
DA:47,0
DA:48,0
DA:49,0
DA:107,0
LF:50
LH:0
BRF:0
BRH:0
end_of_record
TN:
SF:src\assets.controller.ts
FN:6,(anonymous_4)
FN:9,(anonymous_5)
FN:17,(anonymous_6)
FN:45,(anonymous_7)
FN:126,(anonymous_8)
FN:131,(anonymous_9)
FNF:6
FNH:0
FNDA:0,(anonymous_4)
FNDA:0,(anonymous_5)
FNDA:0,(anonymous_6)
FNDA:0,(anonymous_7)
FNDA:0,(anonymous_8)
FNDA:0,(anonymous_9)
DA:1,0
DA:2,0
DA:5,0
DA:6,0
DA:9,0
DA:10,0
DA:17,0
DA:18,0
DA:19,0
DA:20,0
DA:21,0
DA:22,0
DA:25,0
DA:26,0
DA:27,0
DA:28,0
DA:30,0
DA:45,0
DA:46,0
DA:48,0
DA:52,0
DA:55,0
DA:57,0
DA:71,0
DA:73,0
DA:75,0
DA:76,0
DA:78,0
DA:80,0
DA:83,0
DA:84,0
DA:96,0
DA:97,0
DA:109,0
DA:118,0
DA:126,0
DA:127,0
DA:131,0
DA:132,0
DA:133,0
LF:40
LH:0
BRDA:18,0,0,0
BRDA:18,0,1,0
BRDA:19,1,0,0
BRDA:19,1,1,0
BRDA:20,2,0,0
BRDA:20,2,1,0
BRDA:21,3,0,0
BRDA:21,3,1,0
BRDA:22,4,0,0
BRDA:22,4,1,0
BRDA:46,5,0,0
BRDA:46,6,0,0
BRDA:46,6,1,0
BRDA:46,6,2,0
BRDA:52,7,0,0
BRDA:78,8,0,0
BRDA:83,9,0,0
BRDA:96,10,0,0
BRF:18
BRH:0
end_of_record
TN:
SF:src\audit.controller.ts
FN:7,(anonymous_4)
FN:13,(anonymous_5)
FN:77,(anonymous_6)
FN:82,(anonymous_7)
FN:89,(anonymous_8)
FN:94,(anonymous_9)
FN:115,(anonymous_10)
FN:145,(anonymous_11)
FNF:8
FNH:5
FNDA:11,(anonymous_4)
FNDA:3,(anonymous_5)
FNDA:0,(anonymous_6)
FNDA:0,(anonymous_7)
FNDA:2,(anonymous_8)
FNDA:6,(anonymous_9)
FNDA:3,(anonymous_10)
FNDA:0,(anonymous_11)
DA:1,1
DA:2,1
DA:3,1
DA:6,1
DA:8,11
DA:9,11
DA:13,1
DA:18,3
DA:20,2
DA:21,2
DA:24,2
DA:34,2
DA:44,2
DA:55,2
DA:58,2
DA:62,2
DA:77,1
DA:78,0
DA:82,1
DA:85,0
DA:89,1
DA:90,2
DA:94,1
DA:95,6
DA:97,6
DA:98,6
DA:99,11
DA:100,10
DA:101,10
DA:102,3
DA:111,6
DA:115,1
DA:116,3
DA:118,3
DA:119,3
DA:123,3
DA:124,3
DA:128,3
DA:130,3
DA:145,1
DA:146,0
DA:147,0
LF:42
LH:38
BRDA:18,0,0,1
BRDA:99,1,0,1
BRDA:101,2,0,3
BRDA:106,3,0,3
BRDA:106,3,1,0
BRDA:128,4,0,3
BRDA:128,4,1,0
BRDA:140,5,0,1
BRDA:140,5,1,2
BRDA:140,6,0,0
BRDA:140,6,1,2
BRDA:146,7,0,0
BRF:12
BRH:8
end_of_record
TN:
SF:src\audit.service.ts
FN:6,(anonymous_2)
FN:16,(anonymous_3)
FN:44,(anonymous_4)
FNF:3
FNH:0
FNDA:0,(anonymous_2)
FNDA:0,(anonymous_3)
FNDA:0,(anonymous_4)
DA:1,0
DA:2,0
DA:5,0
DA:6,0
DA:24,0
DA:25,0
DA:35,0
DA:37,0
DA:45,0
LF:9
LH:0
BRF:0
BRH:0
end_of_record
TN:
SF:src\auth.controller.ts
FN:9,getJwtSecret
FN:19,(anonymous_5)
FN:23,(anonymous_6)
FN:71,(anonymous_7)
FN:97,(anonymous_8)
FNF:5
FNH:3
FNDA:1,getJwtSecret
FNDA:4,(anonymous_5)
FNDA:5,(anonymous_6)
FNDA:0,(anonymous_7)
FNDA:0,(anonymous_8)
DA:1,1
DA:2,1
DA:3,1
DA:4,1
DA:5,1
DA:7,1
DA:10,1
DA:11,1
DA:12,0
DA:14,1
DA:18,1
DA:19,4
DA:23,1
DA:24,5
DA:25,5
DA:27,5
DA:28,2
DA:31,3
DA:36,3
DA:37,1
DA:40,2
DA:41,2
DA:42,1
DA:45,1
DA:54,1
DA:56,1
DA:71,1
DA:72,0
DA:73,0
DA:75,0
DA:76,0
DA:77,0
DA:78,0
DA:82,0
DA:83,0
DA:92,0
DA:97,1
DA:101,0
DA:102,0
DA:103,0
DA:105,0
DA:106,0
DA:108,0
DA:109,0
DA:110,0
DA:113,0
DA:114,0
DA:116,0
DA:117,0
DA:119,0
LF:50
LH:27
BRDA:11,0,0,0
BRDA:27,1,0,2
BRDA:27,2,0,5
BRDA:27,2,1,4
BRDA:36,3,0,1
BRDA:36,4,0,3
BRDA:36,4,1,2
BRDA:41,5,0,1
BRDA:72,6,0,0
BRDA:82,7,0,0
BRDA:101,8,0,0
BRDA:106,9,0,0
BRDA:108,10,0,0
BRDA:110,11,0,0
BRDA:113,12,0,0
BRF:15
BRH:7
end_of_record
TN:
SF:src\auth.guard.ts
FN:14,(anonymous_2)
FN:19,(anonymous_3)
FN:21,(anonymous_4)
FNF:3
FNH:1
FNDA:2,(anonymous_2)
FNDA:0,(anonymous_3)
FNDA:0,(anonymous_4)
DA:1,1
DA:8,1
DA:9,1
DA:13,1
DA:14,2
DA:18,1
DA:19,0
DA:23,0
DA:27,0
DA:28,0
DA:31,0
DA:32,0
DA:34,0
DA:35,0
DA:38,0
DA:39,0
DA:41,0
DA:42,0
DA:45,0
DA:46,0
DA:48,0
DA:49,0
DA:51,0
LF:23
LH:6
BRDA:27,0,0,0
BRDA:34,1,0,0
BRDA:34,2,0,0
BRDA:34,2,1,0
BRDA:41,3,0,0
BRF:5
BRH:0
end_of_record
TN:
SF:src\automation.controller.ts
FN:23,(anonymous_4)
FN:29,(anonymous_5)
FN:37,(anonymous_6)
FN:45,(anonymous_7)
FN:50,(anonymous_8)
FN:160,(anonymous_9)
FN:184,(anonymous_10)
FN:216,(anonymous_11)
FN:242,(anonymous_12)
FNF:9
FNH:0
FNDA:0,(anonymous_4)
FNDA:0,(anonymous_5)
FNDA:0,(anonymous_6)
FNDA:0,(anonymous_7)
FNDA:0,(anonymous_8)
FNDA:0,(anonymous_9)
FNDA:0,(anonymous_10)
FNDA:0,(anonymous_11)
FNDA:0,(anonymous_12)
DA:1,0
DA:4,0
DA:6,0
DA:7,0
DA:10,0
DA:11,0
DA:12,0
DA:14,0
DA:15,0
DA:16,0
DA:19,0
DA:22,0
DA:24,0
DA:25,0
DA:29,0
DA:30,0
DA:31,0
DA:38,0
DA:39,0
DA:41,0
DA:46,0
DA:50,0
DA:55,0
DA:60,0
DA:61,0
DA:63,0
DA:64,0
DA:65,0
DA:67,0
DA:70,0
DA:71,0
DA:76,0
DA:77,0
DA:78,0
DA:81,0
DA:82,0
DA:83,0
DA:90,0
DA:91,0
DA:92,0
DA:93,0
DA:94,0
DA:95,0
DA:98,0
DA:99,0
DA:100,0
DA:111,0
DA:121,0
DA:122,0
DA:123,0
DA:124,0
DA:125,0
DA:129,0
DA:135,0
DA:136,0
DA:144,0
DA:145,0
DA:147,0
DA:148,0
DA:149,0
DA:152,0
DA:160,0
DA:161,0
DA:162,0
DA:164,0
DA:165,0
DA:167,0
DA:168,0
DA:172,0
DA:174,0
DA:184,0
DA:194,0
DA:200,0
DA:209,0
DA:212,0
DA:216,0
DA:217,0
DA:219,0
DA:220,0
DA:222,0
DA:223,0
DA:224,0
DA:225,0
DA:226,0
DA:238,0
DA:242,0
DA:243,0
DA:244,0
DA:246,0
DA:247,0
DA:249,0
DA:257,0
DA:258,0
LF:93
LH:0
BRDA:11,0,0,0
BRDA:15,1,0,0
BRDA:30,2,0,0
BRDA:60,3,0,0
BRDA:61,4,0,0
BRDA:63,5,0,0
BRDA:63,5,1,0
BRDA:64,6,0,0
BRDA:64,6,1,0
BRDA:65,7,0,0
BRDA:65,7,1,0
BRDA:70,8,0,0
BRDA:76,9,0,0
BRDA:81,10,0,0
BRDA:82,11,0,0
BRDA:91,12,0,0
BRDA:91,12,1,0
BRDA:91,12,2,0
BRDA:91,12,3,0
BRDA:98,13,0,0
BRDA:102,14,0,0
BRDA:102,14,1,0
BRDA:103,15,0,0
BRDA:103,15,1,0
BRDA:104,16,0,0
BRDA:104,16,1,0
BRDA:105,17,0,0
BRDA:105,17,1,0
BRDA:106,18,0,0
BRDA:106,18,1,0
BRDA:124,19,0,0
BRDA:124,20,0,0
BRDA:124,20,1,0
BRDA:132,21,0,0
BRDA:132,21,1,0
BRDA:135,22,0,0
BRDA:135,22,1,0
BRDA:137,23,0,0
BRDA:137,23,1,0
BRDA:138,24,0,0
BRDA:138,24,1,0
BRDA:139,25,0,0
BRDA:139,25,1,0
BRDA:144,26,0,0
BRDA:144,26,1,0
BRDA:144,27,0,0
BRDA:144,27,1,0
BRDA:144,28,0,0
BRDA:144,28,1,0
BRDA:145,29,0,0
BRDA:145,29,1,0
BRDA:145,30,0,0
BRDA:145,30,1,0
BRDA:145,31,0,0
BRDA:145,31,1,0
BRDA:147,32,0,0
BRDA:147,32,1,0
BRDA:147,33,0,0
BRDA:147,33,1,0
BRDA:147,34,0,0
BRDA:147,34,1,0
BRDA:148,35,0,0
BRDA:148,35,1,0
BRDA:148,36,0,0
BRDA:148,36,1,0
BRDA:148,37,0,0
BRDA:148,37,1,0
BRDA:149,38,0,0
BRDA:149,38,1,0
BRDA:149,39,0,0
BRDA:149,39,1,0
BRDA:149,40,0,0
BRDA:149,40,1,0
BRDA:167,41,0,0
BRDA:167,41,1,0
BRDA:172,42,0,0
BRDA:172,42,1,0
BRDA:204,43,0,0
BRDA:204,43,1,0
BRDA:217,44,0,0
BRDA:223,45,0,0
BRDA:244,46,0,0
BRDA:244,47,0,0
BRDA:244,47,1,0
BRDA:244,47,2,0
BRDA:252,48,0,0
BRDA:252,48,1,0
BRF:87
BRH:0
end_of_record
TN:
SF:src\banks.controller.ts
FN:6,(anonymous_4)
FN:9,(anonymous_5)
FN:17,(anonymous_6)
FN:25,(anonymous_7)
FN:30,(anonymous_8)
FNF:5
FNH:0
FNDA:0,(anonymous_4)
FNDA:0,(anonymous_5)
FNDA:0,(anonymous_6)
FNDA:0,(anonymous_7)
FNDA:0,(anonymous_8)
DA:1,0
DA:2,0
DA:5,0
DA:6,0
DA:9,0
DA:10,0
DA:17,0
DA:18,0
DA:25,0
DA:26,0
DA:30,0
DA:31,0
LF:12
LH:0
BRF:0
BRH:0
end_of_record
TN:
SF:src\bills.controller.ts
FN:6,(anonymous_4)
FN:9,(anonymous_5)
FN:18,(anonymous_6)
FN:27,(anonymous_7)
FN:31,(anonymous_8)
FN:46,(anonymous_9)
FN:59,(anonymous_10)
FN:64,(anonymous_11)
FNF:8
FNH:0
FNDA:0,(anonymous_4)
FNDA:0,(anonymous_5)
FNDA:0,(anonymous_6)
FNDA:0,(anonymous_7)
FNDA:0,(anonymous_8)
FNDA:0,(anonymous_9)
FNDA:0,(anonymous_10)
FNDA:0,(anonymous_11)
DA:1,0
DA:2,0
DA:5,0
DA:6,0
DA:9,0
DA:10,0
DA:18,0
DA:19,0
DA:20,0
DA:26,0
DA:27,0
DA:29,0
DA:30,0
DA:32,0
DA:33,0
DA:47,0
DA:55,0
DA:59,0
DA:60,0
DA:64,0
DA:65,0
LF:21
LH:0
BRDA:26,0,0,0
BRDA:26,0,1,0
BRDA:27,1,0,0
BRDA:27,1,1,0
BRDA:29,2,0,0
BRDA:32,3,0,0
BRDA:32,3,1,0
BRDA:32,3,2,0
BRDA:41,4,0,0
BRDA:41,4,1,0
BRF:10
BRH:0
end_of_record
TN:
SF:src\budgets.controller.ts
FN:6,(anonymous_4)
FN:9,(anonymous_5)
FN:24,(anonymous_6)
FN:46,(anonymous_7)
FN:66,(anonymous_8)
FN:76,(anonymous_9)
FN:77,(anonymous_10)
FN:81,(anonymous_11)
FN:82,(anonymous_12)
FNF:9
FNH:0
FNDA:0,(anonymous_4)
FNDA:0,(anonymous_5)
FNDA:0,(anonymous_6)
FNDA:0,(anonymous_7)
FNDA:0,(anonymous_8)
FNDA:0,(anonymous_9)
FNDA:0,(anonymous_10)
FNDA:0,(anonymous_11)
FNDA:0,(anonymous_12)
DA:1,0
DA:2,0
DA:5,0
DA:6,0
DA:9,0
DA:10,0
DA:14,0
DA:20,0
DA:24,0
DA:25,0
DA:26,0
DA:29,0
DA:33,0
DA:34,0
DA:39,0
DA:46,0
DA:47,0
DA:49,0
DA:50,0
DA:53,0
DA:58,0
DA:61,0
DA:62,0
DA:64,0
DA:66,0
DA:76,0
DA:77,0
DA:78,0
DA:80,0
DA:81,0
DA:82,0
DA:84,0
DA:87,0
DA:98,0
LF:34
LH:0
BRDA:10,0,0,0
BRDA:10,1,0,0
BRDA:10,1,1,0
BRDA:26,2,0,0
BRDA:26,3,0,0
BRDA:26,3,1,0
BRDA:33,4,0,0
BRDA:33,4,1,0
BRDA:47,5,0,0
BRDA:47,6,0,0
BRDA:47,6,1,0
BRDA:47,6,2,0
BRDA:58,7,0,0
BRDA:80,8,0,0
BRDA:84,9,0,0
BRDA:84,9,1,0
BRDA:92,10,0,0
BRDA:92,10,1,0
BRDA:93,11,0,0
BRDA:93,11,1,0
BRDA:94,12,0,0
BRDA:94,12,1,0
BRF:22
BRH:0
end_of_record
TN:
SF:src\clients.controller.ts
FN:6,(anonymous_4)
FN:9,(anonymous_5)
FN:23,(anonymous_6)
FN:28,(anonymous_7)
FN:33,(anonymous_8)
FNF:5
FNH:0
FNDA:0,(anonymous_4)
FNDA:0,(anonymous_5)
FNDA:0,(anonymous_6)
FNDA:0,(anonymous_7)
FNDA:0,(anonymous_8)
DA:1,0
DA:2,0
DA:5,0
DA:6,0
DA:9,0
DA:10,0
DA:23,0
DA:24,0
DA:28,0
DA:29,0
DA:33,0
DA:34,0
LF:12
LH:0
BRF:0
BRH:0
end_of_record
TN:
SF:src\companies.controller.ts
FN:10,(anonymous_4)
FN:13,(anonymous_5)
FN:20,(anonymous_6)
FN:27,(anonymous_7)
FN:46,(anonymous_8)
FN:69,(anonymous_9)
FNF:6
FNH:0
FNDA:0,(anonymous_4)
FNDA:0,(anonymous_5)
FNDA:0,(anonymous_6)
FNDA:0,(anonymous_7)
FNDA:0,(anonymous_8)
FNDA:0,(anonymous_9)
DA:1,0
DA:5,0
DA:6,0
DA:9,0
DA:10,0
DA:13,0
DA:14,0
DA:20,0
DA:21,0
DA:27,0
DA:28,0
DA:29,0
DA:31,0
DA:46,0
DA:51,0
DA:53,0
DA:56,0
DA:57,0
DA:60,0
DA:62,0
DA:69,0
DA:70,0
LF:22
LH:0
BRDA:28,0,0,0
BRDA:28,1,0,0
BRDA:28,1,1,0
BRDA:35,2,0,0
BRDA:35,2,1,0
BRDA:39,3,0,0
BRDA:39,3,1,0
BRDA:53,4,0,0
BRDA:60,5,0,0
BRF:9
BRH:0
end_of_record
TN:
SF:src\currency.controller.ts
FN:9,fetchBanxicoRate
FN:13,(anonymous_5)
FN:16,(anonymous_6)
FN:18,(anonymous_7)
FN:19,(anonymous_8)
FN:28,(anonymous_9)
FN:32,generateHistory
FN:47,(anonymous_11)
FN:53,(anonymous_12)
FN:59,(anonymous_13)
FN:65,(anonymous_14)
FN:84,(anonymous_15)
FN:85,(anonymous_16)
FN:116,(anonymous_17)
FN:152,(anonymous_18)
FN:162,(anonymous_19)
FN:199,(anonymous_20)
FN:219,(anonymous_21)
FNF:18
FNH:0
FNDA:0,fetchBanxicoRate
FNDA:0,(anonymous_5)
FNDA:0,(anonymous_6)
FNDA:0,(anonymous_7)
FNDA:0,(anonymous_8)
FNDA:0,(anonymous_9)
FNDA:0,generateHistory
FNDA:0,(anonymous_11)
FNDA:0,(anonymous_12)
FNDA:0,(anonymous_13)
FNDA:0,(anonymous_14)
FNDA:0,(anonymous_15)
FNDA:0,(anonymous_16)
FNDA:0,(anonymous_17)
FNDA:0,(anonymous_18)
FNDA:0,(anonymous_19)
FNDA:0,(anonymous_20)
FNDA:0,(anonymous_21)
DA:1,0
DA:2,0
DA:3,0
DA:4,0
DA:6,0
DA:7,0
DA:10,0
DA:11,0
DA:13,0
DA:14,0
DA:15,0
DA:16,0
DA:17,0
DA:18,0
DA:19,0
DA:20,0
DA:21,0
DA:22,0
DA:23,0
DA:24,0
DA:25,0
DA:28,0
DA:33,0
DA:34,0
DA:35,0
DA:36,0
DA:37,0
DA:38,0
DA:39,0
DA:40,0
DA:42,0
DA:46,0
DA:48,0
DA:49,0
DA:53,0
DA:54,0
DA:55,0
DA:59,0
DA:60,0
DA:61,0
DA:65,0
DA:66,0
DA:69,0
DA:73,0
DA:75,0
DA:76,0
DA:78,0
DA:80,0
DA:84,0
DA:85,0
DA:90,0
DA:91,0
DA:93,0
DA:94,0
DA:95,0
DA:99,0
DA:102,0
DA:103,0
DA:114,0
DA:116,0
DA:117,0
DA:120,0
DA:132,0
DA:133,0
DA:134,0
DA:147,0
DA:152,0
DA:156,0
DA:157,0
DA:162,0
DA:165,0
DA:166,0
DA:168,0
DA:169,0
DA:171,0
DA:172,0
DA:174,0
DA:185,0
DA:186,0
DA:196,0
DA:197,0
DA:198,0
DA:199,0
DA:200,0
DA:201,0
DA:215,0
DA:219,0
DA:220,0
LF:88
LH:0
BRDA:6,0,0,0
BRDA:6,0,1,0
BRDA:10,1,0,0
BRDA:23,2,0,0
BRDA:23,2,1,0
BRDA:38,3,0,0
BRDA:38,4,0,0
BRDA:38,4,1,0
BRDA:66,5,0,0
BRDA:66,6,0,0
BRDA:66,6,1,0
BRDA:73,7,0,0
BRDA:85,8,0,0
BRDA:85,8,1,0
BRDA:93,9,0,0
BRDA:99,10,0,0
BRDA:117,11,0,0
BRDA:125,12,0,0
BRDA:125,12,1,0
BRDA:126,13,0,0
BRDA:126,13,1,0
BRDA:132,14,0,0
BRDA:132,14,1,0
BRDA:133,15,0,0
BRDA:139,16,0,0
BRDA:139,16,1,0
BRDA:140,17,0,0
BRDA:140,17,1,0
BRDA:156,18,0,0
BRDA:156,19,0,0
BRDA:156,19,1,0
BRDA:166,20,0,0
BRDA:166,21,0,0
BRDA:166,21,1,0
BRDA:169,22,0,0
BRDA:171,23,0,0
BRDA:171,23,1,0
BRDA:191,24,0,0
BRDA:191,24,1,0
BRDA:192,25,0,0
BRDA:192,25,1,0
BRDA:196,26,0,0
BRDA:196,26,1,0
BRDA:197,27,0,0
BRDA:200,28,0,0
BRDA:205,29,0,0
BRDA:205,29,1,0
BRDA:206,30,0,0
BRDA:206,30,1,0
BRDA:207,31,0,0
BRDA:207,31,1,0
BRF:51
BRH:0
end_of_record
TN:
SF:src\currency.service.ts
FN:19,(anonymous_2)
FN:24,(anonymous_3)
FN:39,(anonymous_4)
FN:44,(anonymous_5)
FN:77,(anonymous_6)
FNF:5
FNH:5
FNDA:10,(anonymous_2)
FNDA:6,(anonymous_3)
FNDA:6,(anonymous_4)
FNDA:6,(anonymous_5)
FNDA:4,(anonymous_6)
DA:1,1
DA:2,1
DA:16,1
DA:17,10
DA:19,10
DA:25,6
DA:35,6
DA:37,6
DA:39,6
DA:44,5
DA:45,6
DA:46,6
DA:50,5
DA:53,5
DA:55,5
DA:56,4
DA:69,6
DA:78,4
DA:79,4
DA:83,4
LF:20
LH:20
BRDA:45,0,0,6
BRDA:45,0,1,0
BRDA:46,1,0,5
BRDA:46,1,1,1
BRDA:55,2,0,4
BRDA:60,3,0,4
BRDA:60,3,1,0
BRF:7
BRH:5
end_of_record
TN:
SF:src\dashboard.controller.ts
FN:6,(anonymous_4)
FN:9,(anonymous_5)
FN:75,(anonymous_6)
FN:117,(anonymous_7)
FN:122,(anonymous_8)
FNF:5
FNH:5
FNDA:9,(anonymous_4)
FNDA:3,(anonymous_5)
FNDA:3,(anonymous_6)
FNDA:3,(anonymous_7)
FNDA:6,(anonymous_8)
DA:1,1
DA:2,1
DA:5,1
DA:6,9
DA:9,1
DA:10,3
DA:22,2
DA:51,2
DA:58,2
DA:75,1
DA:76,3
DA:78,2
DA:79,2
DA:80,2
DA:82,2
DA:96,2
DA:97,2
DA:98,2
DA:99,2
DA:101,2
DA:117,1
DA:118,3
DA:119,3
DA:120,3
DA:122,3
DA:123,6
DA:139,6
DA:151,3
LF:28
LH:28
BRDA:10,0,0,1
BRDA:59,1,0,2
BRDA:59,1,1,1
BRDA:60,2,0,2
BRDA:60,2,1,1
BRDA:61,3,0,2
BRDA:61,3,1,0
BRDA:62,4,0,2
BRDA:62,4,1,0
BRDA:63,5,0,2
BRDA:63,5,1,1
BRDA:68,6,0,2
BRDA:68,6,1,0
BRDA:69,7,0,2
BRDA:69,7,1,0
BRDA:76,8,0,1
BRDA:96,9,0,2
BRDA:96,9,1,0
BRDA:96,10,0,2
BRDA:96,10,1,0
BRDA:97,11,0,2
BRDA:97,11,1,0
BRDA:98,12,0,2
BRDA:98,12,1,0
BRDA:104,13,0,2
BRDA:104,13,1,0
BRDA:105,14,0,2
BRDA:105,14,1,0
BRDA:107,15,0,2
BRDA:107,15,1,0
BRDA:111,16,0,2
BRDA:111,16,1,0
BRDA:143,17,0,6
BRDA:143,17,1,2
BRDA:144,18,0,6
BRDA:144,18,1,2
BRDA:145,19,0,6
BRDA:145,19,1,2
BRDA:147,20,0,4
BRDA:147,20,1,2
BRDA:147,21,0,0
BRDA:147,21,1,6
BRF:42
BRH:29
end_of_record
TN:
SF:src\diot.controller.ts
FN:7,(anonymous_4)
FN:9,(anonymous_5)
FN:14,(anonymous_6)
FN:20,(anonymous_7)
FN:82,(anonymous_8)
FNF:5
FNH:0
FNDA:0,(anonymous_4)
FNDA:0,(anonymous_5)
FNDA:0,(anonymous_6)
FNDA:0,(anonymous_7)
FNDA:0,(anonymous_8)
DA:1,0
DA:2,0
DA:6,0
DA:7,0
DA:10,0
DA:11,0
DA:15,0
DA:16,0
DA:20,0
DA:25,0
DA:26,0
DA:27,0
DA:28,0
DA:30,0
DA:31,0
DA:34,0
DA:42,0
DA:44,0
DA:45,0
DA:47,0
DA:48,0
DA:49,0
DA:66,0
DA:67,0
DA:68,0
DA:69,0
DA:70,0
DA:71,0
DA:72,0
DA:73,0
DA:74,0
DA:75,0
DA:78,0
DA:82,0
DA:88,0
DA:94,0
DA:96,0
DA:97,0
DA:99,0
DA:125,0
DA:128,0
DA:133,0
LF:42
LH:0
BRDA:10,0,0,0
BRDA:10,1,0,0
BRDA:10,1,1,0
BRDA:10,1,2,0
BRDA:15,2,0,0
BRDA:15,3,0,0
BRDA:15,3,1,0
BRDA:27,4,0,0
BRDA:27,5,0,0
BRDA:27,5,1,0
BRDA:27,5,2,0
BRDA:45,6,0,0
BRDA:45,6,1,0
BRDA:47,7,0,0
BRDA:48,8,0,0
BRDA:48,8,1,0
BRDA:50,9,0,0
BRDA:50,9,1,0
BRDA:51,10,0,0
BRDA:51,10,1,0
BRDA:52,11,0,0
BRDA:52,11,1,0
BRDA:52,11,2,0
BRDA:53,12,0,0
BRDA:53,12,1,0
BRDA:53,12,2,0
BRDA:54,13,0,0
BRDA:54,13,1,0
BRDA:55,14,0,0
BRDA:55,14,1,0
BRDA:102,15,0,0
BRDA:102,15,1,0
BRDA:103,16,0,0
BRDA:103,16,1,0
BRDA:104,17,0,0
BRDA:104,17,1,0
BRDA:105,18,0,0
BRDA:105,18,1,0
BRDA:106,19,0,0
BRDA:106,19,1,0
BRF:40
BRH:0
end_of_record
TN:
SF:src\electronic-accounting.controller.ts
FN:8,(anonymous_4)
FN:11,(anonymous_5)
FN:31,(anonymous_6)
FN:36,(anonymous_7)
FN:49,(anonymous_8)
FN:80,(anonymous_9)
FN:82,(anonymous_10)
FN:83,(anonymous_11)
FN:84,(anonymous_12)
FN:88,(anonymous_13)
FN:89,(anonymous_14)
FN:90,(anonymous_15)
FNF:12
FNH:0
FNDA:0,(anonymous_4)
FNDA:0,(anonymous_5)
FNDA:0,(anonymous_6)
FNDA:0,(anonymous_7)
FNDA:0,(anonymous_8)
FNDA:0,(anonymous_9)
FNDA:0,(anonymous_10)
FNDA:0,(anonymous_11)
FNDA:0,(anonymous_12)
FNDA:0,(anonymous_13)
FNDA:0,(anonymous_14)
FNDA:0,(anonymous_15)
DA:1,0
DA:3,0
DA:4,0
DA:7,0
DA:8,0
DA:11,0
DA:12,0
DA:13,0
DA:15,0
DA:20,0
DA:31,0
DA:32,0
DA:36,0
DA:42,0
DA:43,0
DA:44,0
DA:45,0
DA:49,0
DA:50,0
DA:51,0
DA:53,0
DA:54,0
DA:55,0
DA:56,0
DA:58,0
DA:68,0
DA:80,0
DA:82,0
DA:83,0
DA:84,0
DA:85,0
DA:88,0
DA:89,0
DA:90,0
DA:93,0
DA:95,0
DA:96,0
DA:106,0
DA:107,0
DA:108,0
DA:109,0
LF:41
LH:0
BRDA:13,0,0,0
BRDA:33,1,0,0
BRDA:33,1,1,0
BRDA:36,2,0,0
BRDA:36,2,1,0
BRDA:51,3,0,0
BRDA:85,4,0,0
BRDA:85,4,1,0
BRDA:88,5,0,0
BRDA:88,5,1,0
BRDA:93,6,0,0
BRDA:93,6,1,0
BRDA:95,7,0,0
BRDA:95,8,0,0
BRDA:95,8,1,0
BRDA:95,8,2,0
BRF:16
BRH:0
end_of_record
TN:
SF:src\fiscal.controller.ts
FN:7,(anonymous_4)
FN:13,(anonymous_5)
FN:45,(anonymous_6)
FN:57,(anonymous_7)
FN:83,(anonymous_8)
FN:84,(anonymous_9)
FN:148,(anonymous_10)
FNF:7
FNH:7
FNDA:9,(anonymous_4)
FNDA:3,(anonymous_5)
FNDA:4,(anonymous_6)
FNDA:4,(anonymous_7)
FNDA:4,(anonymous_8)
FNDA:4,(anonymous_9)
FNDA:6,(anonymous_10)
DA:1,1
DA:2,1
DA:3,1
DA:6,1
DA:8,9
DA:9,9
DA:13,1
DA:14,3
DA:16,2
DA:17,2
DA:18,2
DA:20,2
DA:36,2
DA:45,1
DA:50,4
DA:51,3
DA:53,1
DA:57,1
DA:61,4
DA:62,3
DA:64,3
DA:65,3
DA:68,3
DA:79,3
DA:80,3
DA:82,3
DA:83,4
DA:84,4
DA:85,4
DA:87,4
DA:89,4
DA:92,2
DA:93,2
DA:99,2
DA:101,2
DA:104,2
DA:105,2
DA:111,2
DA:116,3
DA:117,1
DA:121,2
DA:122,1
DA:128,1
DA:129,1
DA:138,2
DA:139,2
DA:148,6
DA:158,2
LF:48
LH:48
BRDA:14,0,0,1
BRDA:37,1,0,2
BRDA:37,1,1,1
BRDA:38,2,0,2
BRDA:38,2,1,1
BRDA:39,3,0,2
BRDA:39,3,1,1
BRDA:40,4,0,2
BRDA:40,4,1,1
BRDA:50,5,0,3
BRDA:50,6,0,4
BRDA:50,6,1,3
BRDA:50,6,2,2
BRDA:61,7,0,1
BRDA:87,8,0,0
BRDA:87,9,0,4
BRDA:87,9,1,0
BRDA:89,10,0,2
BRDA:89,10,1,2
BRDA:92,11,0,2
BRDA:101,12,0,2
BRDA:104,13,0,2
BRDA:116,14,0,1
BRDA:121,15,0,1
BRDA:121,15,1,1
BRDA:128,16,0,1
BRF:26
BRH:24
end_of_record
TN:
SF:src\fiscal.service.ts
FN:8,(anonymous_2)
FN:10,(anonymous_3)
FN:39,(anonymous_4)
FNF:3
FNH:3
FNDA:7,(anonymous_2)
FNDA:7,(anonymous_3)
FNDA:11,(anonymous_4)
DA:1,2
DA:2,2
DA:5,2
DA:6,7
DA:8,7
DA:11,7
DA:12,7
DA:14,7
DA:21,7
DA:39,7
DA:40,11
DA:42,11
DA:43,11
DA:44,11
DA:45,11
DA:46,11
DA:47,11
DA:49,11
DA:50,11
DA:54,7
DA:55,7
DA:57,7
DA:58,7
DA:60,7
DA:62,7
LF:25
LH:25
BRDA:40,0,0,5
BRDA:40,0,1,6
BRF:2
BRH:2
end_of_record
TN:
SF:src\inventory.controller.ts
FN:6,(anonymous_4)
FN:9,(anonymous_5)
FN:19,(anonymous_6)
FN:31,(anonymous_7)
FN:55,(anonymous_8)
FNF:5
FNH:5
FNDA:10,(anonymous_4)
FNDA:5,(anonymous_5)
FNDA:7,(anonymous_6)
FNDA:4,(anonymous_7)
FNDA:2,(anonymous_8)
DA:1,1
DA:2,1
DA:5,1
DA:6,10
DA:9,1
DA:10,5
DA:12,4
DA:17,4
DA:18,4
DA:19,4
DA:20,7
DA:21,7
DA:22,7
DA:23,7
DA:24,7
DA:27,4
DA:31,1
DA:32,4
DA:33,4
DA:35,2
DA:37,2
DA:47,2
DA:55,1
DA:56,2
DA:57,2
DA:59,1
DA:64,1
DA:65,1
DA:66,4
DA:69,1
DA:74,1
LF:31
LH:31
BRDA:10,0,0,1
BRDA:20,1,0,2
BRDA:20,1,1,5
BRDA:22,2,0,2
BRDA:22,2,1,5
BRDA:23,3,0,6
BRDA:23,3,1,1
BRDA:33,4,0,2
BRDA:33,5,0,4
BRDA:33,5,1,3
BRDA:33,5,2,2
BRDA:35,6,0,2
BRDA:35,6,1,0
BRDA:39,7,0,2
BRDA:39,7,1,0
BRDA:43,8,0,1
BRDA:43,8,1,1
BRDA:57,9,0,1
BRDA:66,10,0,2
BRDA:66,10,1,2
BRF:20
BRH:18
end_of_record
TN:
SF:src\invoices.controller.ts
FN:6,(anonymous_4)
FN:9,(anonymous_5)
FN:18,(anonymous_6)
FN:27,(anonymous_7)
FN:31,(anonymous_8)
FN:46,(anonymous_9)
FN:59,(anonymous_10)
FN:64,(anonymous_11)
FNF:8
FNH:0
FNDA:0,(anonymous_4)
FNDA:0,(anonymous_5)
FNDA:0,(anonymous_6)
FNDA:0,(anonymous_7)
FNDA:0,(anonymous_8)
FNDA:0,(anonymous_9)
FNDA:0,(anonymous_10)
FNDA:0,(anonymous_11)
DA:1,0
DA:2,0
DA:5,0
DA:6,0
DA:9,0
DA:10,0
DA:18,0
DA:19,0
DA:20,0
DA:26,0
DA:27,0
DA:29,0
DA:30,0
DA:32,0
DA:33,0
DA:47,0
DA:55,0
DA:59,0
DA:60,0
DA:64,0
DA:65,0
LF:21
LH:0
BRDA:27,0,0,0
BRDA:27,0,1,0
BRDA:29,1,0,0
BRDA:32,2,0,0
BRDA:32,2,1,0
BRDA:41,3,0,0
BRDA:41,3,1,0
BRF:7
BRH:0
end_of_record
TN:
SF:src\journals.controller.ts
FN:8,(anonymous_4)
FN:15,(anonymous_5)
FN:24,(anonymous_6)
FN:39,(anonymous_7)
FN:48,(anonymous_8)
FN:60,(anonymous_9)
FN:64,(anonymous_10)
FN:71,(anonymous_11)
FN:78,(anonymous_12)
FNF:9
FNH:0
FNDA:0,(anonymous_4)
FNDA:0,(anonymous_5)
FNDA:0,(anonymous_6)
FNDA:0,(anonymous_7)
FNDA:0,(anonymous_8)
FNDA:0,(anonymous_9)
FNDA:0,(anonymous_10)
FNDA:0,(anonymous_11)
FNDA:0,(anonymous_12)
DA:1,0
DA:2,0
DA:3,0
DA:4,0
DA:7,0
DA:9,0
DA:10,0
DA:11,0
DA:15,0
DA:16,0
DA:24,0
DA:30,0
DA:32,0
DA:39,0
DA:48,0
DA:54,0
DA:56,0
DA:60,0
DA:61,0
DA:64,0
DA:71,0
DA:72,0
DA:73,0
DA:74,0
DA:78,0
DA:79,0
DA:80,0
DA:82,0
DA:83,0
DA:85,0
LF:30
LH:0
BRDA:17,0,0,0
BRDA:17,0,1,0
BRDA:35,1,0,0
BRDA:35,1,1,0
BRDA:36,2,0,0
BRDA:36,2,1,0
BRDA:44,3,0,0
BRDA:44,3,1,0
BRDA:48,4,0,0
BRDA:48,4,1,0
BRDA:80,5,0,0
BRF:11
BRH:0
end_of_record
TN:
SF:src\logs.controller.ts
FN:6,(anonymous_4)
FN:9,(anonymous_5)
FN:23,(anonymous_6)
FNF:3
FNH:0
FNDA:0,(anonymous_4)
FNDA:0,(anonymous_5)
FNDA:0,(anonymous_6)
DA:1,0
DA:2,0
DA:5,0
DA:6,0
DA:9,0
DA:10,0
DA:12,0
DA:14,0
DA:23,0
DA:24,0
DA:25,0
DA:27,0
LF:12
LH:0
BRDA:10,0,0,0
BRDA:12,1,0,0
BRDA:12,1,1,0
BRDA:25,2,0,0
BRDA:25,3,0,0
BRDA:25,3,1,0
BRDA:25,3,2,0
BRDA:28,4,0,0
BRDA:28,4,1,0
BRF:9
BRH:0
end_of_record
TN:
SF:src\main.ts
FN:6,(anonymous_0)
FN:23,bootstrap
FN:27,(anonymous_2)
FNF:3
FNH:0
FNDA:0,(anonymous_0)
FNDA:0,bootstrap
FNDA:0,(anonymous_2)
DA:1,0
DA:2,0
DA:4,0
DA:5,0
DA:6,0
DA:7,0
DA:8,0
DA:9,0
DA:10,0
DA:11,0
DA:12,0
DA:16,0
DA:19,0
DA:20,0
DA:21,0
DA:24,0
DA:25,0
DA:26,0
DA:29,0
DA:30,0
DA:32,0
DA:39,0
DA:40,0
DA:41,0
DA:43,0
LF:25
LH:0
BRDA:8,0,0,0
BRDA:11,1,0,0
BRDA:11,2,0,0
BRDA:11,2,1,0
BRDA:25,3,0,0
BRDA:25,3,1,0
BRDA:29,4,0,0
BRDA:29,4,1,0
BRDA:29,5,0,0
BRDA:29,5,1,0
BRDA:40,6,0,0
BRDA:40,6,1,0
BRF:12
BRH:0
end_of_record
TN:
SF:src\nomina.controller.ts
FN:7,(anonymous_4)
FN:13,(anonymous_5)
FN:21,(anonymous_6)
FN:26,(anonymous_7)
FN:34,(anonymous_8)
FN:39,(anonymous_9)
FN:44,(anonymous_10)
FNF:7
FNH:0
FNDA:0,(anonymous_4)
FNDA:0,(anonymous_5)
FNDA:0,(anonymous_6)
FNDA:0,(anonymous_7)
FNDA:0,(anonymous_8)
FNDA:0,(anonymous_9)
FNDA:0,(anonymous_10)
DA:1,0
DA:2,0
DA:3,0
DA:6,0
DA:8,0
DA:9,0
DA:13,0
DA:14,0
DA:21,0
DA:22,0
DA:26,0
DA:27,0
DA:34,0
DA:35,0
DA:39,0
DA:40,0
DA:44,0
DA:45,0
LF:18
LH:0
BRF:0
BRH:0
end_of_record
TN:
SF:src\payroll-taxes.service.ts
FN:4,(anonymous_1)
FN:26,(anonymous_2)
FN:27,(anonymous_3)
FN:38,(anonymous_4)
FN:63,(anonymous_5)
FNF:5
FNH:5
FNDA:12,(anonymous_1)
FNDA:8,(anonymous_2)
FNDA:54,(anonymous_3)
FNDA:6,(anonymous_4)
FNDA:2,(anonymous_5)
DA:1,2
DA:4,2
DA:6,12
DA:21,12
DA:27,54
DA:28,8
DA:30,7
DA:31,7
DA:32,7
DA:39,6
DA:40,6
DA:43,6
DA:44,6
DA:45,1
DA:49,6
DA:52,6
DA:55,6
DA:57,6
DA:65,2
LF:19
LH:19
BRDA:28,0,0,1
BRDA:44,1,0,1
BRF:2
BRH:2
end_of_record
TN:
SF:src\payroll-xml.service.ts
FN:9,(anonymous_2)
FN:14,(anonymous_3)
FN:114,(anonymous_4)
FN:114,(anonymous_5)
FN:128,(anonymous_6)
FN:128,(anonymous_7)
FNF:6
FNH:0
FNDA:0,(anonymous_2)
FNDA:0,(anonymous_3)
FNDA:0,(anonymous_4)
FNDA:0,(anonymous_5)
FNDA:0,(anonymous_6)
FNDA:0,(anonymous_7)
DA:1,0
DA:2,0
DA:3,0
DA:6,0
DA:7,0
DA:9,0
DA:15,0
DA:24,0
DA:26,0
DA:27,0
DA:28,0
DA:31,0
DA:32,0
DA:34,0
DA:54,0
DA:60,0
DA:68,0
DA:69,0
DA:81,0
DA:92,0
DA:96,0
DA:110,0
DA:114,0
DA:115,0
DA:125,0
DA:128,0
DA:129,0
DA:137,0
LF:28
LH:0
BRDA:24,0,0,0
BRDA:28,1,0,0
BRDA:51,2,0,0
BRDA:51,2,1,0
BRDA:57,3,0,0
BRDA:57,3,1,0
BRDA:63,4,0,0
BRDA:63,4,1,0
BRDA:93,5,0,0
BRDA:93,5,1,0
BRF:10
BRH:0
end_of_record
TN:
SF:src\payroll.controller.ts
FN:7,(anonymous_4)
FN:13,(anonymous_5)
FN:22,(anonymous_6)
FN:46,(anonymous_7)
FN:55,(anonymous_8)
FN:87,(anonymous_9)
FN:125,(anonymous_10)
FN:160,(anonymous_11)
FN:194,(anonymous_12)
FN:212,(anonymous_13)
FN:241,(anonymous_14)
FNF:11
FNH:0
FNDA:0,(anonymous_4)
FNDA:0,(anonymous_5)
FNDA:0,(anonymous_6)
FNDA:0,(anonymous_7)
FNDA:0,(anonymous_8)
FNDA:0,(anonymous_9)
FNDA:0,(anonymous_10)
FNDA:0,(anonymous_11)
FNDA:0,(anonymous_12)
FNDA:0,(anonymous_13)
FNDA:0,(anonymous_14)
DA:1,0
DA:2,0
DA:3,0
DA:6,0
DA:8,0
DA:9,0
DA:13,0
DA:14,0
DA:22,0
DA:23,0
DA:24,0
DA:25,0
DA:36,0
DA:38,0
DA:40,0
DA:41,0
DA:46,0
DA:47,0
DA:55,0
DA:56,0
DA:57,0
DA:59,0
DA:66,0
DA:68,0
DA:69,0
DA:70,0
DA:71,0
DA:73,0
DA:87,0
DA:88,0
DA:90,0
DA:91,0
DA:92,0
DA:94,0
DA:95,0
DA:96,0
DA:98,0
DA:119,0
DA:121,0
DA:125,0
DA:126,0
DA:130,0
DA:132,0
DA:133,0
DA:135,0
DA:156,0
DA:160,0
DA:161,0
DA:165,0
DA:167,0
DA:185,0
DA:188,0
DA:190,0
DA:194,0
DA:195,0
DA:197,0
DA:198,0
DA:200,0
DA:210,0
DA:212,0
DA:220,0
DA:240,0
DA:241,0
DA:245,0
DA:247,0
LF:65
LH:0
BRDA:28,0,0,0
BRDA:28,0,1,0
BRDA:29,1,0,0
BRDA:29,1,1,0
BRDA:30,2,0,0
BRDA:30,2,1,0
BRDA:31,3,0,0
BRDA:31,3,1,0
BRDA:57,4,0,0
BRDA:66,5,0,0
BRDA:69,6,0,0
BRDA:69,6,1,0
BRDA:71,7,0,0
BRDA:71,7,1,0
BRDA:87,8,0,0
BRDA:87,8,1,0
BRDA:88,9,0,0
BRDA:88,9,1,0
BRDA:101,10,0,0
BRDA:101,10,1,0
BRDA:130,11,0,0
BRDA:137,12,0,0
BRDA:137,12,1,0
BRDA:137,13,0,0
BRDA:137,13,1,0
BRDA:138,14,0,0
BRDA:138,14,1,0
BRDA:138,15,0,0
BRDA:138,15,1,0
BRDA:138,16,0,0
BRDA:138,16,1,0
BRDA:144,17,0,0
BRDA:144,17,1,0
BRDA:144,18,0,0
BRDA:144,18,1,0
BRDA:144,19,0,0
BRDA:144,19,1,0
BRDA:165,20,0,0
BRDA:172,21,0,0
BRDA:172,21,1,0
BRDA:173,22,0,0
BRDA:173,22,1,0
BRDA:173,23,0,0
BRDA:173,23,1,0
BRDA:210,24,0,0
BRF:45
BRH:0
end_of_record
TN:
SF:src\payroll.service.ts
FN:9,(anonymous_2)
FN:17,(anonymous_3)
FN:45,(anonymous_4)
FNF:3
FNH:3
FNDA:9,(anonymous_2)
FNDA:2,(anonymous_3)
FNDA:9,(anonymous_4)
DA:1,1
DA:2,1
DA:3,1
DA:6,1
DA:7,9
DA:10,9
DA:11,9
DA:18,2
DA:23,2
DA:26,1
DA:28,1
DA:32,1
DA:33,2
DA:36,1
DA:46,9
DA:47,9
DA:49,9
DA:52,7
DA:53,7
DA:55,7
DA:56,7
DA:59,7
DA:60,7
DA:62,7
DA:64,7
DA:65,7
DA:68,7
LF:27
LH:27
BRDA:23,0,0,1
BRDA:49,1,0,2
BRDA:49,2,0,9
BRDA:49,2,1,8
BRF:4
BRH:4
end_of_record
TN:
SF:src\prisma.service.ts
FN:6,(anonymous_1)
FNF:1
FNH:0
FNDA:0,(anonymous_1)
DA:1,12
DA:2,12
DA:5,12
DA:7,0
LF:4
LH:3
BRF:0
BRH:0
end_of_record
TN:
SF:src\products.controller.ts
FN:6,(anonymous_2)
FN:9,(anonymous_3)
FN:18,(anonymous_4)
FNF:3
FNH:0
FNDA:0,(anonymous_2)
FNDA:0,(anonymous_3)
FNDA:0,(anonymous_4)
DA:1,0
DA:2,0
DA:5,0
DA:6,0
DA:9,0
DA:10,0
DA:18,0
DA:19,0
DA:20,0
DA:25,0
LF:10
LH:0
BRDA:27,0,0,0
BRDA:27,0,1,0
BRF:2
BRH:0
end_of_record
TN:
SF:src\reconciliation.controller.ts
FN:8,(anonymous_4)
FN:14,(anonymous_5)
FN:40,(anonymous_6)
FN:82,(anonymous_7)
FN:90,(anonymous_8)
FN:111,(anonymous_9)
FN:114,(anonymous_10)
FN:129,(anonymous_11)
FN:145,(anonymous_12)
FN:155,(anonymous_13)
FNF:10
FNH:0
FNDA:0,(anonymous_4)
FNDA:0,(anonymous_5)
FNDA:0,(anonymous_6)
FNDA:0,(anonymous_7)
FNDA:0,(anonymous_8)
FNDA:0,(anonymous_9)
FNDA:0,(anonymous_10)
FNDA:0,(anonymous_11)
FNDA:0,(anonymous_12)
FNDA:0,(anonymous_13)
DA:1,0
DA:2,0
DA:4,0
DA:7,0
DA:9,0
DA:10,0
DA:14,0
DA:18,0
DA:19,0
DA:21,0
DA:22,0
DA:33,0
DA:36,0
DA:40,0
DA:45,0
DA:48,0
DA:49,0
DA:52,0
DA:57,0
DA:59,0
DA:60,0
DA:61,0
DA:62,0
DA:63,0
DA:66,0
DA:82,0
DA:83,0
DA:85,0
DA:87,0
DA:90,0
DA:95,0
DA:96,0
DA:100,0
DA:107,0
DA:111,0
DA:112,0
DA:114,0
DA:116,0
DA:124,0
DA:129,0
DA:131,0
DA:145,0
DA:146,0
DA:148,0
DA:153,0
DA:155,0
DA:157,0
DA:185,0
DA:190,0
LF:49
LH:0
BRDA:18,0,0,0
BRDA:18,0,1,0
BRDA:29,1,0,0
BRDA:29,1,1,0
BRDA:43,2,0,0
BRDA:49,3,0,0
BRDA:49,3,1,0
BRDA:85,4,0,0
BRDA:96,5,0,0
BRDA:153,6,0,0
BRDA:162,7,0,0
BRDA:162,7,1,0
BRDA:163,8,0,0
BRDA:163,8,1,0
BRDA:168,9,0,0
BRDA:168,9,1,0
BRDA:169,10,0,0
BRDA:169,10,1,0
BRDA:170,11,0,0
BRDA:170,11,1,0
BRDA:175,12,0,0
BRDA:175,12,1,0
BRDA:176,13,0,0
BRDA:176,13,1,0
BRF:24
BRH:0
end_of_record
TN:
SF:src\reports.controller.ts
FN:8,applyHeaderStyle
FN:17,applyTotalStyle
FN:23,fmtMoney
FN:27,addCompanyHeader
FN:53,(anonymous_8)
FN:58,(anonymous_9)
FN:70,(anonymous_10)
FN:72,(anonymous_11)
FN:73,(anonymous_12)
FN:75,(anonymous_13)
FN:76,(anonymous_14)
FN:78,(anonymous_15)
FN:79,(anonymous_16)
FN:80,(anonymous_17)
FN:94,(anonymous_18)
FN:98,(anonymous_19)
FN:112,(anonymous_20)
FN:113,(anonymous_21)
FN:122,(anonymous_22)
FN:149,(anonymous_23)
FN:183,(anonymous_24)
FN:209,(anonymous_25)
FN:215,(anonymous_26)
FN:216,(anonymous_27)
FN:218,(anonymous_28)
FN:219,(anonymous_29)
FN:221,(anonymous_30)
FN:222,(anonymous_31)
FN:223,(anonymous_32)
FN:237,(anonymous_33)
FN:249,(anonymous_34)
FN:291,(anonymous_35)
FN:307,(anonymous_36)
FN:356,(anonymous_37)
FN:370,(anonymous_38)
FN:425,(anonymous_39)
FN:425,(anonymous_40)
FN:426,(anonymous_41)
FN:426,(anonymous_42)
FN:434,(anonymous_43)
FN:440,(anonymous_44)
FNF:41
FNH:12
FNDA:0,applyHeaderStyle
FNDA:0,applyTotalStyle
FNDA:0,fmtMoney
FNDA:0,addCompanyHeader
FNDA:8,(anonymous_8)
FNDA:4,(anonymous_9)
FNDA:3,(anonymous_10)
FNDA:5,(anonymous_11)
FNDA:4,(anonymous_12)
FNDA:5,(anonymous_13)
FNDA:4,(anonymous_14)
FNDA:5,(anonymous_15)
FNDA:1,(anonymous_16)
FNDA:1,(anonymous_17)
FNDA:3,(anonymous_18)
FNDA:0,(anonymous_19)
FNDA:0,(anonymous_20)
FNDA:0,(anonymous_21)
FNDA:0,(anonymous_22)
FNDA:0,(anonymous_23)
FNDA:0,(anonymous_24)
FNDA:0,(anonymous_25)
FNDA:0,(anonymous_26)
FNDA:0,(anonymous_27)
FNDA:0,(anonymous_28)
FNDA:0,(anonymous_29)
FNDA:0,(anonymous_30)
FNDA:0,(anonymous_31)
FNDA:0,(anonymous_32)
FNDA:0,(anonymous_33)
FNDA:0,(anonymous_34)
FNDA:0,(anonymous_35)
FNDA:0,(anonymous_36)
FNDA:0,(anonymous_37)
FNDA:0,(anonymous_38)
FNDA:0,(anonymous_39)
FNDA:0,(anonymous_40)
FNDA:0,(anonymous_41)
FNDA:0,(anonymous_42)
FNDA:0,(anonymous_43)
FNDA:4,(anonymous_44)
DA:1,1
DA:3,1
DA:4,1
DA:9,0
DA:10,0
DA:11,0
DA:12,0
DA:18,0
DA:19,0
DA:20,0
DA:24,0
DA:28,0
DA:29,0
DA:30,0
DA:31,0
DA:32,0
DA:34,0
DA:35,0
DA:36,0
DA:37,0
DA:38,0
DA:40,0
DA:41,0
DA:42,0
DA:43,0
DA:44,0
DA:46,0
DA:52,1
DA:53,8
DA:58,1
DA:59,4
DA:60,4
DA:61,4
DA:62,4
DA:64,4
DA:70,4
DA:71,3
DA:72,5
DA:73,4
DA:74,3
DA:75,5
DA:76,4
DA:78,5
DA:79,3
DA:80,3
DA:81,3
DA:83,3
DA:87,3
DA:94,3
DA:98,1
DA:99,0
DA:100,0
DA:101,0
DA:102,0
DA:104,0
DA:109,0
DA:111,0
DA:112,0
DA:113,0
DA:122,1
DA:123,0
DA:128,0
DA:129,0
DA:130,0
DA:131,0
DA:132,0
DA:133,0
DA:135,0
DA:149,1
DA:150,0
DA:156,0
DA:157,0
DA:158,0
DA:159,0
DA:160,0
DA:161,0
DA:163,0
DA:183,1
DA:184,0
DA:185,0
DA:191,0
DA:192,0
DA:193,0
DA:194,0
DA:196,0
DA:197,0
DA:198,0
DA:200,0
DA:206,0
DA:208,0
DA:209,0
DA:210,0
DA:212,0
DA:213,0
DA:214,0
DA:215,0
DA:216,0
DA:217,0
DA:218,0
DA:219,0
DA:221,0
DA:222,0
DA:223,0
DA:224,0
DA:226,0
DA:227,0
DA:229,0
DA:230,0
DA:231,0
DA:232,0
DA:233,0
DA:236,0
DA:237,0
DA:238,0
DA:239,0
DA:240,0
DA:242,0
DA:243,0
DA:244,0
DA:245,0
DA:249,1
DA:250,0
DA:251,0
DA:257,0
DA:258,0
DA:259,0
DA:260,0
DA:261,0
DA:262,0
DA:263,0
DA:265,0
DA:266,0
DA:267,0
DA:268,0
DA:270,0
DA:271,0
DA:272,0
DA:274,0
DA:287,0
DA:288,0
DA:289,0
DA:290,0
DA:291,0
DA:292,0
DA:293,0
DA:294,0
DA:295,0
DA:296,0
DA:300,0
DA:301,0
DA:302,0
DA:303,0
DA:307,1
DA:308,0
DA:309,0
DA:316,0
DA:317,0
DA:318,0
DA:319,0
DA:320,0
DA:321,0
DA:322,0
DA:324,0
DA:325,0
DA:326,0
DA:328,0
DA:330,0
DA:344,0
DA:345,0
DA:346,0
DA:347,0
DA:348,0
DA:350,0
DA:351,0
DA:352,0
DA:355,0
DA:356,0
DA:357,0
DA:358,0
DA:361,0
DA:362,0
DA:363,0
DA:364,0
DA:370,1
DA:371,0
DA:372,0
DA:375,0
DA:376,0
DA:377,0
DA:378,0
DA:380,0
DA:401,0
DA:402,0
DA:406,0
DA:415,0
DA:416,0
DA:418,0
DA:425,0
DA:426,0
DA:427,0
DA:429,0
DA:434,0
DA:440,1
DA:441,4
DA:442,4
DA:443,4
DA:444,4
DA:446,4
DA:461,4
DA:462,4
DA:463,4
DA:465,4
DA:466,4
DA:467,4
DA:468,4
DA:470,4
LF:216
LH:46
BRDA:8,0,0,0
BRDA:59,1,0,4
BRDA:59,1,1,0
BRDA:60,2,0,4
BRDA:60,2,1,0
BRDA:72,3,0,5
BRDA:72,3,1,4
BRDA:75,4,0,5
BRDA:75,4,1,4
BRDA:81,5,0,2
BRDA:81,5,1,1
BRDA:83,6,0,2
BRDA:83,6,1,1
BRDA:94,7,0,3
BRDA:94,7,1,1
BRDA:94,7,2,1
BRDA:99,8,0,0
BRDA:99,8,1,0
BRDA:100,9,0,0
BRDA:100,9,1,0
BRDA:109,10,0,0
BRDA:112,11,0,0
BRDA:112,11,1,0
BRDA:128,12,0,0
BRDA:128,12,1,0
BRDA:129,13,0,0
BRDA:129,13,1,0
BRDA:130,14,0,0
BRDA:130,14,1,0
BRDA:130,15,0,0
BRDA:130,15,1,0
BRDA:130,16,0,0
BRDA:130,16,1,0
BRDA:130,17,0,0
BRDA:130,17,1,0
BRDA:133,18,0,0
BRDA:133,18,1,0
BRDA:156,19,0,0
BRDA:156,19,1,0
BRDA:157,20,0,0
BRDA:157,20,1,0
BRDA:158,21,0,0
BRDA:158,21,1,0
BRDA:159,22,0,0
BRDA:159,22,1,0
BRDA:191,23,0,0
BRDA:191,23,1,0
BRDA:192,24,0,0
BRDA:192,24,1,0
BRDA:206,25,0,0
BRDA:206,25,1,0
BRDA:215,26,0,0
BRDA:215,26,1,0
BRDA:218,27,0,0
BRDA:218,27,1,0
BRDA:224,28,0,0
BRDA:224,28,1,0
BRDA:226,29,0,0
BRDA:226,29,1,0
BRDA:227,30,0,0
BRDA:227,31,0,0
BRDA:227,31,1,0
BRDA:227,31,2,0
BRDA:237,32,0,0
BRDA:257,33,0,0
BRDA:257,33,1,0
BRDA:258,34,0,0
BRDA:258,34,1,0
BRDA:259,35,0,0
BRDA:259,35,1,0
BRDA:259,36,0,0
BRDA:259,36,1,0
BRDA:259,37,0,0
BRDA:259,37,1,0
BRDA:259,38,0,0
BRDA:259,38,1,0
BRDA:262,39,0,0
BRDA:262,39,1,0
BRDA:270,40,0,0
BRDA:270,40,1,0
BRDA:271,41,0,0
BRDA:271,41,1,0
BRDA:272,42,0,0
BRDA:272,42,1,0
BRDA:290,43,0,0
BRDA:290,43,1,0
BRDA:293,44,0,0
BRDA:316,45,0,0
BRDA:316,45,1,0
BRDA:317,46,0,0
BRDA:317,46,1,0
BRDA:318,47,0,0
BRDA:318,47,1,0
BRDA:320,48,0,0
BRDA:320,48,1,0
BRDA:322,49,0,0
BRDA:322,49,1,0
BRDA:328,50,0,0
BRDA:328,50,1,0
BRDA:401,51,0,0
BRDA:401,51,1,0
BRDA:402,52,0,0
BRDA:402,52,1,0
BRDA:403,53,0,0
BRDA:403,53,1,0
BRDA:404,54,0,0
BRDA:404,54,1,0
BRDA:433,55,0,0
BRDA:433,55,1,0
BRDA:434,56,0,0
BRDA:434,56,1,0
BRDA:441,57,0,4
BRDA:441,57,1,0
BRDA:442,58,0,4
BRDA:442,58,1,0
BRDA:461,59,0,4
BRDA:461,59,1,1
BRDA:462,60,0,4
BRDA:462,60,1,1
BRDA:465,61,0,4
BRDA:465,61,1,1
BRDA:466,62,0,4
BRDA:466,62,1,1
BRDA:466,63,0,4
BRDA:466,63,1,1
BRDA:466,64,0,4
BRDA:466,64,1,2
BRF:127
BRH:27
end_of_record
TN:
SF:src\sat-compliance.service.ts
FN:13,(anonymous_2)
FN:18,(anonymous_3)
FN:23,(anonymous_4)
FN:43,(anonymous_5)
FN:49,(anonymous_6)
FN:56,(anonymous_7)
FN:57,(anonymous_8)
FN:68,(anonymous_9)
FNF:8
FNH:0
FNDA:0,(anonymous_2)
FNDA:0,(anonymous_3)
FNDA:0,(anonymous_4)
FNDA:0,(anonymous_5)
FNDA:0,(anonymous_6)
FNDA:0,(anonymous_7)
FNDA:0,(anonymous_8)
FNDA:0,(anonymous_9)
DA:1,0
DA:2,0
DA:5,0
DA:6,0
DA:9,0
DA:13,0
DA:19,0
DA:23,0
DA:24,0
DA:25,0
DA:37,0
DA:44,0
DA:49,0
DA:50,0
DA:53,0
DA:56,0
DA:57,0
DA:69,0
LF:18
LH:0
BRDA:24,0,0,0
BRDA:24,0,1,0
BRDA:29,1,0,0
BRDA:29,1,1,0
BRDA:30,2,0,0
BRDA:30,2,1,0
BRDA:31,3,0,0
BRDA:31,3,1,0
BRDA:50,4,0,0
BRDA:50,4,1,0
BRF:10
BRH:0
end_of_record
TN:
SF:src\sat-exports.controller.ts
FN:12,(anonymous_4)
FN:18,(anonymous_5)
FN:39,(anonymous_6)
FN:62,(anonymous_7)
FNF:4
FNH:0
FNDA:0,(anonymous_4)
FNDA:0,(anonymous_5)
FNDA:0,(anonymous_6)
FNDA:0,(anonymous_7)
DA:1,0
DA:3,0
DA:8,0
DA:11,0
DA:13,0
DA:14,0
DA:18,0
DA:24,0
DA:25,0
DA:27,0
DA:28,0
DA:30,0
DA:35,0
DA:39,0
DA:46,0
DA:47,0
DA:48,0
DA:50,0
DA:51,0
DA:53,0
DA:58,0
DA:62,0
DA:71,0
DA:72,0
DA:73,0
DA:75,0
DA:76,0
DA:78,0
DA:83,0
LF:29
LH:0
BRDA:24,0,0,0
BRDA:24,0,1,0
BRDA:25,1,0,0
BRDA:25,1,1,0
BRDA:46,2,0,0
BRDA:46,2,1,0
BRDA:47,3,0,0
BRDA:47,3,1,0
BRDA:48,4,0,0
BRDA:48,4,1,0
BRDA:71,5,0,0
BRDA:71,5,1,0
BRDA:72,6,0,0
BRDA:72,6,1,0
BRDA:73,7,0,0
BRDA:73,7,1,0
BRF:16
BRH:0
end_of_record
TN:
SF:src\sat-sync.controller.ts
FN:6,(anonymous_4)
FN:9,(anonymous_5)
FN:52,(anonymous_6)
FNF:3
FNH:0
FNDA:0,(anonymous_4)
FNDA:0,(anonymous_5)
FNDA:0,(anonymous_6)
DA:1,0
DA:2,0
DA:5,0
DA:6,0
DA:9,0
DA:10,0
DA:11,0
DA:12,0
DA:15,0
DA:16,0
DA:19,0
DA:20,0
DA:21,0
DA:29,0
DA:36,0
DA:38,0
DA:40,0
DA:41,0
DA:42,0
DA:43,0
DA:45,0
DA:46,0
DA:47,0
DA:48,0
DA:51,0
DA:52,0
DA:54,0
DA:56,0
DA:80,0
DA:82,0
LF:30
LH:0
BRDA:11,0,0,0
BRDA:11,1,0,0
BRDA:11,1,1,0
BRDA:16,2,0,0
BRDA:63,3,0,0
BRDA:63,3,1,0
BRDA:64,4,0,0
BRDA:64,4,1,0
BRDA:65,5,0,0
BRDA:65,5,1,0
BRDA:66,6,0,0
BRDA:66,6,1,0
BRF:12
BRH:0
end_of_record
TN:
SF:src\sat-xml.service.ts
FN:10,(anonymous_2)
FN:15,(anonymous_3)
FN:57,(anonymous_4)
FN:86,(anonymous_5)
FN:90,(anonymous_6)
FN:91,(anonymous_7)
FN:94,(anonymous_8)
FN:95,(anonymous_9)
FN:96,(anonymous_10)
FN:124,(anonymous_11)
FN:214,(anonymous_12)
FNF:11
FNH:0
FNDA:0,(anonymous_2)
FNDA:0,(anonymous_3)
FNDA:0,(anonymous_4)
FNDA:0,(anonymous_5)
FNDA:0,(anonymous_6)
FNDA:0,(anonymous_7)
FNDA:0,(anonymous_8)
FNDA:0,(anonymous_9)
FNDA:0,(anonymous_10)
FNDA:0,(anonymous_11)
FNDA:0,(anonymous_12)
DA:1,0
DA:2,0
DA:3,0
DA:4,0
DA:7,0
DA:8,0
DA:10,0
DA:16,0
DA:17,0
DA:22,0
DA:23,0
DA:24,0
DA:26,0
DA:37,0
DA:38,0
DA:47,0
DA:58,0
DA:59,0
DA:65,0
DA:66,0
DA:67,0
DA:69,0
DA:81,0
DA:82,0
DA:84,0
DA:86,0
DA:87,0
DA:88,0
DA:90,0
DA:91,0
DA:94,0
DA:95,0
DA:96,0
DA:97,0
DA:99,0
DA:101,0
DA:105,0
DA:114,0
DA:125,0
DA:126,0
DA:127,0
DA:128,0
DA:130,0
DA:131,0
DA:133,0
DA:143,0
DA:157,0
DA:158,0
DA:164,0
DA:165,0
DA:174,0
DA:175,0
DA:185,0
DA:186,0
DA:187,0
DA:189,0
DA:204,0
DA:215,0
DA:216,0
DA:217,0
LF:60
LH:0
BRDA:22,0,0,0
BRDA:22,0,1,0
BRDA:39,1,0,0
BRDA:39,1,1,0
BRDA:43,2,0,0
BRDA:43,2,1,0
BRDA:57,3,0,0
BRDA:65,4,0,0
BRDA:65,4,1,0
BRDA:88,5,0,0
BRDA:88,5,1,0
BRDA:97,6,0,0
BRDA:97,6,1,0
BRDA:99,7,0,0
BRDA:99,8,0,0
BRDA:99,8,1,0
BRDA:99,8,2,0
BRDA:101,9,0,0
BRDA:101,9,1,0
BRDA:124,10,0,0
BRDA:128,11,0,0
BRDA:128,11,1,0
BRDA:166,12,0,0
BRDA:166,12,1,0
BRDA:167,13,0,0
BRDA:167,13,1,0
BRDA:168,14,0,0
BRDA:168,14,1,0
BRDA:176,15,0,0
BRDA:176,15,1,0
BRDA:185,16,0,0
BRDA:187,17,0,0
BRF:32
BRH:0
end_of_record
TN:
SF:src\sat.controller.ts
FN:6,(anonymous_4)
FN:9,(anonymous_5)
FN:14,(anonymous_6)
FN:21,(anonymous_7)
FNF:4
FNH:0
FNDA:0,(anonymous_4)
FNDA:0,(anonymous_5)
FNDA:0,(anonymous_6)
FNDA:0,(anonymous_7)
DA:1,0
DA:2,0
DA:5,0
DA:6,0
DA:9,0
DA:10,0
DA:14,0
DA:15,0
DA:16,0
DA:17,0
DA:21,0
DA:22,0
DA:23,0
LF:13
LH:0
BRDA:15,0,0,0
BRDA:17,1,0,0
BRDA:17,1,1,0
BRDA:22,2,0,0
BRF:4
BRH:0
end_of_record
TN:
SF:src\sat.service.ts
FN:9,(anonymous_2)
FN:15,(anonymous_3)
FN:21,(anonymous_4)
FN:22,(anonymous_5)
FN:24,(anonymous_6)
FN:25,(anonymous_7)
FN:68,(anonymous_8)
FN:78,(anonymous_9)
FN:80,(anonymous_10)
FN:108,(anonymous_11)
FN:116,(anonymous_12)
FN:129,(anonymous_13)
FNF:12
FNH:4
FNDA:10,(anonymous_2)
FNDA:0,(anonymous_3)
FNDA:0,(anonymous_4)
FNDA:0,(anonymous_5)
FNDA:0,(anonymous_6)
FNDA:0,(anonymous_7)
FNDA:0,(anonymous_8)
FNDA:0,(anonymous_9)
FNDA:0,(anonymous_10)
FNDA:4,(anonymous_11)
FNDA:6,(anonymous_12)
FNDA:10,(anonymous_13)
DA:1,3
DA:2,3
DA:3,3
DA:6,3
DA:7,10
DA:9,10
DA:17,0
DA:19,0
DA:21,0
DA:22,0
DA:23,0
DA:24,0
DA:25,0
DA:26,0
DA:27,0
DA:28,0
DA:30,0
DA:32,0
DA:33,0
DA:34,0
DA:36,0
DA:37,0
DA:39,0
DA:40,0
DA:41,0
DA:43,0
DA:44,0
DA:54,0
DA:59,0
DA:61,0
DA:62,0
DA:64,0
DA:65,0
DA:69,0
DA:70,0
DA:79,0
DA:80,0
DA:83,0
DA:84,0
DA:85,0
DA:86,0
DA:94,0
DA:95,0
DA:96,0
DA:97,0
DA:109,4
DA:110,3
DA:117,6
DA:128,6
DA:129,10
DA:131,6
DA:134,6
DA:135,7
DA:136,7
DA:137,3
DA:150,6
DA:151,2
DA:152,2
DA:153,2
DA:165,6
DA:166,6
LF:61
LH:22
BRDA:17,0,0,0
BRDA:17,0,1,0
BRDA:34,1,0,0
BRDA:37,2,0,0
BRDA:41,3,0,0
BRDA:41,3,1,0
BRDA:43,4,0,0
BRDA:43,5,0,0
BRDA:43,5,1,0
BRDA:85,6,0,0
BRDA:96,7,0,0
BRDA:109,8,0,1
BRDA:136,9,0,3
BRDA:136,10,0,7
BRDA:136,10,1,5
BRDA:152,11,0,2
BRDA:152,12,0,2
BRDA:152,12,1,2
BRF:18
BRH:7
end_of_record
TN:
SF:src\segments.controller.ts
FN:6,(anonymous_4)
FN:9,(anonymous_5)
FN:18,(anonymous_6)
FN:28,(anonymous_7)
FN:37,(anonymous_8)
FNF:5
FNH:0
FNDA:0,(anonymous_4)
FNDA:0,(anonymous_5)
FNDA:0,(anonymous_6)
FNDA:0,(anonymous_7)
FNDA:0,(anonymous_8)
DA:1,0
DA:2,0
DA:5,0
DA:6,0
DA:9,0
DA:10,0
DA:11,0
DA:18,0
DA:19,0
DA:20,0
DA:22,0
DA:28,0
DA:29,0
DA:30,0
DA:37,0
DA:39,0
DA:40,0
DA:42,0
LF:18
LH:0
BRDA:10,0,0,0
BRDA:20,1,0,0
BRDA:20,2,0,0
BRDA:20,2,1,0
BRDA:20,2,2,0
BRDA:40,3,0,0
BRF:6
BRH:0
end_of_record
TN:
SF:src\statement-parser.service.ts
FN:13,(anonymous_1)
FN:19,(anonymous_2)
FN:80,(anonymous_3)
FNF:3
FNH:0
FNDA:0,(anonymous_1)
FNDA:0,(anonymous_2)
FNDA:0,(anonymous_3)
DA:1,0
DA:3,0
DA:13,0
DA:14,0
DA:20,0
DA:22,0
DA:24,0
DA:31,0
DA:33,0
DA:35,0
DA:36,0
DA:37,0
DA:40,0
DA:43,0
DA:44,0
DA:45,0
DA:46,0
DA:47,0
DA:48,0
DA:52,0
DA:53,0
DA:54,0
DA:55,0
DA:56,0
DA:59,0
DA:60,0
DA:61,0
DA:62,0
DA:65,0
DA:66,0
DA:67,0
DA:70,0
DA:73,0
DA:75,0
DA:76,0
DA:82,0
DA:83,0
DA:84,0
DA:85,0
DA:86,0
DA:88,0
LF:41
LH:0
BRDA:19,0,0,0
BRDA:22,1,0,0
BRDA:22,1,1,0
BRDA:40,2,0,0
BRDA:40,2,1,0
BRDA:40,2,2,0
BRDA:45,3,0,0
BRDA:45,3,1,0
BRDA:46,4,0,0
BRDA:46,4,1,0
BRDA:47,5,0,0
BRDA:47,5,1,0
BRDA:65,6,0,0
BRDA:82,7,0,0
BRDA:84,8,0,0
BRDA:85,9,0,0
BRF:16
BRH:0
end_of_record
TN:
SF:src\suppliers.controller.ts
FN:6,(anonymous_4)
FN:9,(anonymous_5)
FN:23,(anonymous_6)
FN:28,(anonymous_7)
FNF:4
FNH:0
FNDA:0,(anonymous_4)
FNDA:0,(anonymous_5)
FNDA:0,(anonymous_6)
FNDA:0,(anonymous_7)
DA:1,0
DA:2,0
DA:5,0
DA:6,0
DA:9,0
DA:10,0
DA:23,0
DA:24,0
DA:28,0
DA:29,0
LF:10
LH:0
BRF:0
BRH:0
end_of_record
TN:
SF:src\tax-engine.service.ts
FN:9,(anonymous_2)
FN:14,(anonymous_3)
FNF:2
FNH:2
FNDA:5,(anonymous_2)
FNDA:6,(anonymous_3)
DA:1,1
DA:2,1
DA:3,1
DA:6,1
DA:7,5
DA:9,5
DA:15,6
DA:16,6
DA:18,5
DA:19,5
DA:20,5
DA:22,4
DA:23,4
DA:25,4
DA:26,4
DA:27,4
DA:28,4
DA:29,4
DA:30,4
DA:31,4
DA:32,4
DA:35,4
DA:36,4
DA:40,4
DA:41,4
DA:42,4
DA:43,4
DA:44,4
DA:46,4
DA:47,0
DA:48,0
DA:54,4
DA:55,1
DA:59,1
DA:60,2
DA:61,2
DA:62,2
DA:64,2
DA:65,2
DA:70,4
DA:92,1
DA:93,1
LF:42
LH:40
BRDA:16,0,0,1
BRDA:35,1,0,4
BRDA:35,2,0,4
BRDA:35,2,1,4
BRDA:36,3,0,0
BRDA:36,3,1,4
BRDA:41,4,0,4
BRDA:41,4,1,0
BRDA:43,5,0,4
BRDA:43,5,1,0
BRDA:44,6,0,4
BRDA:44,6,1,0
BRDA:46,7,0,4
BRDA:46,7,1,0
BRDA:47,8,0,0
BRDA:47,8,1,0
BRDA:47,9,0,0
BRDA:47,9,1,0
BRDA:48,10,0,0
BRDA:54,11,0,1
BRDA:54,12,0,4
BRDA:54,12,1,4
BRDA:55,13,0,1
BRDA:55,13,1,0
BRDA:60,14,0,2
BRDA:60,14,1,0
BRDA:62,15,0,2
BRDA:62,15,1,0
BRDA:64,16,0,1
BRDA:64,17,0,2
BRDA:64,17,1,1
BRDA:65,18,0,1
BRDA:65,19,0,2
BRDA:65,19,1,1
BRDA:71,20,0,4
BRDA:71,20,1,4
BRDA:86,21,0,3
BRDA:86,21,1,1
BRDA:87,22,0,3
BRDA:87,22,1,1
BRF:40
BRH:27
end_of_record
TN:
SF:src\tax.controller.ts
FN:6,(anonymous_4)
FN:9,(anonymous_5)
FNF:2
FNH:0
FNDA:0,(anonymous_4)
FNDA:0,(anonymous_5)
DA:1,0
DA:2,0
DA:5,0
DA:6,0
DA:9,0
DA:10,0
DA:12,0
DA:13,0
DA:16,0
DA:17,0
DA:23,0
DA:32,0
DA:33,0
DA:34,0
DA:36,0
DA:39,0
DA:40,0
DA:41,0
DA:45,0
DA:54,0
DA:55,0
DA:57,0
DA:58,0
DA:59,0
DA:62,0
DA:63,0
DA:64,0
DA:67,0
DA:68,0
DA:70,0
DA:71,0
DA:73,0
LF:32
LH:0
BRDA:10,0,0,0
BRDA:10,1,0,0
BRDA:10,1,1,0
BRDA:10,1,2,0
BRF:4
BRH:0
end_of_record
TN:
SF:src\templates.controller.ts
FN:6,(anonymous_4)
FN:9,(anonymous_5)
FN:18,(anonymous_6)
FN:32,(anonymous_7)
FN:53,(anonymous_8)
FNF:5
FNH:0
FNDA:0,(anonymous_4)
FNDA:0,(anonymous_5)
FNDA:0,(anonymous_6)
FNDA:0,(anonymous_7)
FNDA:0,(anonymous_8)
DA:1,0
DA:2,0
DA:5,0
DA:6,0
DA:9,0
DA:10,0
DA:18,0
DA:19,0
DA:20,0
DA:32,0
DA:33,0
DA:36,0
DA:40,0
DA:53,0
DA:54,0
LF:15
LH:0
BRF:0
BRH:0
end_of_record
TN:
SF:src\treasury.controller.ts
FN:6,(anonymous_4)
FN:9,(anonymous_5)
FN:26,(anonymous_6)
FN:38,(anonymous_7)
FNF:4
FNH:0
FNDA:0,(anonymous_4)
FNDA:0,(anonymous_5)
FNDA:0,(anonymous_6)
FNDA:0,(anonymous_7)
DA:1,0
DA:2,0
DA:5,0
DA:6,0
DA:9,0
DA:10,0
DA:13,0
DA:19,0
DA:24,0
DA:26,0
DA:27,0
DA:38,0
DA:39,0
DA:50,0
LF:14
LH:0
BRDA:10,0,0,0
BRDA:33,1,0,0
BRDA:33,1,1,0
BRDA:45,2,0,0
BRDA:45,2,1,0
BRF:5
BRH:0
end_of_record
TN:
SF:src\xml-sat.controller.ts
FN:13,getAttr
FN:17,parseXml
FN:18,(anonymous_6)
FN:19,(anonymous_7)
FN:26,extractCfdiData
FN:72,validateUuidSat
FN:78,(anonymous_10)
FN:99,(anonymous_11)
FN:101,(anonymous_12)
FN:102,(anonymous_13)
FN:108,(anonymous_14)
FN:109,(anonymous_15)
FN:122,(anonymous_16)
FN:128,(anonymous_17)
FN:139,(anonymous_18)
FN:180,(anonymous_19)
FN:213,(anonymous_20)
FN:230,(anonymous_21)
FN:235,(anonymous_22)
FN:253,(anonymous_23)
FN:315,(anonymous_24)
FNF:21
FNH:0
FNDA:0,getAttr
FNDA:0,parseXml
FNDA:0,(anonymous_6)
FNDA:0,(anonymous_7)
FNDA:0,extractCfdiData
FNDA:0,validateUuidSat
FNDA:0,(anonymous_10)
FNDA:0,(anonymous_11)
FNDA:0,(anonymous_12)
FNDA:0,(anonymous_13)
FNDA:0,(anonymous_14)
FNDA:0,(anonymous_15)
FNDA:0,(anonymous_16)
FNDA:0,(anonymous_17)
FNDA:0,(anonymous_18)
FNDA:0,(anonymous_19)
FNDA:0,(anonymous_20)
FNDA:0,(anonymous_21)
FNDA:0,(anonymous_22)
FNDA:0,(anonymous_23)
FNDA:0,(anonymous_24)
DA:1,0
DA:5,0
DA:6,0
DA:7,0
DA:8,0
DA:9,0
DA:14,0
DA:18,0
DA:19,0
DA:20,0
DA:21,0
DA:27,0
DA:28,0
DA:30,0
DA:31,0
DA:32,0
DA:33,0
DA:34,0
DA:36,0
DA:37,0
DA:38,0
DA:39,0
DA:41,0
DA:42,0
DA:43,0
DA:45,0
DA:78,0
DA:79,0
DA:80,0
DA:89,0
DA:98,0
DA:99,0
DA:100,0
DA:101,0
DA:102,0
DA:103,0
DA:104,0
DA:105,0
DA:108,0
DA:109,0
DA:110,0
DA:111,0
DA:113,0
DA:121,0
DA:123,0
DA:124,0
DA:128,0
DA:129,0
DA:139,0
DA:143,0
DA:145,0
DA:147,0
DA:148,0
DA:150,0
DA:153,0
DA:156,0
DA:160,0
DA:161,0
DA:165,0
DA:166,0
DA:168,0
DA:180,0
DA:184,0
DA:186,0
DA:187,0
DA:189,0
DA:190,0
DA:191,0
DA:192,0
DA:193,0
DA:195,0
DA:198,0
DA:200,0
DA:203,0
DA:205,0
DA:209,0
DA:213,0
DA:214,0
DA:215,0
DA:216,0
DA:218,0
DA:225,0
DA:226,0
DA:230,0
DA:231,0
DA:235,0
DA:236,0
DA:238,0
DA:239,0
DA:241,0
DA:242,0
DA:243,0
DA:244,0
DA:246,0
DA:250,0
DA:254,0
DA:255,0
DA:256,0
DA:259,0
DA:266,0
DA:270,0
DA:272,0
DA:274,0
DA:275,0
DA:276,0
DA:277,0
DA:279,0
DA:284,0
DA:285,0
DA:286,0
DA:289,0
DA:290,0
DA:293,0
DA:308,0
DA:315,0
DA:316,0
DA:317,0
DA:320,0
DA:324,0
DA:325,0
DA:336,0
DA:353,0
DA:355,0
LF:123
LH:0
BRDA:14,0,0,0
BRDA:14,0,1,0
BRDA:14,0,2,0
BRDA:20,1,0,0
BRDA:20,1,1,0
BRDA:27,2,0,0
BRDA:27,2,1,0
BRDA:28,3,0,0
BRDA:30,4,0,0
BRDA:30,4,1,0
BRDA:31,5,0,0
BRDA:31,5,1,0
BRDA:31,5,2,0
BRDA:32,6,0,0
BRDA:32,6,1,0
BRDA:32,6,2,0
BRDA:33,7,0,0
BRDA:33,7,1,0
BRDA:33,7,2,0
BRDA:34,8,0,0
BRDA:34,8,1,0
BRDA:34,8,2,0
BRDA:36,9,0,0
BRDA:36,9,1,0
BRDA:36,9,2,0
BRDA:37,10,0,0
BRDA:37,10,1,0
BRDA:37,10,2,0
BRDA:38,11,0,0
BRDA:38,11,1,0
BRDA:38,11,2,0
BRDA:41,12,0,0
BRDA:41,12,1,0
BRDA:42,13,0,0
BRDA:42,13,1,0
BRDA:43,14,0,0
BRDA:43,14,1,0
BRDA:47,15,0,0
BRDA:47,15,1,0
BRDA:47,15,2,0
BRDA:49,16,0,0
BRDA:49,16,1,0
BRDA:49,16,2,0
BRDA:50,17,0,0
BRDA:50,17,1,0
BRDA:50,17,2,0
BRDA:51,18,0,0
BRDA:51,18,1,0
BRDA:51,18,2,0
BRDA:52,19,0,0
BRDA:52,19,1,0
BRDA:52,19,2,0
BRDA:53,20,0,0
BRDA:53,20,1,0
BRDA:53,20,2,0
BRDA:54,21,0,0
BRDA:54,21,1,0
BRDA:54,21,2,0
BRDA:59,22,0,0
BRDA:59,22,1,0
BRDA:59,22,2,0
BRDA:60,23,0,0
BRDA:60,23,1,0
BRDA:60,23,2,0
BRDA:61,24,0,0
BRDA:61,24,1,0
BRDA:61,24,2,0
BRDA:62,25,0,0
BRDA:62,25,1,0
BRDA:62,25,2,0
BRDA:63,26,0,0
BRDA:63,26,1,0
BRDA:63,26,2,0
BRDA:64,27,0,0
BRDA:64,27,1,0
BRDA:64,27,2,0
BRDA:103,28,0,0
BRDA:103,28,1,0
BRDA:104,29,0,0
BRDA:104,29,1,0
BRDA:130,30,0,0
BRDA:130,30,1,0
BRDA:143,31,0,0
BRDA:156,32,0,0
BRDA:156,32,1,0
BRDA:160,33,0,0
BRDA:160,34,0,0
BRDA:160,34,1,0
BRDA:166,35,0,0
BRDA:166,35,1,0
BRDA:173,36,0,0
BRDA:173,36,1,0
BRDA:184,37,0,0
BRDA:195,38,0,0
BRDA:195,38,1,0
BRDA:198,39,0,0
BRDA:198,40,0,0
BRDA:198,40,1,0
BRDA:201,41,0,0
BRDA:201,41,1,0
BRDA:215,42,0,0
BRDA:216,43,0,0
BRDA:236,44,0,0
BRDA:255,45,0,0
BRDA:256,46,0,0
BRDA:267,47,0,0
BRDA:267,47,1,0
BRDA:270,48,0,0
BRDA:270,48,1,0
BRDA:274,49,0,0
BRDA:274,49,1,0
BRDA:275,50,0,0
BRDA:276,51,0,0
BRDA:277,52,0,0
BRDA:284,53,0,0
BRDA:285,54,0,0
BRDA:286,55,0,0
BRDA:289,56,0,0
BRDA:296,57,0,0
BRDA:296,57,1,0
BRDA:298,58,0,0
BRDA:298,58,1,0
BRDA:298,59,0,0
BRDA:298,59,1,0
BRDA:299,60,0,0
BRDA:299,60,1,0
BRDA:317,61,0,0
BRDA:324,62,0,0
BRDA:328,63,0,0
BRDA:328,63,1,0
BRDA:338,64,0,0
BRDA:338,64,1,0
BRDA:338,64,2,0
BRF:133
BRH:0
end_of_record
TN:
SF:src\ia\ia.controller.ts
FN:6,(anonymous_4)
FN:9,(anonymous_5)
FN:28,(anonymous_6)
FN:34,(anonymous_7)
FNF:4
FNH:0
FNDA:0,(anonymous_4)
FNDA:0,(anonymous_5)
FNDA:0,(anonymous_6)
FNDA:0,(anonymous_7)
DA:1,0
DA:2,0
DA:5,0
DA:6,0
DA:9,0
DA:12,0
DA:13,0
DA:14,0
DA:17,0
DA:18,0
DA:20,0
DA:28,0
DA:29,0
DA:30,0
DA:34,0
DA:35,0
DA:36,0
LF:17
LH:0
BRDA:13,0,0,0
BRDA:13,1,0,0
BRDA:13,1,1,0
BRDA:18,2,0,0
BRDA:18,2,1,0
BRDA:21,3,0,0
BRDA:21,3,1,0
BRDA:29,4,0,0
BRDA:35,5,0,0
BRF:9
BRH:0
end_of_record
TN:
SF:src\ia\ia.module.ts
FNF:0
FNH:0
DA:1,0
DA:2,0
DA:3,0
DA:4,0
DA:5,0
DA:11,0
LF:6
LH:0
BRF:0
BRH:0
end_of_record
TN:
SF:src\ia\ia.service.ts
FN:39,offlineResponse
FN:41,(anonymous_3)
FN:42,(anonymous_4)
FN:51,(anonymous_5)
FN:56,(anonymous_6)
FN:63,(anonymous_7)
FN:64,(anonymous_8)
FN:65,(anonymous_9)
FN:66,(anonymous_10)
FN:67,(anonymous_11)
FN:68,(anonymous_12)
FN:99,(anonymous_13)
FN:128,(anonymous_14)
FN:154,(anonymous_15)
FN:164,(anonymous_16)
FNF:15
FNH:8
FNDA:7,offlineResponse
FNDA:25,(anonymous_3)
FNDA:86,(anonymous_4)
FNDA:10,(anonymous_5)
FNDA:8,(anonymous_6)
FNDA:0,(anonymous_7)
FNDA:0,(anonymous_8)
FNDA:0,(anonymous_9)
FNDA:0,(anonymous_10)
FNDA:0,(anonymous_11)
FNDA:1,(anonymous_12)
FNDA:0,(anonymous_13)
FNDA:1,(anonymous_14)
FNDA:1,(anonymous_15)
FNDA:0,(anonymous_16)
DA:1,1
DA:2,1
DA:3,1
DA:5,1
DA:8,1
DA:40,7
DA:41,7
DA:42,86
DA:44,7
DA:45,1
DA:50,1
DA:52,10
DA:53,10
DA:57,8
DA:61,8
DA:63,0
DA:64,0
DA:65,0
DA:66,0
DA:67,0
DA:68,1
DA:71,8
DA:73,7
DA:74,7
DA:75,7
DA:77,7
DA:78,7
DA:81,0
DA:96,0
DA:99,0
DA:108,0
DA:114,0
DA:117,0
DA:118,0
DA:119,0
DA:120,0
DA:122,0
DA:125,0
DA:129,1
DA:130,1
DA:132,0
DA:133,0
DA:138,0
DA:139,0
DA:141,0
DA:142,0
DA:147,0
DA:148,0
DA:150,0
DA:155,1
DA:156,1
DA:158,0
DA:159,0
DA:164,0
DA:165,0
DA:166,0
DA:171,0
DA:172,0
DA:173,0
DA:174,0
DA:175,0
DA:177,0
LF:62
LH:26
BRDA:44,0,0,6
BRDA:71,1,0,1
BRDA:73,2,0,7
BRDA:73,2,1,0
BRDA:74,3,0,7
BRDA:74,3,1,0
BRDA:75,4,0,7
BRDA:75,4,1,0
BRDA:77,5,0,7
BRDA:78,6,0,7
BRDA:78,6,1,0
BRDA:91,7,0,0
BRDA:91,7,1,0
BRDA:100,8,0,0
BRDA:100,8,1,0
BRDA:117,9,0,0
BRDA:118,10,0,0
BRDA:120,11,0,0
BRDA:120,11,1,0
BRDA:130,12,0,1
BRDA:138,13,0,0
BRDA:138,13,1,0
BRDA:139,14,0,0
BRDA:139,14,1,0
BRDA:148,15,0,0
BRDA:148,15,1,0
BRDA:156,16,0,1
BRDA:172,17,0,0
BRDA:173,18,0,0
BRDA:173,18,1,0
BRF:30
BRH:9
end_of_record
